{
  "stats": {
    "suites": 20,
    "tests": 120,
    "passes": 119,
    "pending": 0,
    "failures": 1,
    "start": "2020-09-03T16:01:21.584Z",
    "end": "2020-09-03T16:01:21.584Z",
    "duration": 75246,
    "testsRegistered": 120,
    "passPercent": 99.16666666666667,
    "pendingPercent": 0,
    "other": 0,
    "hasOther": false,
    "skipped": 0,
    "hasSkipped": false
  },
  "results": [
    {
      "uuid": "4cabfb4d-1747-4e56-bf97-25ce125ba115",
      "title": "",
      "fullFile": "cypress/integration/examples/aliasing.spec.js",
      "file": "cypress/integration/examples/aliasing.spec.js",
      "beforeHooks": [],
      "afterHooks": [],
      "tests": [],
      "suites": [
        {
          "uuid": "6e567287-30a0-4e36-a5e3-388aadf69c05",
          "title": "Aliasing",
          "fullFile": "",
          "file": "",
          "beforeHooks": [],
          "afterHooks": [],
          "tests": [
            {
              "title": ".as() - alias a DOM element for later use",
              "fullTitle": "Aliasing .as() - alias a DOM element for later use",
              "timedOut": null,
              "duration": 644,
              "state": "passed",
              "speed": "slow",
              "pass": true,
              "fail": false,
              "pending": false,
              "context": null,
              "code": "// https://on.cypress.io/as\n// Alias a DOM element for use later\n// We don't have to traverse to the element\n// later in our code, we reference it with @\ncy.get('.as-table').find('tbody>tr')\n    .first().find('td').first()\n    .find('button').as('firstBtn');\n// when we reference the alias, we place an\n// @ in front of its name\ncy.get('@firstBtn').click();\ncy.get('@firstBtn')\n    .should('have.class', 'btn-success')\n    .and('contain', 'Changed');",
              "err": {},
              "uuid": "d5aa286b-2521-469c-bc9f-e006f5c1c3ac",
              "parentUUID": "6e567287-30a0-4e36-a5e3-388aadf69c05",
              "isHook": false,
              "skipped": false
            },
            {
              "title": ".as() - alias a route for later use",
              "fullTitle": "Aliasing .as() - alias a route for later use",
              "timedOut": null,
              "duration": 964,
              "state": "passed",
              "speed": "slow",
              "pass": true,
              "fail": false,
              "pending": false,
              "context": null,
              "code": "// Alias the route to wait for its response\ncy.server();\ncy.route('GET', 'comments/*').as('getComment');\n// we have code that gets a comment when\n// the button is clicked in scripts.js\ncy.get('.network-btn').click();\n// https://on.cypress.io/wait\ncy.wait('@getComment').its('status').should('eq', 200);",
              "err": {},
              "uuid": "54c7c337-b311-4191-8d7a-719e421f7125",
              "parentUUID": "6e567287-30a0-4e36-a5e3-388aadf69c05",
              "isHook": false,
              "skipped": false
            }
          ],
          "suites": [],
          "passes": [
            "d5aa286b-2521-469c-bc9f-e006f5c1c3ac",
            "54c7c337-b311-4191-8d7a-719e421f7125"
          ],
          "failures": [],
          "pending": [],
          "skipped": [],
          "duration": 1608,
          "root": false,
          "rootEmpty": false,
          "_timeout": 2000
        }
      ],
      "passes": [],
      "failures": [],
      "pending": [],
      "skipped": [],
      "duration": 0,
      "root": true,
      "rootEmpty": true,
      "_timeout": 2000
    },
    {
      "uuid": "9c85d23b-bd06-45f6-bb6e-0ac4ae865b7b",
      "title": "",
      "fullFile": "cypress/integration/examples/assertions.spec.js",
      "file": "cypress/integration/examples/assertions.spec.js",
      "beforeHooks": [],
      "afterHooks": [],
      "tests": [],
      "suites": [
        {
          "uuid": "f3e683fd-fdc6-4326-b79d-eb24e1e0795d",
          "title": "Assertions",
          "fullFile": "",
          "file": "",
          "beforeHooks": [],
          "afterHooks": [],
          "tests": [],
          "suites": [
            {
              "uuid": "20bff360-61be-4379-ad2d-66b0093e4650",
              "title": "Implicit Assertions",
              "fullFile": "",
              "file": "",
              "beforeHooks": [],
              "afterHooks": [],
              "tests": [
                {
                  "title": ".should() - make an assertion about the current subject",
                  "fullTitle": "Assertions Implicit Assertions .should() - make an assertion about the current subject",
                  "timedOut": null,
                  "duration": 550,
                  "state": "passed",
                  "speed": "slow",
                  "pass": true,
                  "fail": false,
                  "pending": false,
                  "context": null,
                  "code": "// https://on.cypress.io/should\ncy.get('.assertion-table')\n    .find('tbody tr:last')\n    .should('have.class', 'success')\n    .find('td')\n    .first()\n    // checking the text of the <td> element in various ways\n    .should('have.text', 'Column content')\n    .should('contain', 'Column content')\n    .should('have.html', 'Column content')\n    // chai-jquery uses \"is()\" to check if element matches selector\n    .should('match', 'td')\n    // to match text content against a regular expression\n    // first need to invoke jQuery method text()\n    // and then match using regular expression\n    .invoke('text')\n    .should('match', /column content/i);\n// a better way to check element's text content against a regular expression\n// is to use \"cy.contains\"\n// https://on.cypress.io/contains\ncy.get('.assertion-table')\n    .find('tbody tr:last')\n    // finds first <td> element with text content matching regular expression\n    .contains('td', /column content/i)\n    .should('be.visible');\n// for more information about asserting element's text\n// see https://on.cypress.io/using-cypress-faq#How-do-I-get-an-element’s-text-contents",
                  "err": {},
                  "uuid": "2db4e7c0-e01b-474e-b0f9-6dc0690e4ebe",
                  "parentUUID": "20bff360-61be-4379-ad2d-66b0093e4650",
                  "isHook": false,
                  "skipped": false
                },
                {
                  "title": ".and() - chain multiple assertions together",
                  "fullTitle": "Assertions Implicit Assertions .and() - chain multiple assertions together",
                  "timedOut": null,
                  "duration": 222,
                  "state": "passed",
                  "speed": "slow",
                  "pass": true,
                  "fail": false,
                  "pending": false,
                  "context": null,
                  "code": "// https://on.cypress.io/and\ncy.get('.assertions-link')\n    .should('have.class', 'active')\n    .and('have.attr', 'href')\n    .and('include', 'cypress.io');",
                  "err": {},
                  "uuid": "5d99ede1-f69d-46ae-98a7-3c05cf35859d",
                  "parentUUID": "20bff360-61be-4379-ad2d-66b0093e4650",
                  "isHook": false,
                  "skipped": false
                }
              ],
              "suites": [],
              "passes": [
                "2db4e7c0-e01b-474e-b0f9-6dc0690e4ebe",
                "5d99ede1-f69d-46ae-98a7-3c05cf35859d"
              ],
              "failures": [],
              "pending": [],
              "skipped": [],
              "duration": 772,
              "root": false,
              "rootEmpty": false,
              "_timeout": 2000
            },
            {
              "uuid": "be98cca2-21b5-4375-b222-d5cec6fbc758",
              "title": "Explicit Assertions",
              "fullFile": "",
              "file": "",
              "beforeHooks": [],
              "afterHooks": [],
              "tests": [
                {
                  "title": "expect - make an assertion about a specified subject",
                  "fullTitle": "Assertions Explicit Assertions expect - make an assertion about a specified subject",
                  "timedOut": null,
                  "duration": 173,
                  "state": "passed",
                  "speed": "slow",
                  "pass": true,
                  "fail": false,
                  "pending": false,
                  "context": null,
                  "code": "// We can use Chai's BDD style assertions\nexpect(true).to.be[\"true\"];\nvar o = { foo: 'bar' };\nexpect(o).to.equal(o);\nexpect(o).to.deep.equal({ foo: 'bar' });\n// matching text using regular expression\nexpect('FooBar').to.match(/bar$/i);",
                  "err": {},
                  "uuid": "4eb1efef-298b-4f3e-9170-e9bc54065638",
                  "parentUUID": "be98cca2-21b5-4375-b222-d5cec6fbc758",
                  "isHook": false,
                  "skipped": false
                },
                {
                  "title": "pass your own callback function to should()",
                  "fullTitle": "Assertions Explicit Assertions pass your own callback function to should()",
                  "timedOut": null,
                  "duration": 197,
                  "state": "passed",
                  "speed": "slow",
                  "pass": true,
                  "fail": false,
                  "pending": false,
                  "context": null,
                  "code": "// Pass a function to should that can have any number\n// of explicit assertions within it.\n// The \".should(cb)\" function will be retried\n// automatically until it passes all your explicit assertions or times out.\ncy.get('.assertions-p')\n    .find('p')\n    .should(function ($p) {\n    // https://on.cypress.io/$\n    // return an array of texts from all of the p's\n    // @ts-ignore TS6133 unused variable\n    var texts = $p.map(function (i, el) { return Cypress.$(el).text(); });\n    // jquery map returns jquery object\n    // and .get() convert this to simple array\n    var paragraphs = texts.get();\n    // array should have length of 3\n    expect(paragraphs, 'has 3 paragraphs').to.have.length(3);\n    // use second argument to expect(...) to provide clear\n    // message with each assertion\n    expect(paragraphs, 'has expected text in each paragraph').to.deep.eq([\n        'Some text from first p',\n        'More text from second p',\n        'And even more text from third p',\n    ]);\n});",
                  "err": {},
                  "uuid": "aa8c4e92-d3f5-4797-8a75-8ae5ea9ee80b",
                  "parentUUID": "be98cca2-21b5-4375-b222-d5cec6fbc758",
                  "isHook": false,
                  "skipped": false
                },
                {
                  "title": "finds element by class name regex",
                  "fullTitle": "Assertions Explicit Assertions finds element by class name regex",
                  "timedOut": null,
                  "duration": 164,
                  "state": "passed",
                  "speed": "slow",
                  "pass": true,
                  "fail": false,
                  "pending": false,
                  "context": null,
                  "code": "cy.get('.docs-header')\n    .find('div')\n    // .should(cb) callback function will be retried\n    .should(function ($div) {\n    expect($div).to.have.length(1);\n    var className = $div[0].className;\n    expect(className).to.match(/heading-/);\n})\n    // .then(cb) callback is not retried,\n    // it either passes or fails\n    .then(function ($div) {\n    expect($div, 'text content').to.have.text('Introduction');\n});",
                  "err": {},
                  "uuid": "b8e82c03-5fc7-4a05-9a09-4d0de9dbd622",
                  "parentUUID": "be98cca2-21b5-4375-b222-d5cec6fbc758",
                  "isHook": false,
                  "skipped": false
                },
                {
                  "title": "can throw any error",
                  "fullTitle": "Assertions Explicit Assertions can throw any error",
                  "timedOut": null,
                  "duration": 182,
                  "state": "passed",
                  "speed": "slow",
                  "pass": true,
                  "fail": false,
                  "pending": false,
                  "context": null,
                  "code": "cy.get('.docs-header')\n    .find('div')\n    .should(function ($div) {\n    if ($div.length !== 1) {\n        // you can throw your own errors\n        throw new Error('Did not find 1 element');\n    }\n    var className = $div[0].className;\n    if (!className.match(/heading-/)) {\n        throw new Error(\"Could not find class \\\"heading-\\\" in \" + className);\n    }\n});",
                  "err": {},
                  "uuid": "bb4cc5e8-2bab-489f-be54-c1874f444561",
                  "parentUUID": "be98cca2-21b5-4375-b222-d5cec6fbc758",
                  "isHook": false,
                  "skipped": false
                },
                {
                  "title": "matches unknown text between two elements",
                  "fullTitle": "Assertions Explicit Assertions matches unknown text between two elements",
                  "timedOut": null,
                  "duration": 201,
                  "state": "passed",
                  "speed": "slow",
                  "pass": true,
                  "fail": false,
                  "pending": false,
                  "context": null,
                  "code": "/**\n * Text from the first element.\n * @type {string}\n*/\nvar text;\n/**\n * Normalizes passed text,\n * useful before comparing text with spaces and different capitalization.\n * @param {string} s Text to normalize\n*/\nvar normalizeText = function (s) { return s.replace(/\\s/g, '').toLowerCase(); };\ncy.get('.two-elements')\n    .find('.first')\n    .then(function ($first) {\n    // save text from the first element\n    text = normalizeText($first.text());\n});\ncy.get('.two-elements')\n    .find('.second')\n    .should(function ($div) {\n    // we can massage text before comparing\n    var secondText = normalizeText($div.text());\n    expect(secondText, 'second text').to.equal(text);\n});",
                  "err": {},
                  "uuid": "2f49c55c-882a-40b1-b2d6-2bcca7c4ba64",
                  "parentUUID": "be98cca2-21b5-4375-b222-d5cec6fbc758",
                  "isHook": false,
                  "skipped": false
                },
                {
                  "title": "assert - assert shape of an object",
                  "fullTitle": "Assertions Explicit Assertions assert - assert shape of an object",
                  "timedOut": null,
                  "duration": 195,
                  "state": "passed",
                  "speed": "slow",
                  "pass": true,
                  "fail": false,
                  "pending": false,
                  "context": null,
                  "code": "var person = {\n    name: 'Joe',\n    age: 20\n};\nassert.isObject(person, 'value is object');",
                  "err": {},
                  "uuid": "5f2d01dd-499a-49e5-b2a0-56bb6bfb2785",
                  "parentUUID": "be98cca2-21b5-4375-b222-d5cec6fbc758",
                  "isHook": false,
                  "skipped": false
                },
                {
                  "title": "retries the should callback until assertions pass",
                  "fullTitle": "Assertions Explicit Assertions retries the should callback until assertions pass",
                  "timedOut": null,
                  "duration": 1640,
                  "state": "passed",
                  "speed": "slow",
                  "pass": true,
                  "fail": false,
                  "pending": false,
                  "context": null,
                  "code": "cy.get('#random-number')\n    .should(function ($div) {\n    var n = parseFloat($div.text());\n    expect(n).to.be.gte(1).and.be.lte(10);\n});",
                  "err": {},
                  "uuid": "ceaa4998-b817-4a03-8363-9aea9f6a6f85",
                  "parentUUID": "be98cca2-21b5-4375-b222-d5cec6fbc758",
                  "isHook": false,
                  "skipped": false
                }
              ],
              "suites": [],
              "passes": [
                "4eb1efef-298b-4f3e-9170-e9bc54065638",
                "aa8c4e92-d3f5-4797-8a75-8ae5ea9ee80b",
                "b8e82c03-5fc7-4a05-9a09-4d0de9dbd622",
                "bb4cc5e8-2bab-489f-be54-c1874f444561",
                "2f49c55c-882a-40b1-b2d6-2bcca7c4ba64",
                "5f2d01dd-499a-49e5-b2a0-56bb6bfb2785",
                "ceaa4998-b817-4a03-8363-9aea9f6a6f85"
              ],
              "failures": [],
              "pending": [],
              "skipped": [],
              "duration": 2752,
              "root": false,
              "rootEmpty": false,
              "_timeout": 2000
            }
          ],
          "passes": [],
          "failures": [],
          "pending": [],
          "skipped": [],
          "duration": 0,
          "root": false,
          "rootEmpty": false,
          "_timeout": 2000
        }
      ],
      "passes": [],
      "failures": [],
      "pending": [],
      "skipped": [],
      "duration": 0,
      "root": true,
      "rootEmpty": true,
      "_timeout": 2000
    },
    {
      "uuid": "537bb76b-f6fa-4ced-bc18-ea41575c5081",
      "title": "",
      "fullFile": "cypress/integration/examples/connectors.spec.js",
      "file": "cypress/integration/examples/connectors.spec.js",
      "beforeHooks": [],
      "afterHooks": [],
      "tests": [],
      "suites": [
        {
          "uuid": "cebab16c-6d70-4621-a112-37b491fa1ed5",
          "title": "Connectors",
          "fullFile": "",
          "file": "",
          "beforeHooks": [],
          "afterHooks": [],
          "tests": [
            {
              "title": ".each() - iterate over an array of elements",
              "fullTitle": "Connectors .each() - iterate over an array of elements",
              "timedOut": null,
              "duration": 515,
              "state": "passed",
              "speed": "slow",
              "pass": true,
              "fail": false,
              "pending": false,
              "context": null,
              "code": "// https://on.cypress.io/each\ncy.get('.connectors-each-ul>li')\n    .each(function ($el, index, $list) {\n    console.log($el, index, $list);\n});",
              "err": {},
              "uuid": "69bd0080-61d1-42e0-93e6-863393ce673b",
              "parentUUID": "cebab16c-6d70-4621-a112-37b491fa1ed5",
              "isHook": false,
              "skipped": false
            },
            {
              "title": ".its() - get properties on the current subject",
              "fullTitle": "Connectors .its() - get properties on the current subject",
              "timedOut": null,
              "duration": 191,
              "state": "passed",
              "speed": "slow",
              "pass": true,
              "fail": false,
              "pending": false,
              "context": null,
              "code": "// https://on.cypress.io/its\ncy.get('.connectors-its-ul>li')\n    // calls the 'length' property yielding that value\n    .its('length')\n    .should('be.gt', 2);",
              "err": {},
              "uuid": "47b55c07-44e4-464e-b7d6-ef179de46057",
              "parentUUID": "cebab16c-6d70-4621-a112-37b491fa1ed5",
              "isHook": false,
              "skipped": false
            },
            {
              "title": ".invoke() - invoke a function on the current subject",
              "fullTitle": "Connectors .invoke() - invoke a function on the current subject",
              "timedOut": null,
              "duration": 163,
              "state": "passed",
              "speed": "slow",
              "pass": true,
              "fail": false,
              "pending": false,
              "context": null,
              "code": "// our div is hidden in our script.js\n// $('.connectors-div').hide()\n// https://on.cypress.io/invoke\ncy.get('.connectors-div').should('be.hidden')\n    // call the jquery method 'show' on the 'div.container'\n    .invoke('show')\n    .should('be.visible');",
              "err": {},
              "uuid": "5e683a0f-881c-449a-a748-b11d06719376",
              "parentUUID": "cebab16c-6d70-4621-a112-37b491fa1ed5",
              "isHook": false,
              "skipped": false
            },
            {
              "title": ".spread() - spread an array as individual args to callback function",
              "fullTitle": "Connectors .spread() - spread an array as individual args to callback function",
              "timedOut": null,
              "duration": 177,
              "state": "passed",
              "speed": "slow",
              "pass": true,
              "fail": false,
              "pending": false,
              "context": null,
              "code": "// https://on.cypress.io/spread\nvar arr = ['foo', 'bar', 'baz'];\ncy.wrap(arr).spread(function (foo, bar, baz) {\n    expect(foo).to.eq('foo');\n    expect(bar).to.eq('bar');\n    expect(baz).to.eq('baz');\n});",
              "err": {},
              "uuid": "589dd489-8206-4bb0-a499-e273bb50d239",
              "parentUUID": "cebab16c-6d70-4621-a112-37b491fa1ed5",
              "isHook": false,
              "skipped": false
            }
          ],
          "suites": [
            {
              "uuid": "c0b24671-7d2f-475d-b148-0dfeab45dd58",
              "title": ".then()",
              "fullFile": "",
              "file": "",
              "beforeHooks": [],
              "afterHooks": [],
              "tests": [
                {
                  "title": "invokes a callback function with the current subject",
                  "fullTitle": "Connectors .then() invokes a callback function with the current subject",
                  "timedOut": null,
                  "duration": 181,
                  "state": "passed",
                  "speed": "slow",
                  "pass": true,
                  "fail": false,
                  "pending": false,
                  "context": null,
                  "code": "// https://on.cypress.io/then\ncy.get('.connectors-list > li')\n    .then(function ($lis) {\n    expect($lis, '3 items').to.have.length(3);\n    expect($lis.eq(0), 'first item').to.contain('Walk the dog');\n    expect($lis.eq(1), 'second item').to.contain('Feed the cat');\n    expect($lis.eq(2), 'third item').to.contain('Write JavaScript');\n});",
                  "err": {},
                  "uuid": "b8bf6f30-2139-4960-94c1-0f5ab5344f52",
                  "parentUUID": "c0b24671-7d2f-475d-b148-0dfeab45dd58",
                  "isHook": false,
                  "skipped": false
                },
                {
                  "title": "yields the returned value to the next command",
                  "fullTitle": "Connectors .then() yields the returned value to the next command",
                  "timedOut": null,
                  "duration": 180,
                  "state": "passed",
                  "speed": "slow",
                  "pass": true,
                  "fail": false,
                  "pending": false,
                  "context": null,
                  "code": "cy.wrap(1)\n    .then(function (num) {\n    expect(num).to.equal(1);\n    return 2;\n})\n    .then(function (num) {\n    expect(num).to.equal(2);\n});",
                  "err": {},
                  "uuid": "f434df60-133f-4cd9-a1b2-3642bd381585",
                  "parentUUID": "c0b24671-7d2f-475d-b148-0dfeab45dd58",
                  "isHook": false,
                  "skipped": false
                },
                {
                  "title": "yields the original subject without return",
                  "fullTitle": "Connectors .then() yields the original subject without return",
                  "timedOut": null,
                  "duration": 190,
                  "state": "passed",
                  "speed": "slow",
                  "pass": true,
                  "fail": false,
                  "pending": false,
                  "context": null,
                  "code": "cy.wrap(1)\n    .then(function (num) {\n    expect(num).to.equal(1);\n    // note that nothing is returned from this callback\n})\n    .then(function (num) {\n    // this callback receives the original unchanged value 1\n    expect(num).to.equal(1);\n});",
                  "err": {},
                  "uuid": "3fa74847-f4d8-4d10-80c4-65185f158d06",
                  "parentUUID": "c0b24671-7d2f-475d-b148-0dfeab45dd58",
                  "isHook": false,
                  "skipped": false
                },
                {
                  "title": "yields the value yielded by the last Cypress command inside",
                  "fullTitle": "Connectors .then() yields the value yielded by the last Cypress command inside",
                  "timedOut": null,
                  "duration": 185,
                  "state": "passed",
                  "speed": "slow",
                  "pass": true,
                  "fail": false,
                  "pending": false,
                  "context": null,
                  "code": "cy.wrap(1)\n    .then(function (num) {\n    expect(num).to.equal(1);\n    // note how we run a Cypress command\n    // the result yielded by this Cypress command\n    // will be passed to the second \".then\"\n    cy.wrap(2);\n})\n    .then(function (num) {\n    // this callback receives the value yielded by \"cy.wrap(2)\"\n    expect(num).to.equal(2);\n});",
                  "err": {},
                  "uuid": "7641a21d-c1a0-4e51-8786-71046506ad92",
                  "parentUUID": "c0b24671-7d2f-475d-b148-0dfeab45dd58",
                  "isHook": false,
                  "skipped": false
                }
              ],
              "suites": [],
              "passes": [
                "b8bf6f30-2139-4960-94c1-0f5ab5344f52",
                "f434df60-133f-4cd9-a1b2-3642bd381585",
                "3fa74847-f4d8-4d10-80c4-65185f158d06",
                "7641a21d-c1a0-4e51-8786-71046506ad92"
              ],
              "failures": [],
              "pending": [],
              "skipped": [],
              "duration": 736,
              "root": false,
              "rootEmpty": false,
              "_timeout": 2000
            }
          ],
          "passes": [
            "69bd0080-61d1-42e0-93e6-863393ce673b",
            "47b55c07-44e4-464e-b7d6-ef179de46057",
            "5e683a0f-881c-449a-a748-b11d06719376",
            "589dd489-8206-4bb0-a499-e273bb50d239"
          ],
          "failures": [],
          "pending": [],
          "skipped": [],
          "duration": 1046,
          "root": false,
          "rootEmpty": false,
          "_timeout": 2000
        }
      ],
      "passes": [],
      "failures": [],
      "pending": [],
      "skipped": [],
      "duration": 0,
      "root": true,
      "rootEmpty": true,
      "_timeout": 2000
    },
    {
      "uuid": "0748af0c-8b6e-41c9-9c6b-464313763eec",
      "title": "",
      "fullFile": "cypress/integration/examples/cookies.spec.js",
      "file": "cypress/integration/examples/cookies.spec.js",
      "beforeHooks": [],
      "afterHooks": [],
      "tests": [],
      "suites": [
        {
          "uuid": "d2baf2aa-4686-489f-ba11-e5d87dca3a39",
          "title": "Cookies",
          "fullFile": "",
          "file": "",
          "beforeHooks": [],
          "afterHooks": [],
          "tests": [
            {
              "title": "cy.getCookie() - get a browser cookie",
              "fullTitle": "Cookies cy.getCookie() - get a browser cookie",
              "timedOut": null,
              "duration": 934,
              "state": "passed",
              "speed": "slow",
              "pass": true,
              "fail": false,
              "pending": false,
              "context": null,
              "code": "// https://on.cypress.io/getcookie\ncy.get('#getCookie .set-a-cookie').click();\n// cy.getCookie() yields a cookie object\ncy.getCookie('token').should('have.property', 'value', '123ABC');",
              "err": {},
              "uuid": "81cc1b93-a8c6-46cd-822a-469393ef3c1b",
              "parentUUID": "d2baf2aa-4686-489f-ba11-e5d87dca3a39",
              "isHook": false,
              "skipped": false
            },
            {
              "title": "cy.getCookies() - get browser cookies",
              "fullTitle": "Cookies cy.getCookies() - get browser cookies",
              "timedOut": null,
              "duration": 303,
              "state": "passed",
              "speed": "slow",
              "pass": true,
              "fail": false,
              "pending": false,
              "context": null,
              "code": "// https://on.cypress.io/getcookies\ncy.getCookies().should('be.empty');\ncy.get('#getCookies .set-a-cookie').click();\n// cy.getCookies() yields an array of cookies\ncy.getCookies().should('have.length', 1).should(function (cookies) {\n    // each cookie has these properties\n    expect(cookies[0]).to.have.property('name', 'token');\n    expect(cookies[0]).to.have.property('value', '123ABC');\n    expect(cookies[0]).to.have.property('httpOnly', false);\n    expect(cookies[0]).to.have.property('secure', false);\n    expect(cookies[0]).to.have.property('domain');\n    expect(cookies[0]).to.have.property('path');\n});",
              "err": {},
              "uuid": "e4db1de9-300b-421e-9ee7-929bc0a1c8e5",
              "parentUUID": "d2baf2aa-4686-489f-ba11-e5d87dca3a39",
              "isHook": false,
              "skipped": false
            },
            {
              "title": "cy.setCookie() - set a browser cookie",
              "fullTitle": "Cookies cy.setCookie() - set a browser cookie",
              "timedOut": null,
              "duration": 199,
              "state": "passed",
              "speed": "slow",
              "pass": true,
              "fail": false,
              "pending": false,
              "context": null,
              "code": "// https://on.cypress.io/setcookie\ncy.getCookies().should('be.empty');\ncy.setCookie('foo', 'bar');\n// cy.getCookie() yields a cookie object\ncy.getCookie('foo').should('have.property', 'value', 'bar');",
              "err": {},
              "uuid": "890fb8d8-9580-4d1d-8d74-ab3ccba1b3e2",
              "parentUUID": "d2baf2aa-4686-489f-ba11-e5d87dca3a39",
              "isHook": false,
              "skipped": false
            },
            {
              "title": "cy.clearCookie() - clear a browser cookie",
              "fullTitle": "Cookies cy.clearCookie() - clear a browser cookie",
              "timedOut": null,
              "duration": 305,
              "state": "passed",
              "speed": "slow",
              "pass": true,
              "fail": false,
              "pending": false,
              "context": null,
              "code": "// https://on.cypress.io/clearcookie\ncy.getCookie('token').should('be.null');\ncy.get('#clearCookie .set-a-cookie').click();\ncy.getCookie('token').should('have.property', 'value', '123ABC');\n// cy.clearCookies() yields null\ncy.clearCookie('token').should('be.null');\ncy.getCookie('token').should('be.null');",
              "err": {},
              "uuid": "a39ffb8c-1a4c-42c8-bb5e-07ed6a12db4d",
              "parentUUID": "d2baf2aa-4686-489f-ba11-e5d87dca3a39",
              "isHook": false,
              "skipped": false
            },
            {
              "title": "cy.clearCookies() - clear browser cookies",
              "fullTitle": "Cookies cy.clearCookies() - clear browser cookies",
              "timedOut": null,
              "duration": 299,
              "state": "passed",
              "speed": "slow",
              "pass": true,
              "fail": false,
              "pending": false,
              "context": null,
              "code": "// https://on.cypress.io/clearcookies\ncy.getCookies().should('be.empty');\ncy.get('#clearCookies .set-a-cookie').click();\ncy.getCookies().should('have.length', 1);\n// cy.clearCookies() yields null\ncy.clearCookies();\ncy.getCookies().should('be.empty');",
              "err": {},
              "uuid": "b91833c2-cd0a-45bf-9de5-fd556d282fd2",
              "parentUUID": "d2baf2aa-4686-489f-ba11-e5d87dca3a39",
              "isHook": false,
              "skipped": false
            }
          ],
          "suites": [],
          "passes": [
            "81cc1b93-a8c6-46cd-822a-469393ef3c1b",
            "e4db1de9-300b-421e-9ee7-929bc0a1c8e5",
            "890fb8d8-9580-4d1d-8d74-ab3ccba1b3e2",
            "a39ffb8c-1a4c-42c8-bb5e-07ed6a12db4d",
            "b91833c2-cd0a-45bf-9de5-fd556d282fd2"
          ],
          "failures": [],
          "pending": [],
          "skipped": [],
          "duration": 2040,
          "root": false,
          "rootEmpty": false,
          "_timeout": 2000
        }
      ],
      "passes": [],
      "failures": [],
      "pending": [],
      "skipped": [],
      "duration": 0,
      "root": true,
      "rootEmpty": true,
      "_timeout": 2000
    },
    {
      "uuid": "de62bc4e-1a43-412c-ab66-92508fc24507",
      "title": "",
      "fullFile": "cypress/integration/examples/cypress_api.spec.js",
      "file": "cypress/integration/examples/cypress_api.spec.js",
      "beforeHooks": [],
      "afterHooks": [],
      "tests": [],
      "suites": [
        {
          "uuid": "6bc1b2f1-401f-4442-8255-b5550147fe14",
          "title": "Cypress.Commands",
          "fullFile": "",
          "file": "",
          "beforeHooks": [],
          "afterHooks": [],
          "tests": [
            {
              "title": ".add() - create a custom command",
              "fullTitle": "Cypress.Commands .add() - create a custom command",
              "timedOut": null,
              "duration": 478,
              "state": "passed",
              "speed": "slow",
              "pass": true,
              "fail": false,
              "pending": false,
              "context": null,
              "code": "Cypress.Commands.add('console', {\n    prevSubject: true\n}, function (subject, method) {\n    // the previous subject is automatically received\n    // and the commands arguments are shifted\n    // allow us to change the console method used\n    method = method || 'log';\n    // log the subject to the console\n    // @ts-ignore TS7017\n    console[method]('The subject is', subject);\n    // whatever we return becomes the new subject\n    // we don't want to change the subject so\n    // we return whatever was passed in\n    return subject;\n});\n// @ts-ignore TS2339\ncy.get('button').console('info').then(function ($button) {\n    // subject is still $button\n});",
              "err": {},
              "uuid": "ca265c9f-d40d-4c88-b014-98899aec9ec2",
              "parentUUID": "6bc1b2f1-401f-4442-8255-b5550147fe14",
              "isHook": false,
              "skipped": false
            }
          ],
          "suites": [],
          "passes": [
            "ca265c9f-d40d-4c88-b014-98899aec9ec2"
          ],
          "failures": [],
          "pending": [],
          "skipped": [],
          "duration": 478,
          "root": false,
          "rootEmpty": false,
          "_timeout": 2000
        },
        {
          "uuid": "827edbfd-ff33-4cfb-8f8d-a14ae999a1ca",
          "title": "Cypress.Cookies",
          "fullFile": "",
          "file": "",
          "beforeHooks": [],
          "afterHooks": [],
          "tests": [
            {
              "title": ".debug() - enable or disable debugging",
              "fullTitle": "Cypress.Cookies .debug() - enable or disable debugging",
              "timedOut": null,
              "duration": 205,
              "state": "passed",
              "speed": "slow",
              "pass": true,
              "fail": false,
              "pending": false,
              "context": null,
              "code": "Cypress.Cookies.debug(true);\n// Cypress will now log in the console when\n// cookies are set or cleared\ncy.setCookie('fakeCookie', '123ABC');\ncy.clearCookie('fakeCookie');\ncy.setCookie('fakeCookie', '123ABC');\ncy.clearCookie('fakeCookie');\ncy.setCookie('fakeCookie', '123ABC');",
              "err": {},
              "uuid": "f542b186-d267-477d-b4a1-de83ca64e1b6",
              "parentUUID": "827edbfd-ff33-4cfb-8f8d-a14ae999a1ca",
              "isHook": false,
              "skipped": false
            },
            {
              "title": ".preserveOnce() - preserve cookies by key",
              "fullTitle": "Cypress.Cookies .preserveOnce() - preserve cookies by key",
              "timedOut": null,
              "duration": 183,
              "state": "passed",
              "speed": "slow",
              "pass": true,
              "fail": false,
              "pending": false,
              "context": null,
              "code": "// normally cookies are reset after each test\ncy.getCookie('fakeCookie').should('not.be.ok');\n// preserving a cookie will not clear it when\n// the next test starts\ncy.setCookie('lastCookie', '789XYZ');\nCypress.Cookies.preserveOnce('lastCookie');",
              "err": {},
              "uuid": "0085cd5c-a986-45ed-93c1-4bdf354c8c56",
              "parentUUID": "827edbfd-ff33-4cfb-8f8d-a14ae999a1ca",
              "isHook": false,
              "skipped": false
            },
            {
              "title": ".defaults() - set defaults for all cookies",
              "fullTitle": "Cypress.Cookies .defaults() - set defaults for all cookies",
              "timedOut": null,
              "duration": 163,
              "state": "passed",
              "speed": "slow",
              "pass": true,
              "fail": false,
              "pending": false,
              "context": null,
              "code": "// now any cookie with the name 'session_id' will\n// not be cleared before each new test runs\nCypress.Cookies.defaults({\n    whitelist: 'session_id'\n});",
              "err": {},
              "uuid": "61033363-3395-4b88-b59f-2feb5c6cffa0",
              "parentUUID": "827edbfd-ff33-4cfb-8f8d-a14ae999a1ca",
              "isHook": false,
              "skipped": false
            }
          ],
          "suites": [],
          "passes": [
            "f542b186-d267-477d-b4a1-de83ca64e1b6",
            "0085cd5c-a986-45ed-93c1-4bdf354c8c56",
            "61033363-3395-4b88-b59f-2feb5c6cffa0"
          ],
          "failures": [],
          "pending": [],
          "skipped": [],
          "duration": 551,
          "root": false,
          "rootEmpty": false,
          "_timeout": 2000
        },
        {
          "uuid": "f1e9cea8-04e7-4053-bba8-deb10e79b754",
          "title": "Cypress.Server",
          "fullFile": "",
          "file": "",
          "beforeHooks": [],
          "afterHooks": [],
          "tests": [
            {
              "title": ".defaults() - change default config of server",
              "fullTitle": "Cypress.Server .defaults() - change default config of server",
              "timedOut": null,
              "duration": 155,
              "state": "passed",
              "speed": "slow",
              "pass": true,
              "fail": false,
              "pending": false,
              "context": null,
              "code": "Cypress.Server.defaults({\n    delay: 0,\n    force404: false\n});",
              "err": {},
              "uuid": "f9849060-403f-4c22-b5d2-c73bdbfe84a5",
              "parentUUID": "f1e9cea8-04e7-4053-bba8-deb10e79b754",
              "isHook": false,
              "skipped": false
            }
          ],
          "suites": [],
          "passes": [
            "f9849060-403f-4c22-b5d2-c73bdbfe84a5"
          ],
          "failures": [],
          "pending": [],
          "skipped": [],
          "duration": 155,
          "root": false,
          "rootEmpty": false,
          "_timeout": 2000
        },
        {
          "uuid": "5f6643d6-6cd0-4f3e-a422-b810c8486f68",
          "title": "Cypress.arch",
          "fullFile": "",
          "file": "",
          "beforeHooks": [],
          "afterHooks": [],
          "tests": [
            {
              "title": "Get CPU architecture name of underlying OS",
              "fullTitle": "Cypress.arch Get CPU architecture name of underlying OS",
              "timedOut": null,
              "duration": 156,
              "state": "passed",
              "speed": "slow",
              "pass": true,
              "fail": false,
              "pending": false,
              "context": null,
              "code": "// https://on.cypress.io/arch\nexpect(Cypress.arch).to.exist;",
              "err": {},
              "uuid": "ac85da8e-0a8c-4eb7-8046-59ebd632f59e",
              "parentUUID": "5f6643d6-6cd0-4f3e-a422-b810c8486f68",
              "isHook": false,
              "skipped": false
            }
          ],
          "suites": [],
          "passes": [
            "ac85da8e-0a8c-4eb7-8046-59ebd632f59e"
          ],
          "failures": [],
          "pending": [],
          "skipped": [],
          "duration": 156,
          "root": false,
          "rootEmpty": false,
          "_timeout": 2000
        },
        {
          "uuid": "c7ea76f5-6bae-4f83-9474-3aac4bb5fa34",
          "title": "Cypress.config()",
          "fullFile": "",
          "file": "",
          "beforeHooks": [],
          "afterHooks": [],
          "tests": [
            {
              "title": "Get and set configuration options",
              "fullTitle": "Cypress.config() Get and set configuration options",
              "timedOut": null,
              "duration": 374,
              "state": "failed",
              "speed": null,
              "pass": false,
              "fail": true,
              "pending": false,
              "context": null,
              "code": "// https://on.cypress.io/config\nvar myConfig = Cypress.config();\nexpect(myConfig).to.have.property('animationDistanceThreshold', 5);\nexpect(myConfig).to.have.property('baseUrl', null);\nexpect(myConfig).to.have.property('defaultCommandTimeout', 4000);\nexpect(myConfig).to.have.property('requestTimeout', 5000);\nexpect(myConfig).to.have.property('responseTimeout', 30000);\nexpect(myConfig).to.have.property('viewportHeight', 660);\nexpect(myConfig).to.have.property('viewportWidth', 1000);\nexpect(myConfig).to.have.property('pageLoadTimeout', 60000);\nexpect(myConfig).to.have.property('waitForAnimations', true);\nexpect(Cypress.config('pageLoadTimeout')).to.eq(60000);\n// this will change the config for the rest of your tests!\nCypress.config('pageLoadTimeout', 20000);\nexpect(Cypress.config('pageLoadTimeout')).to.eq(20000);\nCypress.config('pageLoadTimeout', 60000);",
              "err": {
                "message": "AssertionError: expected { Object (baseUrl, ignoreTestFiles, ...) } to have property 'baseUrl' of null, but got 'http://localhost:4200'",
                "estack": "AssertionError: expected { Object (baseUrl, ignoreTestFiles, ...) } to have property 'baseUrl' of null, but got 'http://localhost:4200'\n    at Context.eval (https://example.cypress.io/__cypress/tests?p=cypress/integration/examples/cypress_api.spec.js:92:34)",
                "diff": null
              },
              "uuid": "e69fa7ec-d0f1-49dc-a760-a39eb717c629",
              "parentUUID": "c7ea76f5-6bae-4f83-9474-3aac4bb5fa34",
              "isHook": false,
              "skipped": false
            }
          ],
          "suites": [],
          "passes": [],
          "failures": [
            "e69fa7ec-d0f1-49dc-a760-a39eb717c629"
          ],
          "pending": [],
          "skipped": [],
          "duration": 374,
          "root": false,
          "rootEmpty": false,
          "_timeout": 2000
        },
        {
          "uuid": "e958cfd1-d95e-4117-8493-82035efd9983",
          "title": "Cypress.dom",
          "fullFile": "",
          "file": "",
          "beforeHooks": [],
          "afterHooks": [],
          "tests": [
            {
              "title": ".isHidden() - determine if a DOM element is hidden",
              "fullTitle": "Cypress.dom .isHidden() - determine if a DOM element is hidden",
              "timedOut": null,
              "duration": 183,
              "state": "passed",
              "speed": "slow",
              "pass": true,
              "fail": false,
              "pending": false,
              "context": null,
              "code": "var hiddenP = Cypress.$('.dom-p p.hidden').get(0);\nvar visibleP = Cypress.$('.dom-p p.visible').get(0);\n// our first paragraph has css class 'hidden'\nexpect(Cypress.dom.isHidden(hiddenP)).to.be[\"true\"];\nexpect(Cypress.dom.isHidden(visibleP)).to.be[\"false\"];",
              "err": {},
              "uuid": "05f2126f-b1f6-4bbf-a194-0fb118f7efa1",
              "parentUUID": "e958cfd1-d95e-4117-8493-82035efd9983",
              "isHook": false,
              "skipped": false
            }
          ],
          "suites": [],
          "passes": [
            "05f2126f-b1f6-4bbf-a194-0fb118f7efa1"
          ],
          "failures": [],
          "pending": [],
          "skipped": [],
          "duration": 183,
          "root": false,
          "rootEmpty": false,
          "_timeout": 2000
        },
        {
          "uuid": "a30c7568-64f3-4e28-b9d3-1cb3dd4a11c2",
          "title": "Cypress.env()",
          "fullFile": "",
          "file": "",
          "beforeHooks": [],
          "afterHooks": [],
          "tests": [
            {
              "title": "Get environment variables",
              "fullTitle": "Cypress.env() Get environment variables",
              "timedOut": null,
              "duration": 185,
              "state": "passed",
              "speed": "slow",
              "pass": true,
              "fail": false,
              "pending": false,
              "context": null,
              "code": "// https://on.cypress.io/env\n// set multiple environment variables\nCypress.env({\n    host: 'veronica.dev.local',\n    api_server: 'http://localhost:8888/v1/'\n});\n// get environment variable\nexpect(Cypress.env('host')).to.eq('veronica.dev.local');\n// set environment variable\nCypress.env('api_server', 'http://localhost:8888/v2/');\nexpect(Cypress.env('api_server')).to.eq('http://localhost:8888/v2/');\n// get all environment variable\nexpect(Cypress.env()).to.have.property('host', 'veronica.dev.local');\nexpect(Cypress.env()).to.have.property('api_server', 'http://localhost:8888/v2/');",
              "err": {},
              "uuid": "a8c53049-d566-423e-bd9e-adc5e9140537",
              "parentUUID": "a30c7568-64f3-4e28-b9d3-1cb3dd4a11c2",
              "isHook": false,
              "skipped": false
            }
          ],
          "suites": [],
          "passes": [
            "a8c53049-d566-423e-bd9e-adc5e9140537"
          ],
          "failures": [],
          "pending": [],
          "skipped": [],
          "duration": 185,
          "root": false,
          "rootEmpty": false,
          "_timeout": 2000
        },
        {
          "uuid": "5ea8efc2-aa2a-4676-821b-31f4032a84b2",
          "title": "Cypress.log",
          "fullFile": "",
          "file": "",
          "beforeHooks": [],
          "afterHooks": [],
          "tests": [
            {
              "title": "Control what is printed to the Command Log",
              "fullTitle": "Cypress.log Control what is printed to the Command Log",
              "timedOut": null,
              "duration": 164,
              "state": "passed",
              "speed": "slow",
              "pass": true,
              "fail": false,
              "pending": false,
              "context": null,
              "code": "// https://on.cypress.io/cypress-log",
              "err": {},
              "uuid": "57aa16d3-9300-48b5-9076-e2509bb493eb",
              "parentUUID": "5ea8efc2-aa2a-4676-821b-31f4032a84b2",
              "isHook": false,
              "skipped": false
            }
          ],
          "suites": [],
          "passes": [
            "57aa16d3-9300-48b5-9076-e2509bb493eb"
          ],
          "failures": [],
          "pending": [],
          "skipped": [],
          "duration": 164,
          "root": false,
          "rootEmpty": false,
          "_timeout": 2000
        },
        {
          "uuid": "a5c0ca87-77fa-4e4e-af29-90dde4379a7a",
          "title": "Cypress.platform",
          "fullFile": "",
          "file": "",
          "beforeHooks": [],
          "afterHooks": [],
          "tests": [
            {
              "title": "Get underlying OS name",
              "fullTitle": "Cypress.platform Get underlying OS name",
              "timedOut": null,
              "duration": 174,
              "state": "passed",
              "speed": "slow",
              "pass": true,
              "fail": false,
              "pending": false,
              "context": null,
              "code": "// https://on.cypress.io/platform\nexpect(Cypress.platform).to.be.exist;",
              "err": {},
              "uuid": "3c26432b-c29b-4899-9ff6-79dcc740d25c",
              "parentUUID": "a5c0ca87-77fa-4e4e-af29-90dde4379a7a",
              "isHook": false,
              "skipped": false
            }
          ],
          "suites": [],
          "passes": [
            "3c26432b-c29b-4899-9ff6-79dcc740d25c"
          ],
          "failures": [],
          "pending": [],
          "skipped": [],
          "duration": 174,
          "root": false,
          "rootEmpty": false,
          "_timeout": 2000
        },
        {
          "uuid": "a402a8b4-7fc4-45ab-8dbc-2aa548bab01f",
          "title": "Cypress.version",
          "fullFile": "",
          "file": "",
          "beforeHooks": [],
          "afterHooks": [],
          "tests": [
            {
              "title": "Get current version of Cypress being run",
              "fullTitle": "Cypress.version Get current version of Cypress being run",
              "timedOut": null,
              "duration": 145,
              "state": "passed",
              "speed": "slow",
              "pass": true,
              "fail": false,
              "pending": false,
              "context": null,
              "code": "// https://on.cypress.io/version\nexpect(Cypress.version).to.be.exist;",
              "err": {},
              "uuid": "6699bf01-98a9-4dd3-bc0a-06ccfb03c02e",
              "parentUUID": "a402a8b4-7fc4-45ab-8dbc-2aa548bab01f",
              "isHook": false,
              "skipped": false
            }
          ],
          "suites": [],
          "passes": [
            "6699bf01-98a9-4dd3-bc0a-06ccfb03c02e"
          ],
          "failures": [],
          "pending": [],
          "skipped": [],
          "duration": 145,
          "root": false,
          "rootEmpty": false,
          "_timeout": 2000
        },
        {
          "uuid": "676e4f72-a48e-41eb-b436-d70570e5c8f1",
          "title": "Cypress.spec",
          "fullFile": "",
          "file": "",
          "beforeHooks": [],
          "afterHooks": [],
          "tests": [
            {
              "title": "Get current spec information",
              "fullTitle": "Cypress.spec Get current spec information",
              "timedOut": null,
              "duration": 151,
              "state": "passed",
              "speed": "slow",
              "pass": true,
              "fail": false,
              "pending": false,
              "context": null,
              "code": "// https://on.cypress.io/spec\n// wrap the object so we can inspect it easily by clicking in the command log\ncy.wrap(Cypress.spec).should('include.keys', ['name', 'relative', 'absolute']);",
              "err": {},
              "uuid": "eabc4d5b-fe80-4ca0-9458-2e9846e46aee",
              "parentUUID": "676e4f72-a48e-41eb-b436-d70570e5c8f1",
              "isHook": false,
              "skipped": false
            }
          ],
          "suites": [],
          "passes": [
            "eabc4d5b-fe80-4ca0-9458-2e9846e46aee"
          ],
          "failures": [],
          "pending": [],
          "skipped": [],
          "duration": 151,
          "root": false,
          "rootEmpty": false,
          "_timeout": 2000
        }
      ],
      "passes": [],
      "failures": [],
      "pending": [],
      "skipped": [],
      "duration": 0,
      "root": true,
      "rootEmpty": true,
      "_timeout": 2000
    },
    {
      "uuid": "1cbfffd0-f5d5-4b3b-a191-94f6d04c61e3",
      "title": "",
      "fullFile": "cypress/integration/examples/files.spec.js",
      "file": "cypress/integration/examples/files.spec.js",
      "beforeHooks": [],
      "afterHooks": [],
      "tests": [],
      "suites": [
        {
          "uuid": "9fcc9f17-151c-4dbf-87db-016bfb405a42",
          "title": "Files",
          "fullFile": "",
          "file": "",
          "beforeHooks": [],
          "afterHooks": [],
          "tests": [
            {
              "title": "cy.fixture() - load a fixture",
              "fullTitle": "Files cy.fixture() - load a fixture",
              "timedOut": null,
              "duration": 851,
              "state": "passed",
              "speed": "slow",
              "pass": true,
              "fail": false,
              "pending": false,
              "context": null,
              "code": "// https://on.cypress.io/fixture\n// Instead of writing a response inline you can\n// use a fixture file's content.\ncy.server();\ncy.fixture('example.json').as('comment');\n// when application makes an Ajax request matching \"GET comments/*\"\n// Cypress will intercept it and reply with object\n// from the \"comment\" alias\ncy.route('GET', 'comments/*', '@comment').as('getComment');\n// we have code that gets a comment when\n// the button is clicked in scripts.js\ncy.get('.fixture-btn').click();\ncy.wait('@getComment').its('responseBody')\n    .should('have.property', 'name')\n    .and('include', 'Using fixtures to represent data');\n// you can also just write the fixture in the route\ncy.route('GET', 'comments/*', 'fixture:example.json').as('getComment');\n// we have code that gets a comment when\n// the button is clicked in scripts.js\ncy.get('.fixture-btn').click();\ncy.wait('@getComment').its('responseBody')\n    .should('have.property', 'name')\n    .and('include', 'Using fixtures to represent data');\n// or write fx to represent fixture\n// by default it assumes it's .json\ncy.route('GET', 'comments/*', 'fx:example').as('getComment');\n// we have code that gets a comment when\n// the button is clicked in scripts.js\ncy.get('.fixture-btn').click();\ncy.wait('@getComment').its('responseBody')\n    .should('have.property', 'name')\n    .and('include', 'Using fixtures to represent data');",
              "err": {},
              "uuid": "7b80ce0a-3545-4c93-87ea-0909563d4f99",
              "parentUUID": "9fcc9f17-151c-4dbf-87db-016bfb405a42",
              "isHook": false,
              "skipped": false
            },
            {
              "title": "cy.fixture() or require - load a fixture",
              "fullTitle": "Files cy.fixture() or require - load a fixture",
              "timedOut": null,
              "duration": 155,
              "state": "passed",
              "speed": "slow",
              "pass": true,
              "fail": false,
              "pending": false,
              "context": null,
              "code": "// we are inside the \"function () { ... }\"\n// callback and can use test context object \"this\"\n// \"this.example\" was loaded in \"beforeEach\" function callback\nexpect(this.example, 'fixture in the test context')\n    .to.deep.equal(requiredExample);\n// or use \"cy.wrap\" and \"should('deep.equal', ...)\" assertion\n// @ts-ignore\ncy.wrap(this.example, 'fixture vs require')\n    .should('deep.equal', requiredExample);",
              "err": {},
              "uuid": "67dac034-dbf5-40eb-90ed-2419da5a3f50",
              "parentUUID": "9fcc9f17-151c-4dbf-87db-016bfb405a42",
              "isHook": false,
              "skipped": false
            },
            {
              "title": "cy.readFile() - read file contents",
              "fullTitle": "Files cy.readFile() - read file contents",
              "timedOut": null,
              "duration": 165,
              "state": "passed",
              "speed": "slow",
              "pass": true,
              "fail": false,
              "pending": false,
              "context": null,
              "code": "// https://on.cypress.io/readfile\n// You can read a file and yield its contents\n// The filePath is relative to your project's root.\ncy.readFile('cypress.json').then(function (json) {\n    expect(json).to.be.an('object');\n});",
              "err": {},
              "uuid": "a24d4eea-8e83-49fb-b3e3-8341ba7cc808",
              "parentUUID": "9fcc9f17-151c-4dbf-87db-016bfb405a42",
              "isHook": false,
              "skipped": false
            },
            {
              "title": "cy.writeFile() - write to a file",
              "fullTitle": "Files cy.writeFile() - write to a file",
              "timedOut": null,
              "duration": 784,
              "state": "passed",
              "speed": "slow",
              "pass": true,
              "fail": false,
              "pending": false,
              "context": null,
              "code": "// https://on.cypress.io/writefile\n// You can write to a file\n// Use a response from a request to automatically\n// generate a fixture file for use later\ncy.request('https://jsonplaceholder.cypress.io/users')\n    .then(function (response) {\n    cy.writeFile('cypress/fixtures/users.json', response.body);\n});\ncy.fixture('users').should(function (users) {\n    expect(users[0].name).to.exist;\n});\n// JavaScript arrays and objects are stringified\n// and formatted into text.\ncy.writeFile('cypress/fixtures/profile.json', {\n    id: 8739,\n    name: 'Jane',\n    email: 'jane@example.com'\n});\ncy.fixture('profile').should(function (profile) {\n    expect(profile.name).to.eq('Jane');\n});",
              "err": {},
              "uuid": "0a8aa60a-1dc6-4735-ba06-77c2c88005e8",
              "parentUUID": "9fcc9f17-151c-4dbf-87db-016bfb405a42",
              "isHook": false,
              "skipped": false
            }
          ],
          "suites": [],
          "passes": [
            "7b80ce0a-3545-4c93-87ea-0909563d4f99",
            "67dac034-dbf5-40eb-90ed-2419da5a3f50",
            "a24d4eea-8e83-49fb-b3e3-8341ba7cc808",
            "0a8aa60a-1dc6-4735-ba06-77c2c88005e8"
          ],
          "failures": [],
          "pending": [],
          "skipped": [],
          "duration": 1955,
          "root": false,
          "rootEmpty": false,
          "_timeout": 2000
        }
      ],
      "passes": [],
      "failures": [],
      "pending": [],
      "skipped": [],
      "duration": 0,
      "root": true,
      "rootEmpty": true,
      "_timeout": 2000
    },
    {
      "uuid": "d801518b-3863-40cb-8a5b-7b6fab9b3f86",
      "title": "",
      "fullFile": "cypress/integration/examples/local_storage.spec.js",
      "file": "cypress/integration/examples/local_storage.spec.js",
      "beforeHooks": [],
      "afterHooks": [],
      "tests": [],
      "suites": [
        {
          "uuid": "eaa7a84c-4b89-4270-8849-f41ce55f6c32",
          "title": "Local Storage",
          "fullFile": "",
          "file": "",
          "beforeHooks": [],
          "afterHooks": [],
          "tests": [
            {
              "title": "cy.clearLocalStorage() - clear all data in local storage",
              "fullTitle": "Local Storage cy.clearLocalStorage() - clear all data in local storage",
              "timedOut": null,
              "duration": 872,
              "state": "passed",
              "speed": "slow",
              "pass": true,
              "fail": false,
              "pending": false,
              "context": null,
              "code": "// https://on.cypress.io/clearlocalstorage\ncy.get('.ls-btn').click().should(function () {\n    expect(localStorage.getItem('prop1')).to.eq('red');\n    expect(localStorage.getItem('prop2')).to.eq('blue');\n    expect(localStorage.getItem('prop3')).to.eq('magenta');\n});\n// clearLocalStorage() yields the localStorage object\ncy.clearLocalStorage().should(function (ls) {\n    expect(ls.getItem('prop1')).to.be[\"null\"];\n    expect(ls.getItem('prop2')).to.be[\"null\"];\n    expect(ls.getItem('prop3')).to.be[\"null\"];\n});\n// Clear key matching string in Local Storage\ncy.get('.ls-btn').click().should(function () {\n    expect(localStorage.getItem('prop1')).to.eq('red');\n    expect(localStorage.getItem('prop2')).to.eq('blue');\n    expect(localStorage.getItem('prop3')).to.eq('magenta');\n});\ncy.clearLocalStorage('prop1').should(function (ls) {\n    expect(ls.getItem('prop1')).to.be[\"null\"];\n    expect(ls.getItem('prop2')).to.eq('blue');\n    expect(ls.getItem('prop3')).to.eq('magenta');\n});\n// Clear keys matching regex in Local Storage\ncy.get('.ls-btn').click().should(function () {\n    expect(localStorage.getItem('prop1')).to.eq('red');\n    expect(localStorage.getItem('prop2')).to.eq('blue');\n    expect(localStorage.getItem('prop3')).to.eq('magenta');\n});\ncy.clearLocalStorage(/prop1|2/).should(function (ls) {\n    expect(ls.getItem('prop1')).to.be[\"null\"];\n    expect(ls.getItem('prop2')).to.be[\"null\"];\n    expect(ls.getItem('prop3')).to.eq('magenta');\n});",
              "err": {},
              "uuid": "89321506-b962-4e94-b15c-2aa2a356c9d7",
              "parentUUID": "eaa7a84c-4b89-4270-8849-f41ce55f6c32",
              "isHook": false,
              "skipped": false
            }
          ],
          "suites": [],
          "passes": [
            "89321506-b962-4e94-b15c-2aa2a356c9d7"
          ],
          "failures": [],
          "pending": [],
          "skipped": [],
          "duration": 872,
          "root": false,
          "rootEmpty": false,
          "_timeout": 2000
        }
      ],
      "passes": [],
      "failures": [],
      "pending": [],
      "skipped": [],
      "duration": 0,
      "root": true,
      "rootEmpty": true,
      "_timeout": 2000
    },
    {
      "uuid": "800e4b1a-7c8f-4532-9545-edd4b5e6061a",
      "title": "",
      "fullFile": "cypress/integration/examples/location.spec.js",
      "file": "cypress/integration/examples/location.spec.js",
      "beforeHooks": [],
      "afterHooks": [],
      "tests": [],
      "suites": [
        {
          "uuid": "92c7bd35-a21d-4457-b436-41cfbeefe0e6",
          "title": "Location",
          "fullFile": "",
          "file": "",
          "beforeHooks": [],
          "afterHooks": [],
          "tests": [
            {
              "title": "cy.hash() - get the current URL hash",
              "fullTitle": "Location cy.hash() - get the current URL hash",
              "timedOut": null,
              "duration": 430,
              "state": "passed",
              "speed": "slow",
              "pass": true,
              "fail": false,
              "pending": false,
              "context": null,
              "code": "// https://on.cypress.io/hash\ncy.hash().should('be.empty');",
              "err": {},
              "uuid": "dc2b83ff-5ffb-4f97-a46b-10f9bec5dd36",
              "parentUUID": "92c7bd35-a21d-4457-b436-41cfbeefe0e6",
              "isHook": false,
              "skipped": false
            },
            {
              "title": "cy.location() - get window.location",
              "fullTitle": "Location cy.location() - get window.location",
              "timedOut": null,
              "duration": 170,
              "state": "passed",
              "speed": "slow",
              "pass": true,
              "fail": false,
              "pending": false,
              "context": null,
              "code": "// https://on.cypress.io/location\ncy.location().should(function (location) {\n    expect(location.hash).to.be.empty;\n    expect(location.href).to.eq('https://example.cypress.io/commands/location');\n    expect(location.host).to.eq('example.cypress.io');\n    expect(location.hostname).to.eq('example.cypress.io');\n    expect(location.origin).to.eq('https://example.cypress.io');\n    expect(location.pathname).to.eq('/commands/location');\n    expect(location.port).to.eq('');\n    expect(location.protocol).to.eq('https:');\n    expect(location.search).to.be.empty;\n});",
              "err": {},
              "uuid": "cfcca5df-f257-4007-998a-2ff8ce8c6052",
              "parentUUID": "92c7bd35-a21d-4457-b436-41cfbeefe0e6",
              "isHook": false,
              "skipped": false
            },
            {
              "title": "cy.url() - get the current URL",
              "fullTitle": "Location cy.url() - get the current URL",
              "timedOut": null,
              "duration": 189,
              "state": "passed",
              "speed": "slow",
              "pass": true,
              "fail": false,
              "pending": false,
              "context": null,
              "code": "// https://on.cypress.io/url\ncy.url().should('eq', 'https://example.cypress.io/commands/location');",
              "err": {},
              "uuid": "537bafb6-30a9-43f2-ab20-c1719c10ca99",
              "parentUUID": "92c7bd35-a21d-4457-b436-41cfbeefe0e6",
              "isHook": false,
              "skipped": false
            }
          ],
          "suites": [],
          "passes": [
            "dc2b83ff-5ffb-4f97-a46b-10f9bec5dd36",
            "cfcca5df-f257-4007-998a-2ff8ce8c6052",
            "537bafb6-30a9-43f2-ab20-c1719c10ca99"
          ],
          "failures": [],
          "pending": [],
          "skipped": [],
          "duration": 789,
          "root": false,
          "rootEmpty": false,
          "_timeout": 2000
        }
      ],
      "passes": [],
      "failures": [],
      "pending": [],
      "skipped": [],
      "duration": 0,
      "root": true,
      "rootEmpty": true,
      "_timeout": 2000
    },
    {
      "uuid": "02d99764-59b8-4ad9-9584-92ac5c8eae85",
      "title": "",
      "fullFile": "cypress/integration/examples/misc.spec.js",
      "file": "cypress/integration/examples/misc.spec.js",
      "beforeHooks": [],
      "afterHooks": [],
      "tests": [],
      "suites": [
        {
          "uuid": "5943925e-ec05-4f4a-aff9-1320b4d7b1cd",
          "title": "Misc",
          "fullFile": "",
          "file": "",
          "beforeHooks": [],
          "afterHooks": [],
          "tests": [
            {
              "title": ".end() - end the command chain",
              "fullTitle": "Misc .end() - end the command chain",
              "timedOut": null,
              "duration": 729,
              "state": "passed",
              "speed": "slow",
              "pass": true,
              "fail": false,
              "pending": false,
              "context": null,
              "code": "// https://on.cypress.io/end\n// cy.end is useful when you want to end a chain of commands\n// and force Cypress to re-query from the root element\ncy.get('.misc-table').within(function () {\n    // ends the current chain and yields null\n    cy.contains('Cheryl').click().end();\n    // queries the entire table again\n    cy.contains('Charles').click();\n});",
              "err": {},
              "uuid": "0a992ba2-b7c0-4899-8086-c85daff12164",
              "parentUUID": "5943925e-ec05-4f4a-aff9-1320b4d7b1cd",
              "isHook": false,
              "skipped": false
            },
            {
              "title": "cy.exec() - execute a system command",
              "fullTitle": "Misc cy.exec() - execute a system command",
              "timedOut": null,
              "duration": 320,
              "state": "passed",
              "speed": "slow",
              "pass": true,
              "fail": false,
              "pending": false,
              "context": null,
              "code": "// execute a system command.\n// so you can take actions necessary for\n// your test outside the scope of Cypress.\n// https://on.cypress.io/exec\n// we can use Cypress.platform string to\n// select appropriate command\n// https://on.cypress/io/platform\ncy.log(\"Platform \" + Cypress.platform + \" architecture \" + Cypress.arch);\n// on CircleCI Windows build machines we have a failure to run bash shell\n// https://github.com/cypress-io/cypress/issues/5169\n// so skip some of the tests by passing flag \"--env circle=true\"\nvar isCircleOnWindows = Cypress.platform === 'win32' && Cypress.env('circle');\nif (isCircleOnWindows) {\n    cy.log('Skipping test on CircleCI');\n    return;\n}\n// cy.exec problem on Shippable CI\n// https://github.com/cypress-io/cypress/issues/6718\nvar isShippable = Cypress.platform === 'linux' && Cypress.env('shippable');\nif (isShippable) {\n    cy.log('Skipping test on ShippableCI');\n    return;\n}\ncy.exec('echo Jane Lane')\n    .its('stdout').should('contain', 'Jane Lane');\nif (Cypress.platform === 'win32') {\n    cy.exec('print cypress.json')\n        .its('stderr').should('be.empty');\n}\nelse {\n    cy.exec('cat cypress.json')\n        .its('stderr').should('be.empty');\n    cy.exec('pwd')\n        .its('code').should('eq', 0);\n}",
              "err": {},
              "uuid": "6805273b-51f6-424d-a407-48f1bab1fb08",
              "parentUUID": "5943925e-ec05-4f4a-aff9-1320b4d7b1cd",
              "isHook": false,
              "skipped": false
            },
            {
              "title": "cy.focused() - get the DOM element that has focus",
              "fullTitle": "Misc cy.focused() - get the DOM element that has focus",
              "timedOut": null,
              "duration": 360,
              "state": "passed",
              "speed": "slow",
              "pass": true,
              "fail": false,
              "pending": false,
              "context": null,
              "code": "// https://on.cypress.io/focused\ncy.get('.misc-form').find('#name').click();\ncy.focused().should('have.id', 'name');\ncy.get('.misc-form').find('#description').click();\ncy.focused().should('have.id', 'description');",
              "err": {},
              "uuid": "b2627ba9-2535-46a5-9d73-8a86159e4a7f",
              "parentUUID": "5943925e-ec05-4f4a-aff9-1320b4d7b1cd",
              "isHook": false,
              "skipped": false
            },
            {
              "title": "cy.wrap() - wrap an object",
              "fullTitle": "Misc cy.wrap() - wrap an object",
              "timedOut": null,
              "duration": 146,
              "state": "passed",
              "speed": "slow",
              "pass": true,
              "fail": false,
              "pending": false,
              "context": null,
              "code": "// https://on.cypress.io/wrap\ncy.wrap({ foo: 'bar' })\n    .should('have.property', 'foo')\n    .and('include', 'bar');",
              "err": {},
              "uuid": "3467d454-07ac-44c2-90be-1783042f88a3",
              "parentUUID": "5943925e-ec05-4f4a-aff9-1320b4d7b1cd",
              "isHook": false,
              "skipped": false
            }
          ],
          "suites": [
            {
              "uuid": "d1829e9e-6cb7-45a7-8218-c749df1f8fbb",
              "title": "Cypress.Screenshot",
              "fullFile": "",
              "file": "",
              "beforeHooks": [],
              "afterHooks": [],
              "tests": [
                {
                  "title": "cy.screenshot() - take a screenshot",
                  "fullTitle": "Misc Cypress.Screenshot cy.screenshot() - take a screenshot",
                  "timedOut": null,
                  "duration": 1260,
                  "state": "passed",
                  "speed": "slow",
                  "pass": true,
                  "fail": false,
                  "pending": false,
                  "context": null,
                  "code": "// https://on.cypress.io/screenshot\ncy.screenshot('my-image');",
                  "err": {},
                  "uuid": "0161a576-c0d8-4342-ba24-e6e44ccefb7d",
                  "parentUUID": "d1829e9e-6cb7-45a7-8218-c749df1f8fbb",
                  "isHook": false,
                  "skipped": false
                },
                {
                  "title": "Cypress.Screenshot.defaults() - change default config of screenshots",
                  "fullTitle": "Misc Cypress.Screenshot Cypress.Screenshot.defaults() - change default config of screenshots",
                  "timedOut": null,
                  "duration": 184,
                  "state": "passed",
                  "speed": "slow",
                  "pass": true,
                  "fail": false,
                  "pending": false,
                  "context": null,
                  "code": "Cypress.Screenshot.defaults({\n    blackout: ['.foo'],\n    capture: 'viewport',\n    clip: { x: 0, y: 0, width: 200, height: 200 },\n    scale: false,\n    disableTimersAndAnimations: true,\n    screenshotOnRunFailure: true,\n    onBeforeScreenshot: function () { },\n    onAfterScreenshot: function () { }\n});",
                  "err": {},
                  "uuid": "ffa9ea21-4f9b-4393-9f97-54884b0c4d6b",
                  "parentUUID": "d1829e9e-6cb7-45a7-8218-c749df1f8fbb",
                  "isHook": false,
                  "skipped": false
                }
              ],
              "suites": [],
              "passes": [
                "0161a576-c0d8-4342-ba24-e6e44ccefb7d",
                "ffa9ea21-4f9b-4393-9f97-54884b0c4d6b"
              ],
              "failures": [],
              "pending": [],
              "skipped": [],
              "duration": 1444,
              "root": false,
              "rootEmpty": false,
              "_timeout": 2000
            }
          ],
          "passes": [
            "0a992ba2-b7c0-4899-8086-c85daff12164",
            "6805273b-51f6-424d-a407-48f1bab1fb08",
            "b2627ba9-2535-46a5-9d73-8a86159e4a7f",
            "3467d454-07ac-44c2-90be-1783042f88a3"
          ],
          "failures": [],
          "pending": [],
          "skipped": [],
          "duration": 1555,
          "root": false,
          "rootEmpty": false,
          "_timeout": 2000
        }
      ],
      "passes": [],
      "failures": [],
      "pending": [],
      "skipped": [],
      "duration": 0,
      "root": true,
      "rootEmpty": true,
      "_timeout": 2000
    },
    {
      "uuid": "de73ba29-8127-451b-973e-4283d37bf1b9",
      "title": "",
      "fullFile": "cypress/integration/examples/navigation.spec.js",
      "file": "cypress/integration/examples/navigation.spec.js",
      "beforeHooks": [],
      "afterHooks": [],
      "tests": [],
      "suites": [
        {
          "uuid": "06eb4cb1-05f2-4bcf-9e29-c28a5af299ee",
          "title": "Navigation",
          "fullFile": "",
          "file": "",
          "beforeHooks": [],
          "afterHooks": [],
          "tests": [
            {
              "title": "cy.go() - go back or forward in the browser's history",
              "fullTitle": "Navigation cy.go() - go back or forward in the browser's history",
              "timedOut": null,
              "duration": 1437,
              "state": "passed",
              "speed": "slow",
              "pass": true,
              "fail": false,
              "pending": false,
              "context": null,
              "code": "// https://on.cypress.io/go\ncy.location('pathname').should('include', 'navigation');\ncy.go('back');\ncy.location('pathname').should('not.include', 'navigation');\ncy.go('forward');\ncy.location('pathname').should('include', 'navigation');\n// clicking back\ncy.go(-1);\ncy.location('pathname').should('not.include', 'navigation');\n// clicking forward\ncy.go(1);\ncy.location('pathname').should('include', 'navigation');",
              "err": {},
              "uuid": "180a080a-c511-424e-8358-291c35fcedb0",
              "parentUUID": "06eb4cb1-05f2-4bcf-9e29-c28a5af299ee",
              "isHook": false,
              "skipped": false
            },
            {
              "title": "cy.reload() - reload the page",
              "fullTitle": "Navigation cy.reload() - reload the page",
              "timedOut": null,
              "duration": 687,
              "state": "passed",
              "speed": "slow",
              "pass": true,
              "fail": false,
              "pending": false,
              "context": null,
              "code": "// https://on.cypress.io/reload\ncy.reload();\n// reload the page without using the cache\ncy.reload(true);",
              "err": {},
              "uuid": "e9295d88-5a22-4319-874e-93237bf9031d",
              "parentUUID": "06eb4cb1-05f2-4bcf-9e29-c28a5af299ee",
              "isHook": false,
              "skipped": false
            },
            {
              "title": "cy.visit() - visit a remote url",
              "fullTitle": "Navigation cy.visit() - visit a remote url",
              "timedOut": null,
              "duration": 567,
              "state": "passed",
              "speed": "slow",
              "pass": true,
              "fail": false,
              "pending": false,
              "context": null,
              "code": "// https://on.cypress.io/visit\n// Visit any sub-domain of your current domain\n// Pass options to the visit\ncy.visit('https://example.cypress.io/commands/navigation', {\n    timeout: 50000,\n    onBeforeLoad: function (contentWindow) {\n        // contentWindow is the remote page's window object\n        expect(typeof contentWindow === 'object').to.be[\"true\"];\n    },\n    onLoad: function (contentWindow) {\n        // contentWindow is the remote page's window object\n        expect(typeof contentWindow === 'object').to.be[\"true\"];\n    }\n});",
              "err": {},
              "uuid": "532f4029-8b9b-49d4-a179-3a08a23e11b7",
              "parentUUID": "06eb4cb1-05f2-4bcf-9e29-c28a5af299ee",
              "isHook": false,
              "skipped": false
            }
          ],
          "suites": [],
          "passes": [
            "180a080a-c511-424e-8358-291c35fcedb0",
            "e9295d88-5a22-4319-874e-93237bf9031d",
            "532f4029-8b9b-49d4-a179-3a08a23e11b7"
          ],
          "failures": [],
          "pending": [],
          "skipped": [],
          "duration": 2691,
          "root": false,
          "rootEmpty": false,
          "_timeout": 2000
        }
      ],
      "passes": [],
      "failures": [],
      "pending": [],
      "skipped": [],
      "duration": 0,
      "root": true,
      "rootEmpty": true,
      "_timeout": 2000
    },
    {
      "uuid": "5c27fbc1-bb40-4ba9-a666-b56065c0895b",
      "title": "",
      "fullFile": "cypress/integration/examples/network_requests.spec.js",
      "file": "cypress/integration/examples/network_requests.spec.js",
      "beforeHooks": [],
      "afterHooks": [],
      "tests": [],
      "suites": [
        {
          "uuid": "0b02048f-465f-4782-b865-8089e9905dd8",
          "title": "Network Requests",
          "fullFile": "",
          "file": "",
          "beforeHooks": [],
          "afterHooks": [],
          "tests": [
            {
              "title": "cy.server() - control behavior of network requests and responses",
              "fullTitle": "Network Requests cy.server() - control behavior of network requests and responses",
              "timedOut": null,
              "duration": 892,
              "state": "passed",
              "speed": "slow",
              "pass": true,
              "fail": false,
              "pending": false,
              "context": null,
[...]
          "tests": [
            {
              "title": ".type() - type into a DOM element",
              "fullTitle": "Actions .type() - type into a DOM element",
              "timedOut": null,
              "duration": 4637,
              "state": "passed",
              "speed": "slow",
              "pass": true,
              "fail": false,
              "pending": false,
              "context": null,
              "code": "// https://on.cypress.io/type\ncy.get('.action-email')\n    .type('fake@email.com').should('have.value', 'fake@email.com')\n    // .type() with special character sequences\n    .type('{leftarrow}{rightarrow}{uparrow}{downarrow}')\n    .type('{del}{selectall}{backspace}')\n    // .type() with key modifiers\n    .type('{alt}{option}') //these are equivalent\n    .type('{ctrl}{control}') //these are equivalent\n    .type('{meta}{command}{cmd}') //these are equivalent\n    .type('{shift}')\n    // Delay each keypress by 0.1 sec\n    .type('slow.typing@email.com', { delay: 100 })\n    .should('have.value', 'slow.typing@email.com');\ncy.get('.action-disabled')\n    // Ignore error checking prior to type\n    // like whether the input is visible or disabled\n    .type('disabled error checking', { force: true })\n    .should('have.value', 'disabled error checking');",
              "err": {},
              "uuid": "a297fbed-1d04-4aaa-8f7d-d480c4b84d7b",
              "parentUUID": "6805b3b6-4775-4533-8ea9-1d5d43650813",
              "isHook": false,
              "skipped": false
            },
            {
              "title": ".focus() - focus on a DOM element",
              "fullTitle": "Actions .focus() - focus on a DOM element",
              "timedOut": null,
              "duration": 269,
              "state": "passed",
              "speed": "slow",
              "pass": true,
              "fail": false,
              "pending": false,
              "context": null,
              "code": "// https://on.cypress.io/focus\ncy.get('.action-focus').focus()\n    .should('have.class', 'focus')\n    .prev().should('have.attr', 'style', 'color: orange;');",
              "err": {},
              "uuid": "2da5680d-ffe8-4e4a-aa75-a2225a4469e5",
              "parentUUID": "6805b3b6-4775-4533-8ea9-1d5d43650813",
              "isHook": false,
              "skipped": false
            },
            {
              "title": ".blur() - blur off a DOM element",
              "fullTitle": "Actions .blur() - blur off a DOM element",
              "timedOut": null,
              "duration": 510,
              "state": "passed",
              "speed": "slow",
              "pass": true,
              "fail": false,
              "pending": false,
              "context": null,
              "code": "// https://on.cypress.io/blur\ncy.get('.action-blur').type('About to blur').blur()\n    .should('have.class', 'error')\n    .prev().should('have.attr', 'style', 'color: red;');",
              "err": {},
              "uuid": "05771112-6fce-4ee6-bd4a-99d46fbcecc8",
              "parentUUID": "6805b3b6-4775-4533-8ea9-1d5d43650813",
              "isHook": false,
              "skipped": false
            },
            {
              "title": ".clear() - clears an input or textarea element",
              "fullTitle": "Actions .clear() - clears an input or textarea element",
              "timedOut": null,
              "duration": 633,
              "state": "passed",
              "speed": "slow",
              "pass": true,
              "fail": false,
              "pending": false,
              "context": null,
              "code": "// https://on.cypress.io/clear\ncy.get('.action-clear').type('Clear this text')\n    .should('have.value', 'Clear this text')\n    .clear()\n    .should('have.value', '');",
              "err": {},
              "uuid": "fb1c014a-9d32-48aa-8223-73cd412e91e8",
              "parentUUID": "6805b3b6-4775-4533-8ea9-1d5d43650813",
              "isHook": false,
              "skipped": false
            },
            {
              "title": ".submit() - submit a form",
              "fullTitle": "Actions .submit() - submit a form",
              "timedOut": null,
              "duration": 501,
              "state": "passed",
              "speed": "slow",
              "pass": true,
              "fail": false,
              "pending": false,
              "context": null,
              "code": "// https://on.cypress.io/submit\ncy.get('.action-form')\n    .find('[type=\"text\"]').type('HALFOFF');\ncy.get('.action-form').submit()\n    .next().should('contain', 'Your form has been submitted!');",
              "err": {},
              "uuid": "011c28d1-a6f2-4950-a462-a4a66f4b5809",
              "parentUUID": "6805b3b6-4775-4533-8ea9-1d5d43650813",
              "isHook": false,
              "skipped": false
            },
            {
              "title": ".click() - click on a DOM element",
              "fullTitle": "Actions .click() - click on a DOM element",
              "timedOut": null,
              "duration": 2315,
              "state": "passed",
              "speed": "slow",
              "pass": true,
              "fail": false,
              "pending": false,
              "context": null,
              "code": "// https://on.cypress.io/click\ncy.get('.action-btn').click();\n// You can click on 9 specific positions of an element:\n//  -----------------------------------\n// | topLeft        top       topRight |\n// |                                   |\n// |                                   |\n// |                                   |\n// | left          center        right |\n// |                                   |\n// |                                   |\n// |                                   |\n// | bottomLeft   bottom   bottomRight |\n//  -----------------------------------\n// clicking in the center of the element is the default\ncy.get('#action-canvas').click();\ncy.get('#action-canvas').click('topLeft');\ncy.get('#action-canvas').click('top');\ncy.get('#action-canvas').click('topRight');\ncy.get('#action-canvas').click('left');\ncy.get('#action-canvas').click('right');\ncy.get('#action-canvas').click('bottomLeft');\ncy.get('#action-canvas').click('bottom');\ncy.get('#action-canvas').click('bottomRight');\n// .click() accepts an x and y coordinate\n// that controls where the click occurs :)\ncy.get('#action-canvas')\n    .click(80, 75) // click 80px on x coord and 75px on y coord\n    .click(170, 75)\n    .click(80, 165)\n    .click(100, 185)\n    .click(125, 190)\n    .click(150, 185)\n    .click(170, 165);\n// click multiple elements by passing multiple: true\ncy.get('.action-labels>.label').click({ multiple: true });\n// Ignore error checking prior to clicking\ncy.get('.action-opacity>.btn').click({ force: true });",
              "err": {},
              "uuid": "b73dd6d6-d54b-4201-99b1-40bceaa890fe",
              "parentUUID": "6805b3b6-4775-4533-8ea9-1d5d43650813",
              "isHook": false,
              "skipped": false
            },
            {
              "title": ".dblclick() - double click on a DOM element",
              "fullTitle": "Actions .dblclick() - double click on a DOM element",
              "timedOut": null,
              "duration": 464,
              "state": "passed",
              "speed": "slow",
              "pass": true,
              "fail": false,
              "pending": false,
              "context": null,
              "code": "// https://on.cypress.io/dblclick\n// Our app has a listener on 'dblclick' event in our 'scripts.js'\n// that hides the div and shows an input on double click\ncy.get('.action-div').dblclick().should('not.be.visible');\ncy.get('.action-input-hidden').should('be.visible');",
              "err": {},
              "uuid": "de2ebc2e-10b4-492d-8962-3f330afa8d63",
              "parentUUID": "6805b3b6-4775-4533-8ea9-1d5d43650813",
              "isHook": false,
              "skipped": false
            },
            {
              "title": ".rightclick() - right click on a DOM element",
              "fullTitle": "Actions .rightclick() - right click on a DOM element",
              "timedOut": null,
              "duration": 298,
              "state": "passed",
              "speed": "slow",
              "pass": true,
              "fail": false,
              "pending": false,
              "context": null,
              "code": "// https://on.cypress.io/rightclick\n// Our app has a listener on 'contextmenu' event in our 'scripts.js'\n// that hides the div and shows an input on right click\ncy.get('.rightclick-action-div').rightclick().should('not.be.visible');\ncy.get('.rightclick-action-input-hidden').should('be.visible');",
              "err": {},
              "uuid": "0ca486c8-c74f-4769-b88b-fb53c64a68ae",
              "parentUUID": "6805b3b6-4775-4533-8ea9-1d5d43650813",
              "isHook": false,
              "skipped": false
            },
            {
              "title": ".check() - check a checkbox or radio element",
              "fullTitle": "Actions .check() - check a checkbox or radio element",
              "timedOut": null,
              "duration": 1068,
              "state": "passed",
              "speed": "slow",
              "pass": true,
              "fail": false,
              "pending": false,
              "context": null,
              "code": "// https://on.cypress.io/check\n// By default, .check() will check all\n// matching checkbox or radio elements in succession, one after another\ncy.get('.action-checkboxes [type=\"checkbox\"]').not('[disabled]')\n    .check().should('be.checked');\ncy.get('.action-radios [type=\"radio\"]').not('[disabled]')\n    .check().should('be.checked');\n// .check() accepts a value argument\ncy.get('.action-radios [type=\"radio\"]')\n    .check('radio1').should('be.checked');\n// .check() accepts an array of values\ncy.get('.action-multiple-checkboxes [type=\"checkbox\"]')\n    .check(['checkbox1', 'checkbox2']).should('be.checked');\n// Ignore error checking prior to checking\ncy.get('.action-checkboxes [disabled]')\n    .check({ force: true }).should('be.checked');\ncy.get('.action-radios [type=\"radio\"]')\n    .check('radio3', { force: true }).should('be.checked');",
              "err": {},
              "uuid": "966e6387-c63f-45eb-9b95-cb5a9b89895f",
              "parentUUID": "6805b3b6-4775-4533-8ea9-1d5d43650813",
              "isHook": false,
              "skipped": false
            },
            {
              "title": ".uncheck() - uncheck a checkbox element",
              "fullTitle": "Actions .uncheck() - uncheck a checkbox element",
              "timedOut": null,
              "duration": 1026,
              "state": "passed",
              "speed": "slow",
              "pass": true,
              "fail": false,
              "pending": false,
              "context": null,
              "code": "// https://on.cypress.io/uncheck\n// By default, .uncheck() will uncheck all matching\n// checkbox elements in succession, one after another\ncy.get('.action-check [type=\"checkbox\"]')\n    .not('[disabled]')\n    .uncheck().should('not.be.checked');\n// .uncheck() accepts a value argument\ncy.get('.action-check [type=\"checkbox\"]')\n    .check('checkbox1')\n    .uncheck('checkbox1').should('not.be.checked');\n// .uncheck() accepts an array of values\ncy.get('.action-check [type=\"checkbox\"]')\n    .check(['checkbox1', 'checkbox3'])\n    .uncheck(['checkbox1', 'checkbox3']).should('not.be.checked');\n// Ignore error checking prior to unchecking\ncy.get('.action-check [disabled]')\n    .uncheck({ force: true }).should('not.be.checked');",
              "err": {},
              "uuid": "16fd1f39-300a-4bfb-a21e-344ad88fdfa6",
              "parentUUID": "6805b3b6-4775-4533-8ea9-1d5d43650813",
              "isHook": false,
              "skipped": false
            },
            {
              "title": ".select() - select an option in a <select> element",
              "fullTitle": "Actions .select() - select an option in a <select> element",
              "timedOut": null,
              "duration": 1045,
              "state": "passed",
              "speed": "slow",
              "pass": true,
              "fail": false,
              "pending": false,
              "context": null,
              "code": "// https://on.cypress.io/select\n// at first, no option should be selected\ncy.get('.action-select')\n    .should('have.value', '--Select a fruit--');\n// Select option(s) with matching text content\ncy.get('.action-select').select('apples');\n// confirm the apples were selected\n// note that each value starts with \"fr-\" in our HTML\ncy.get('.action-select').should('have.value', 'fr-apples');\ncy.get('.action-select-multiple')\n    .select(['apples', 'oranges', 'bananas'])\n    // when getting multiple values, invoke \"val\" method first\n    .invoke('val')\n    .should('deep.equal', ['fr-apples', 'fr-oranges', 'fr-bananas']);\n// Select option(s) with matching value\ncy.get('.action-select').select('fr-bananas')\n    // can attach an assertion right away to the element\n    .should('have.value', 'fr-bananas');\ncy.get('.action-select-multiple')\n    .select(['fr-apples', 'fr-oranges', 'fr-bananas'])\n    .invoke('val')\n    .should('deep.equal', ['fr-apples', 'fr-oranges', 'fr-bananas']);\n// assert the selected values include oranges\ncy.get('.action-select-multiple')\n    .invoke('val').should('include', 'fr-oranges');",
              "err": {},
              "uuid": "160de9d7-004c-4545-be13-d8e2abb5dcda",
              "parentUUID": "6805b3b6-4775-4533-8ea9-1d5d43650813",
              "isHook": false,
              "skipped": false
            },
            {
              "title": ".scrollIntoView() - scroll an element into view",
              "fullTitle": "Actions .scrollIntoView() - scroll an element into view",
              "timedOut": null,
              "duration": 266,
              "state": "passed",
              "speed": "slow",
              "pass": true,
              "fail": false,
              "pending": false,
              "context": null,
              "code": "// https://on.cypress.io/scrollintoview\n// normally all of these buttons are hidden,\n// because they're not within\n// the viewable area of their parent\n// (we need to scroll to see them)\ncy.get('#scroll-horizontal button')\n    .should('not.be.visible');\n// scroll the button into view, as if the user had scrolled\ncy.get('#scroll-horizontal button').scrollIntoView()\n    .should('be.visible');\ncy.get('#scroll-vertical button')\n    .should('not.be.visible');\n// Cypress handles the scroll direction needed\ncy.get('#scroll-vertical button').scrollIntoView()\n    .should('be.visible');\ncy.get('#scroll-both button')\n    .should('not.be.visible');\n// Cypress knows to scroll to the right and down\ncy.get('#scroll-both button').scrollIntoView()\n    .should('be.visible');",
              "err": {},
              "uuid": "c0a783ba-5d75-4ce6-b31f-fe9666dea7b5",
              "parentUUID": "6805b3b6-4775-4533-8ea9-1d5d43650813",
              "isHook": false,
              "skipped": false
            },
            {
              "title": ".trigger() - trigger an event on a DOM element",
              "fullTitle": "Actions .trigger() - trigger an event on a DOM element",
              "timedOut": null,
              "duration": 227,
              "state": "passed",
              "speed": "slow",
              "pass": true,
              "fail": false,
              "pending": false,
              "context": null,
              "code": "// https://on.cypress.io/trigger\n// To interact with a range input (slider)\n// we need to set its value & trigger the\n// event to signal it changed\n// Here, we invoke jQuery's val() method to set\n// the value and trigger the 'change' event\ncy.get('.trigger-input-range')\n    .invoke('val', 25)\n    .trigger('change')\n    .get('input[type=range]').siblings('p')\n    .should('have.text', '25');",
              "err": {},
              "uuid": "685998e7-76c1-467c-8f64-c65a27d18806",
              "parentUUID": "6805b3b6-4775-4533-8ea9-1d5d43650813",
              "isHook": false,
              "skipped": false
            },
            {
              "title": "cy.scrollTo() - scroll the window or element to a position",
              "fullTitle": "Actions cy.scrollTo() - scroll the window or element to a position",
              "timedOut": null,
              "duration": 2240,
              "state": "passed",
              "speed": "slow",
              "pass": true,
              "fail": false,
              "pending": false,
              "context": null,
              "code": "// https://on.cypress.io/scrollTo\n// You can scroll to 9 specific positions of an element:\n//  -----------------------------------\n// | topLeft        top       topRight |\n// |                                   |\n// |                                   |\n// |                                   |\n// | left          center        right |\n// |                                   |\n// |                                   |\n// |                                   |\n// | bottomLeft   bottom   bottomRight |\n//  -----------------------------------\n// if you chain .scrollTo() off of cy, we will\n// scroll the entire window\ncy.scrollTo('bottom');\ncy.get('#scrollable-horizontal').scrollTo('right');\n// or you can scroll to a specific coordinate:\n// (x axis, y axis) in pixels\ncy.get('#scrollable-vertical').scrollTo(250, 250);\n// or you can scroll to a specific percentage\n// of the (width, height) of the element\ncy.get('#scrollable-both').scrollTo('75%', '25%');\n// control the easing of the scroll (default is 'swing')\ncy.get('#scrollable-vertical').scrollTo('center', { easing: 'linear' });\n// control the duration of the scroll (in ms)\ncy.get('#scrollable-both').scrollTo('center', { duration: 2000 });",
              "err": {},
              "uuid": "c1a4c1d8-ca6d-4ea3-b497-2b3668e49dcd",
              "parentUUID": "6805b3b6-4775-4533-8ea9-1d5d43650813",
              "isHook": false,
              "skipped": false
            }
          ],
          "suites": [],
          "passes": [
            "a297fbed-1d04-4aaa-8f7d-d480c4b84d7b",
            "2da5680d-ffe8-4e4a-aa75-a2225a4469e5",
            "05771112-6fce-4ee6-bd4a-99d46fbcecc8",
            "fb1c014a-9d32-48aa-8223-73cd412e91e8",
            "011c28d1-a6f2-4950-a462-a4a66f4b5809",
            "b73dd6d6-d54b-4201-99b1-40bceaa890fe",
            "de2ebc2e-10b4-492d-8962-3f330afa8d63",
            "0ca486c8-c74f-4769-b88b-fb53c64a68ae",
            "966e6387-c63f-45eb-9b95-cb5a9b89895f",
            "16fd1f39-300a-4bfb-a21e-344ad88fdfa6",
            "160de9d7-004c-4545-be13-d8e2abb5dcda",
            "c0a783ba-5d75-4ce6-b31f-fe9666dea7b5",
            "685998e7-76c1-467c-8f64-c65a27d18806",
            "c1a4c1d8-ca6d-4ea3-b497-2b3668e49dcd"
          ],
          "failures": [],
          "pending": [],
          "skipped": [],
          "duration": 15499,
          "root": false,
          "rootEmpty": false,
          "_timeout": 2000
        }
      ],
      "passes": [],
      "failures": [],
      "pending": [],
      "skipped": [],
      "duration": 0,
      "root": true,
      "rootEmpty": true,
      "_timeout": 2000
    }
  ],
  "meta": {
    "mocha": {
      "version": "7.0.1"
    },
    "mochawesome": {
      "options": {
        "quiet": false,
        "reportFilename": "mochawesome",
        "saveHtml": false,
        "saveJson": true,
        "consoleReporter": "spec",
        "useInlineDiffs": false,
        "code": true
      },
      "version": "6.1.1"
    },
    "marge": {
      "options": {
        "id": "default",
        "reportDir": "cypress/results/mochawesome",
        "overwrite": false,
        "html": false,
        "json": true
      },
      "version": "5.1.0"
    }
  }
}