{
  "stats": {
    "suites": 1,
    "tests": 1,
    "passes": 1,
    "pending": 0,
    "failures": 0,
    "start": "2020-08-18T05:26:01.440Z",
    "end": "2020-08-18T05:26:03.940Z",
    "duration": 2500,
    "testsRegistered": 1,
    "passPercent": 100,
    "pendingPercent": 0,
    "other": 0,
    "hasOther": false,
    "skipped": 0,
    "hasSkipped": false
  },
  "results": [
    {
      "uuid": "a9e73571-2980-4206-91c2-0e9617f0d66e",
      "title": "",
      "fullFile": "cypress\\integration\\examples\\local_storage.spec.js",
      "file": "cypress\\integration\\examples\\local_storage.spec.js",
      "beforeHooks": [],
      "afterHooks": [],
      "tests": [],
      "suites": [
        {
          "uuid": "dfb7c8f0-b805-482b-b9f4-5748b65c6f63",
          "title": "Local Storage",
          "fullFile": "",
          "file": "",
          "beforeHooks": [],
          "afterHooks": [],
          "tests": [
            {
              "title": "cy.clearLocalStorage() - clear all data in local storage",
              "fullTitle": "Local Storage cy.clearLocalStorage() - clear all data in local storage",
              "timedOut": null,
              "duration": 1012,
              "state": "passed",
              "speed": "slow",
              "pass": true,
              "fail": false,
              "pending": false,
              "context": null,
              "code": "// https://on.cypress.io/clearlocalstorage\ncy.get('.ls-btn').click().should(function () {\n    expect(localStorage.getItem('prop1')).to.eq('red');\n    expect(localStorage.getItem('prop2')).to.eq('blue');\n    expect(localStorage.getItem('prop3')).to.eq('magenta');\n});\n// clearLocalStorage() yields the localStorage object\ncy.clearLocalStorage().should(function (ls) {\n    expect(ls.getItem('prop1')).to.be[\"null\"];\n    expect(ls.getItem('prop2')).to.be[\"null\"];\n    expect(ls.getItem('prop3')).to.be[\"null\"];\n});\n// Clear key matching string in Local Storage\ncy.get('.ls-btn').click().should(function () {\n    expect(localStorage.getItem('prop1')).to.eq('red');\n    expect(localStorage.getItem('prop2')).to.eq('blue');\n    expect(localStorage.getItem('prop3')).to.eq('magenta');\n});\ncy.clearLocalStorage('prop1').should(function (ls) {\n    expect(ls.getItem('prop1')).to.be[\"null\"];\n    expect(ls.getItem('prop2')).to.eq('blue');\n    expect(ls.getItem('prop3')).to.eq('magenta');\n});\n// Clear keys matching regex in Local Storage\ncy.get('.ls-btn').click().should(function () {\n    expect(localStorage.getItem('prop1')).to.eq('red');\n    expect(localStorage.getItem('prop2')).to.eq('blue');\n    expect(localStorage.getItem('prop3')).to.eq('magenta');\n});\ncy.clearLocalStorage(/prop1|2/).should(function (ls) {\n    expect(ls.getItem('prop1')).to.be[\"null\"];\n    expect(ls.getItem('prop2')).to.be[\"null\"];\n    expect(ls.getItem('prop3')).to.eq('magenta');\n});",
              "err": {},
              "uuid": "87cc8387-dbf8-4f7d-8b1c-a43115dd40b2",
              "parentUUID": "dfb7c8f0-b805-482b-b9f4-5748b65c6f63",
              "isHook": false,
              "skipped": false
            }
          ],
          "suites": [],
          "passes": [
            "87cc8387-dbf8-4f7d-8b1c-a43115dd40b2"
          ],
          "failures": [],
          "pending": [],
          "skipped": [],
          "duration": 1012,
          "root": false,
          "rootEmpty": false,
          "_timeout": 2000
        }
      ],
      "passes": [],
      "failures": [],
      "pending": [],
      "skipped": [],
      "duration": 0,
      "root": true,
      "rootEmpty": true,
      "_timeout": 2000
    }
  ],
  "meta": {
    "mocha": {
      "version": "7.0.1"
    },
    "mochawesome": {
      "options": {
        "quiet": false,
        "reportFilename": "mochawesome",
        "saveHtml": false,
        "saveJson": true,
        "consoleReporter": "spec",
        "useInlineDiffs": false,
        "code": true
      },
      "version": "6.1.1"
    },
    "marge": {
      "options": {
        "id": "default",
        "reportDir": "cypress/results/mochawesome",
        "overwrite": false,
        "html": false,
        "json": true
      },
      "version": "5.1.0"
    }
  }
}