{
  "stats": {
    "suites": 1,
    "tests": 3,
    "passes": 3,
    "pending": 0,
    "failures": 0,
    "start": "2020-08-18T05:27:14.871Z",
    "end": "2020-08-18T05:27:22.282Z",
    "duration": 7411,
    "testsRegistered": 3,
    "passPercent": 100,
    "pendingPercent": 0,
    "other": 0,
    "hasOther": false,
    "skipped": 0,
    "hasSkipped": false
  },
  "results": [
    {
      "uuid": "d014c51c-4ce2-4805-b760-88745ed802e3",
      "title": "",
      "fullFile": "cypress\\integration\\train\\test.spec.js",
      "file": "cypress\\integration\\train\\test.spec.js",
      "beforeHooks": [],
      "afterHooks": [],
      "tests": [],
      "suites": [
        {
          "uuid": "6a758f34-bc63-4681-b24c-01749dd417c5",
          "title": "Example suite",
          "fullFile": "",
          "file": "",
          "beforeHooks": [],
          "afterHooks": [],
          "tests": [
            {
              "title": "first test",
              "fullTitle": "Example suite first test",
              "timedOut": null,
              "duration": 3398,
              "state": "passed",
              "speed": "slow",
              "pass": true,
              "fail": false,
              "pending": false,
              "context": null,
              "code": "cy.get('[data-cy=\"signInButton\"]');\ncy.contains('Sign in');\ncy.contains('[status=\"warning\"]', 'Sign in');",
              "err": {},
              "uuid": "2a94ac8a-7017-494b-baf1-3edc52a191c5",
              "parentUUID": "6a758f34-bc63-4681-b24c-01749dd417c5",
              "isHook": false,
              "skipped": false
            },
            {
              "title": "second test",
              "fullTitle": "Example suite second test",
              "timedOut": null,
              "duration": 2085,
              "state": "passed",
              "speed": "slow",
              "pass": true,
              "fail": false,
              "pending": false,
              "context": null,
              "code": "cy.get('#inputEmail3')\n    .parents('form')\n    .find('button')\n    .should('contain', 'Sign in')\n    .parents('form')\n    .find('nb-checkbox')\n    .click();",
              "err": {},
              "uuid": "9e2c26ca-5789-4d53-89b2-56e88cd03a95",
              "parentUUID": "6a758f34-bc63-4681-b24c-01749dd417c5",
              "isHook": false,
              "skipped": false
            },
            {
              "title": "third test",
              "fullTitle": "Example suite third test",
              "timedOut": null,
              "duration": 1840,
              "state": "passed",
              "speed": "slow",
              "pass": true,
              "fail": false,
              "pending": false,
              "context": null,
              "code": "cy.contains('nb-card', 'Horizontal form')\n    .find('#inputEmail3')\n    .type('some email');",
              "err": {},
              "uuid": "93489872-97ce-4001-be3b-14e27ca3c4ba",
              "parentUUID": "6a758f34-bc63-4681-b24c-01749dd417c5",
              "isHook": false,
              "skipped": false
            }
          ],
          "suites": [],
          "passes": [
            "2a94ac8a-7017-494b-baf1-3edc52a191c5",
            "9e2c26ca-5789-4d53-89b2-56e88cd03a95",
            "93489872-97ce-4001-be3b-14e27ca3c4ba"
          ],
          "failures": [],
          "pending": [],
          "skipped": [],
          "duration": 7323,
          "root": false,
          "rootEmpty": false,
          "_timeout": 2000
        }
      ],
      "passes": [],
      "failures": [],
      "pending": [],
      "skipped": [],
      "duration": 0,
      "root": true,
      "rootEmpty": true,
      "_timeout": 2000
    }
  ],
  "meta": {
    "mocha": {
      "version": "7.0.1"
    },
    "mochawesome": {
      "options": {
        "quiet": false,
        "reportFilename": "mochawesome",
        "saveHtml": false,
        "saveJson": true,
        "consoleReporter": "spec",
        "useInlineDiffs": false,
        "code": true
      },
      "version": "6.1.1"
    },
    "marge": {
      "options": {
        "id": "default",
        "reportDir": "cypress/results/mochawesome",
        "overwrite": false,
        "html": false,
        "json": true
      },
      "version": "5.1.0"
    }
  }
}