{
  "stats": {
    "suites": 2,
    "tests": 6,
    "passes": 6,
    "pending": 0,
    "failures": 0,
    "start": "2020-09-03T16:00:05.988Z",
    "end": "2020-09-03T16:00:10.337Z",
    "duration": 4349,
    "testsRegistered": 6,
    "passPercent": 100,
    "pendingPercent": 0,
    "other": 0,
    "hasOther": false,
    "skipped": 0,
    "hasSkipped": false
  },
  "results": [
    {
      "uuid": "02d99764-59b8-4ad9-9584-92ac5c8eae85",
      "title": "",
      "fullFile": "cypress/integration/examples/misc.spec.js",
      "file": "cypress/integration/examples/misc.spec.js",
      "beforeHooks": [],
      "afterHooks": [],
      "tests": [],
      "suites": [
        {
          "uuid": "5943925e-ec05-4f4a-aff9-1320b4d7b1cd",
          "title": "Misc",
          "fullFile": "",
          "file": "",
          "beforeHooks": [],
          "afterHooks": [],
          "tests": [
            {
              "title": ".end() - end the command chain",
              "fullTitle": "Misc .end() - end the command chain",
              "timedOut": null,
              "duration": 729,
              "state": "passed",
              "speed": "slow",
              "pass": true,
              "fail": false,
              "pending": false,
              "context": null,
              "code": "// https://on.cypress.io/end\n// cy.end is useful when you want to end a chain of commands\n// and force Cypress to re-query from the root element\ncy.get('.misc-table').within(function () {\n    // ends the current chain and yields null\n    cy.contains('Cheryl').click().end();\n    // queries the entire table again\n    cy.contains('Charles').click();\n});",
              "err": {},
              "uuid": "0a992ba2-b7c0-4899-8086-c85daff12164",
              "parentUUID": "5943925e-ec05-4f4a-aff9-1320b4d7b1cd",
              "isHook": false,
              "skipped": false
            },
            {
              "title": "cy.exec() - execute a system command",
              "fullTitle": "Misc cy.exec() - execute a system command",
              "timedOut": null,
              "duration": 320,
              "state": "passed",
              "speed": "slow",
              "pass": true,
              "fail": false,
              "pending": false,
              "context": null,
              "code": "// execute a system command.\n// so you can take actions necessary for\n// your test outside the scope of Cypress.\n// https://on.cypress.io/exec\n// we can use Cypress.platform string to\n// select appropriate command\n// https://on.cypress/io/platform\ncy.log(\"Platform \" + Cypress.platform + \" architecture \" + Cypress.arch);\n// on CircleCI Windows build machines we have a failure to run bash shell\n// https://github.com/cypress-io/cypress/issues/5169\n// so skip some of the tests by passing flag \"--env circle=true\"\nvar isCircleOnWindows = Cypress.platform === 'win32' && Cypress.env('circle');\nif (isCircleOnWindows) {\n    cy.log('Skipping test on CircleCI');\n    return;\n}\n// cy.exec problem on Shippable CI\n// https://github.com/cypress-io/cypress/issues/6718\nvar isShippable = Cypress.platform === 'linux' && Cypress.env('shippable');\nif (isShippable) {\n    cy.log('Skipping test on ShippableCI');\n    return;\n}\ncy.exec('echo Jane Lane')\n    .its('stdout').should('contain', 'Jane Lane');\nif (Cypress.platform === 'win32') {\n    cy.exec('print cypress.json')\n        .its('stderr').should('be.empty');\n}\nelse {\n    cy.exec('cat cypress.json')\n        .its('stderr').should('be.empty');\n    cy.exec('pwd')\n        .its('code').should('eq', 0);\n}",
              "err": {},
              "uuid": "6805273b-51f6-424d-a407-48f1bab1fb08",
              "parentUUID": "5943925e-ec05-4f4a-aff9-1320b4d7b1cd",
              "isHook": false,
              "skipped": false
            },
            {
              "title": "cy.focused() - get the DOM element that has focus",
              "fullTitle": "Misc cy.focused() - get the DOM element that has focus",
              "timedOut": null,
              "duration": 360,
              "state": "passed",
              "speed": "slow",
              "pass": true,
              "fail": false,
              "pending": false,
              "context": null,
              "code": "// https://on.cypress.io/focused\ncy.get('.misc-form').find('#name').click();\ncy.focused().should('have.id', 'name');\ncy.get('.misc-form').find('#description').click();\ncy.focused().should('have.id', 'description');",
              "err": {},
              "uuid": "b2627ba9-2535-46a5-9d73-8a86159e4a7f",
              "parentUUID": "5943925e-ec05-4f4a-aff9-1320b4d7b1cd",
              "isHook": false,
              "skipped": false
            },
            {
              "title": "cy.wrap() - wrap an object",
              "fullTitle": "Misc cy.wrap() - wrap an object",
              "timedOut": null,
              "duration": 146,
              "state": "passed",
              "speed": "slow",
              "pass": true,
              "fail": false,
              "pending": false,
              "context": null,
              "code": "// https://on.cypress.io/wrap\ncy.wrap({ foo: 'bar' })\n    .should('have.property', 'foo')\n    .and('include', 'bar');",
              "err": {},
              "uuid": "3467d454-07ac-44c2-90be-1783042f88a3",
              "parentUUID": "5943925e-ec05-4f4a-aff9-1320b4d7b1cd",
              "isHook": false,
              "skipped": false
            }
          ],
          "suites": [
            {
              "uuid": "d1829e9e-6cb7-45a7-8218-c749df1f8fbb",
              "title": "Cypress.Screenshot",
              "fullFile": "",
              "file": "",
              "beforeHooks": [],
              "afterHooks": [],
              "tests": [
                {
                  "title": "cy.screenshot() - take a screenshot",
                  "fullTitle": "Misc Cypress.Screenshot cy.screenshot() - take a screenshot",
                  "timedOut": null,
                  "duration": 1260,
                  "state": "passed",
                  "speed": "slow",
                  "pass": true,
                  "fail": false,
                  "pending": false,
                  "context": null,
                  "code": "// https://on.cypress.io/screenshot\ncy.screenshot('my-image');",
                  "err": {},
                  "uuid": "0161a576-c0d8-4342-ba24-e6e44ccefb7d",
                  "parentUUID": "d1829e9e-6cb7-45a7-8218-c749df1f8fbb",
                  "isHook": false,
                  "skipped": false
                },
                {
                  "title": "Cypress.Screenshot.defaults() - change default config of screenshots",
                  "fullTitle": "Misc Cypress.Screenshot Cypress.Screenshot.defaults() - change default config of screenshots",
                  "timedOut": null,
                  "duration": 184,
                  "state": "passed",
                  "speed": "slow",
                  "pass": true,
                  "fail": false,
                  "pending": false,
                  "context": null,
                  "code": "Cypress.Screenshot.defaults({\n    blackout: ['.foo'],\n    capture: 'viewport',\n    clip: { x: 0, y: 0, width: 200, height: 200 },\n    scale: false,\n    disableTimersAndAnimations: true,\n    screenshotOnRunFailure: true,\n    onBeforeScreenshot: function () { },\n    onAfterScreenshot: function () { }\n});",
                  "err": {},
                  "uuid": "ffa9ea21-4f9b-4393-9f97-54884b0c4d6b",
                  "parentUUID": "d1829e9e-6cb7-45a7-8218-c749df1f8fbb",
                  "isHook": false,
                  "skipped": false
                }
              ],
              "suites": [],
              "passes": [
                "0161a576-c0d8-4342-ba24-e6e44ccefb7d",
                "ffa9ea21-4f9b-4393-9f97-54884b0c4d6b"
              ],
              "failures": [],
              "pending": [],
              "skipped": [],
              "duration": 1444,
              "root": false,
              "rootEmpty": false,
              "_timeout": 2000
            }
          ],
          "passes": [
            "0a992ba2-b7c0-4899-8086-c85daff12164",
            "6805273b-51f6-424d-a407-48f1bab1fb08",
            "b2627ba9-2535-46a5-9d73-8a86159e4a7f",
            "3467d454-07ac-44c2-90be-1783042f88a3"
          ],
          "failures": [],
          "pending": [],
          "skipped": [],
          "duration": 1555,
          "root": false,
          "rootEmpty": false,
          "_timeout": 2000
        }
      ],
      "passes": [],
      "failures": [],
      "pending": [],
      "skipped": [],
      "duration": 0,
      "root": true,
      "rootEmpty": true,
      "_timeout": 2000
    }
  ],
  "meta": {
    "mocha": {
      "version": "7.0.1"
    },
    "mochawesome": {
      "options": {
        "quiet": false,
        "reportFilename": "mochawesome",
        "saveHtml": false,
        "saveJson": true,
        "consoleReporter": "spec",
        "useInlineDiffs": false,
        "code": true
      },
      "version": "6.1.1"
    },
    "marge": {
      "options": {
        "id": "default",
        "reportDir": "cypress/results/mochawesome",
        "overwrite": false,
        "html": false,
        "json": true
      },
      "version": "5.1.0"
    }
  }
}