{
  "stats": {
    "suites": 1,
    "tests": 3,
    "passes": 3,
    "pending": 0,
    "failures": 0,
    "start": "2020-08-17T16:04:11.106Z",
    "end": "2020-08-17T16:04:18.937Z",
    "duration": 7831,
    "testsRegistered": 3,
    "passPercent": 100,
    "pendingPercent": 0,
    "other": 0,
    "hasOther": false,
    "skipped": 0,
    "hasSkipped": false
  },
  "results": [
    {
      "uuid": "7017dafd-3eba-4cea-a250-d9cafe1d69da",
      "title": "",
      "fullFile": "cypress\\integration\\train\\test.spec.js",
      "file": "cypress\\integration\\train\\test.spec.js",
      "beforeHooks": [],
      "afterHooks": [],
      "tests": [],
      "suites": [
        {
          "uuid": "4aed162a-25d9-4228-8ede-b5fcc50251ae",
          "title": "Example suite",
          "fullFile": "",
          "file": "",
          "beforeHooks": [],
          "afterHooks": [],
          "tests": [
            {
              "title": "first test",
              "fullTitle": "Example suite first test",
              "timedOut": null,
              "duration": 3691,
              "state": "passed",
              "speed": "slow",
              "pass": true,
              "fail": false,
              "pending": false,
              "context": null,
              "code": "cy.get('[data-cy=\"signInButton\"]');\ncy.contains('Sign in');\ncy.contains('[status=\"warning\"]', 'Sign in');",
              "err": {},
              "uuid": "7d3d80d0-7892-48c2-ade0-fa3e0c1b2bbb",
              "parentUUID": "4aed162a-25d9-4228-8ede-b5fcc50251ae",
              "isHook": false,
              "skipped": false
            },
            {
              "title": "second test",
              "fullTitle": "Example suite second test",
              "timedOut": null,
              "duration": 1988,
              "state": "passed",
              "speed": "slow",
              "pass": true,
              "fail": false,
              "pending": false,
              "context": null,
              "code": "cy.get('#inputEmail3')\n    .parents('form')\n    .find('button')\n    .should('contain', 'Sign in')\n    .parents('form')\n    .find('nb-checkbox')\n    .click();",
              "err": {},
              "uuid": "5404cbb3-553e-4062-82e7-a2fe210fe5f9",
              "parentUUID": "4aed162a-25d9-4228-8ede-b5fcc50251ae",
              "isHook": false,
              "skipped": false
            },
            {
              "title": "third test",
              "fullTitle": "Example suite third test",
              "timedOut": null,
              "duration": 2096,
              "state": "passed",
              "speed": "slow",
              "pass": true,
              "fail": false,
              "pending": false,
              "context": null,
              "code": "cy.contains('nb-card', 'Horizontal form')\n    .find('#inputEmail3')\n    .type('some email');",
              "err": {},
              "uuid": "a0317073-2228-4c49-b7db-59bfb9fe054d",
              "parentUUID": "4aed162a-25d9-4228-8ede-b5fcc50251ae",
              "isHook": false,
              "skipped": false
            }
          ],
          "suites": [],
          "passes": [
            "7d3d80d0-7892-48c2-ade0-fa3e0c1b2bbb",
            "5404cbb3-553e-4062-82e7-a2fe210fe5f9",
            "a0317073-2228-4c49-b7db-59bfb9fe054d"
          ],
          "failures": [],
          "pending": [],
          "skipped": [],
          "duration": 7775,
          "root": false,
          "rootEmpty": false,
          "_timeout": 2000
        }
      ],
      "passes": [],
      "failures": [],
      "pending": [],
      "skipped": [],
      "duration": 0,
      "root": true,
      "rootEmpty": true,
      "_timeout": 2000
    }
  ],
  "meta": {
    "mocha": {
      "version": "7.0.1"
    },
    "mochawesome": {
      "options": {
        "quiet": false,
        "reportFilename": "mochawesome",
        "saveHtml": false,
        "saveJson": true,
        "consoleReporter": "spec",
        "useInlineDiffs": false,
        "code": true
      },
      "version": "6.1.1"
    },
    "marge": {
      "options": {
        "id": "default",
        "reportDir": "cypress/results/mochawesome",
        "overwrite": false,
        "html": false,
        "json": true
      },
      "version": "5.1.0"
    }
  }
}