{
  "stats": {
    "suites": 3,
    "tests": 9,
    "passes": 9,
    "pending": 0,
    "failures": 0,
    "start": "2020-08-18T05:25:32.980Z",
    "end": "2020-08-18T05:25:37.887Z",
    "duration": 4907,
    "testsRegistered": 9,
    "passPercent": 100,
    "pendingPercent": 0,
    "other": 0,
    "hasOther": false,
    "skipped": 0,
    "hasSkipped": false
  },
  "results": [
    {
      "uuid": "8bacf6ff-c43a-4ede-8325-9e21a1c27cca",
      "title": "",
      "fullFile": "cypress\\integration\\examples\\assertions.spec.js",
      "file": "cypress\\integration\\examples\\assertions.spec.js",
      "beforeHooks": [],
      "afterHooks": [],
      "tests": [],
      "suites": [
        {
          "uuid": "47b407fa-2fa3-4067-92d2-d08f0cf01f72",
          "title": "Assertions",
          "fullFile": "",
          "file": "",
          "beforeHooks": [],
          "afterHooks": [],
          "tests": [],
          "suites": [
            {
              "uuid": "8d1bdc73-4a70-40de-a11d-4fd0daf196fa",
              "title": "Implicit Assertions",
              "fullFile": "",
              "file": "",
              "beforeHooks": [],
              "afterHooks": [],
              "tests": [
                {
                  "title": ".should() - make an assertion about the current subject",
                  "fullTitle": "Assertions Implicit Assertions .should() - make an assertion about the current subject",
                  "timedOut": null,
                  "duration": 731,
                  "state": "passed",
                  "speed": "slow",
                  "pass": true,
                  "fail": false,
                  "pending": false,
                  "context": null,
                  "code": "// https://on.cypress.io/should\ncy.get('.assertion-table')\n    .find('tbody tr:last')\n    .should('have.class', 'success')\n    .find('td')\n    .first()\n    // checking the text of the <td> element in various ways\n    .should('have.text', 'Column content')\n    .should('contain', 'Column content')\n    .should('have.html', 'Column content')\n    // chai-jquery uses \"is()\" to check if element matches selector\n    .should('match', 'td')\n    // to match text content against a regular expression\n    // first need to invoke jQuery method text()\n    // and then match using regular expression\n    .invoke('text')\n    .should('match', /column content/i);\n// a better way to check element's text content against a regular expression\n// is to use \"cy.contains\"\n// https://on.cypress.io/contains\ncy.get('.assertion-table')\n    .find('tbody tr:last')\n    // finds first <td> element with text content matching regular expression\n    .contains('td', /column content/i)\n    .should('be.visible');\n// for more information about asserting element's text\n// see https://on.cypress.io/using-cypress-faq#How-do-I-get-an-element’s-text-contents",
                  "err": {},
                  "uuid": "9a749df1-6a69-47e9-a960-bdd127f0208a",
                  "parentUUID": "8d1bdc73-4a70-40de-a11d-4fd0daf196fa",
                  "isHook": false,
                  "skipped": false
                },
                {
                  "title": ".and() - chain multiple assertions together",
                  "fullTitle": "Assertions Implicit Assertions .and() - chain multiple assertions together",
                  "timedOut": null,
                  "duration": 190,
                  "state": "passed",
                  "speed": "slow",
                  "pass": true,
                  "fail": false,
                  "pending": false,
                  "context": null,
                  "code": "// https://on.cypress.io/and\ncy.get('.assertions-link')\n    .should('have.class', 'active')\n    .and('have.attr', 'href')\n    .and('include', 'cypress.io');",
                  "err": {},
                  "uuid": "c001221a-700c-4db3-9b8e-7804341d25e0",
                  "parentUUID": "8d1bdc73-4a70-40de-a11d-4fd0daf196fa",
                  "isHook": false,
                  "skipped": false
                }
              ],
              "suites": [],
              "passes": [
                "9a749df1-6a69-47e9-a960-bdd127f0208a",
                "c001221a-700c-4db3-9b8e-7804341d25e0"
              ],
              "failures": [],
              "pending": [],
              "skipped": [],
              "duration": 921,
              "root": false,
              "rootEmpty": false,
              "_timeout": 2000
            },
            {
              "uuid": "7ea4ffdd-77b1-41bf-9762-28244cefaf23",
              "title": "Explicit Assertions",
              "fullFile": "",
              "file": "",
              "beforeHooks": [],
              "afterHooks": [],
              "tests": [
                {
                  "title": "expect - make an assertion about a specified subject",
                  "fullTitle": "Assertions Explicit Assertions expect - make an assertion about a specified subject",
                  "timedOut": null,
                  "duration": 202,
                  "state": "passed",
                  "speed": "slow",
                  "pass": true,
                  "fail": false,
                  "pending": false,
                  "context": null,
                  "code": "// We can use Chai's BDD style assertions\nexpect(true).to.be[\"true\"];\nvar o = { foo: 'bar' };\nexpect(o).to.equal(o);\nexpect(o).to.deep.equal({ foo: 'bar' });\n// matching text using regular expression\nexpect('FooBar').to.match(/bar$/i);",
                  "err": {},
                  "uuid": "743dee6e-0064-47ae-a415-08f6183dc1cc",
                  "parentUUID": "7ea4ffdd-77b1-41bf-9762-28244cefaf23",
                  "isHook": false,
                  "skipped": false
                },
                {
                  "title": "pass your own callback function to should()",
                  "fullTitle": "Assertions Explicit Assertions pass your own callback function to should()",
                  "timedOut": null,
                  "duration": 210,
                  "state": "passed",
                  "speed": "slow",
                  "pass": true,
                  "fail": false,
                  "pending": false,
                  "context": null,
                  "code": "// Pass a function to should that can have any number\n// of explicit assertions within it.\n// The \".should(cb)\" function will be retried\n// automatically until it passes all your explicit assertions or times out.\ncy.get('.assertions-p')\n    .find('p')\n    .should(function ($p) {\n    // https://on.cypress.io/$\n    // return an array of texts from all of the p's\n    // @ts-ignore TS6133 unused variable\n    var texts = $p.map(function (i, el) { return Cypress.$(el).text(); });\n    // jquery map returns jquery object\n    // and .get() convert this to simple array\n    var paragraphs = texts.get();\n    // array should have length of 3\n    expect(paragraphs, 'has 3 paragraphs').to.have.length(3);\n    // use second argument to expect(...) to provide clear\n    // message with each assertion\n    expect(paragraphs, 'has expected text in each paragraph').to.deep.eq([\n        'Some text from first p',\n        'More text from second p',\n        'And even more text from third p',\n    ]);\n});",
                  "err": {},
                  "uuid": "76589a75-cc66-472d-90b6-02b1c1e1ccfc",
                  "parentUUID": "7ea4ffdd-77b1-41bf-9762-28244cefaf23",
                  "isHook": false,
                  "skipped": false
                },
                {
                  "title": "finds element by class name regex",
                  "fullTitle": "Assertions Explicit Assertions finds element by class name regex",
                  "timedOut": null,
                  "duration": 196,
                  "state": "passed",
                  "speed": "slow",
                  "pass": true,
                  "fail": false,
                  "pending": false,
                  "context": null,
                  "code": "cy.get('.docs-header')\n    .find('div')\n    // .should(cb) callback function will be retried\n    .should(function ($div) {\n    expect($div).to.have.length(1);\n    var className = $div[0].className;\n    expect(className).to.match(/heading-/);\n})\n    // .then(cb) callback is not retried,\n    // it either passes or fails\n    .then(function ($div) {\n    expect($div, 'text content').to.have.text('Introduction');\n});",
                  "err": {},
                  "uuid": "058b8bb1-c206-4826-8ffc-fca78562218e",
                  "parentUUID": "7ea4ffdd-77b1-41bf-9762-28244cefaf23",
                  "isHook": false,
                  "skipped": false
                },
                {
                  "title": "can throw any error",
                  "fullTitle": "Assertions Explicit Assertions can throw any error",
                  "timedOut": null,
                  "duration": 219,
                  "state": "passed",
                  "speed": "slow",
                  "pass": true,
                  "fail": false,
                  "pending": false,
                  "context": null,
                  "code": "cy.get('.docs-header')\n    .find('div')\n    .should(function ($div) {\n    if ($div.length !== 1) {\n        // you can throw your own errors\n        throw new Error('Did not find 1 element');\n    }\n    var className = $div[0].className;\n    if (!className.match(/heading-/)) {\n        throw new Error(\"Could not find class \\\"heading-\\\" in \" + className);\n    }\n});",
                  "err": {},
                  "uuid": "8039ef0b-7cb2-4b1a-b03d-4535770ef394",
                  "parentUUID": "7ea4ffdd-77b1-41bf-9762-28244cefaf23",
                  "isHook": false,
                  "skipped": false
                },
                {
                  "title": "matches unknown text between two elements",
                  "fullTitle": "Assertions Explicit Assertions matches unknown text between two elements",
                  "timedOut": null,
                  "duration": 208,
                  "state": "passed",
                  "speed": "slow",
                  "pass": true,
                  "fail": false,
                  "pending": false,
                  "context": null,
                  "code": "/**\n * Text from the first element.\n * @type {string}\n*/\nvar text;\n/**\n * Normalizes passed text,\n * useful before comparing text with spaces and different capitalization.\n * @param {string} s Text to normalize\n*/\nvar normalizeText = function (s) { return s.replace(/\\s/g, '').toLowerCase(); };\ncy.get('.two-elements')\n    .find('.first')\n    .then(function ($first) {\n    // save text from the first element\n    text = normalizeText($first.text());\n});\ncy.get('.two-elements')\n    .find('.second')\n    .should(function ($div) {\n    // we can massage text before comparing\n    var secondText = normalizeText($div.text());\n    expect(secondText, 'second text').to.equal(text);\n});",
                  "err": {},
                  "uuid": "9e7f745e-7824-4ce3-a8c9-7c8810a56e4a",
                  "parentUUID": "7ea4ffdd-77b1-41bf-9762-28244cefaf23",
                  "isHook": false,
                  "skipped": false
                },
                {
                  "title": "assert - assert shape of an object",
                  "fullTitle": "Assertions Explicit Assertions assert - assert shape of an object",
                  "timedOut": null,
                  "duration": 186,
                  "state": "passed",
                  "speed": "slow",
                  "pass": true,
                  "fail": false,
                  "pending": false,
                  "context": null,
                  "code": "var person = {\n    name: 'Joe',\n    age: 20\n};\nassert.isObject(person, 'value is object');",
                  "err": {},
                  "uuid": "f2dcb46a-e2a7-4680-8386-42fabf19c3bf",
                  "parentUUID": "7ea4ffdd-77b1-41bf-9762-28244cefaf23",
                  "isHook": false,
                  "skipped": false
                },
                {
                  "title": "retries the should callback until assertions pass",
                  "fullTitle": "Assertions Explicit Assertions retries the should callback until assertions pass",
                  "timedOut": null,
                  "duration": 1676,
                  "state": "passed",
                  "speed": "slow",
                  "pass": true,
                  "fail": false,
                  "pending": false,
                  "context": null,
                  "code": "cy.get('#random-number')\n    .should(function ($div) {\n    var n = parseFloat($div.text());\n    expect(n).to.be.gte(1).and.be.lte(10);\n});",
                  "err": {},
                  "uuid": "fe482170-726f-4faa-a6fe-e905920832e9",
                  "parentUUID": "7ea4ffdd-77b1-41bf-9762-28244cefaf23",
                  "isHook": false,
                  "skipped": false
                }
              ],
              "suites": [],
              "passes": [
                "743dee6e-0064-47ae-a415-08f6183dc1cc",
                "76589a75-cc66-472d-90b6-02b1c1e1ccfc",
                "058b8bb1-c206-4826-8ffc-fca78562218e",
                "8039ef0b-7cb2-4b1a-b03d-4535770ef394",
                "9e7f745e-7824-4ce3-a8c9-7c8810a56e4a",
                "f2dcb46a-e2a7-4680-8386-42fabf19c3bf",
                "fe482170-726f-4faa-a6fe-e905920832e9"
              ],
              "failures": [],
              "pending": [],
              "skipped": [],
              "duration": 2897,
              "root": false,
              "rootEmpty": false,
              "_timeout": 2000
            }
          ],
          "passes": [],
          "failures": [],
          "pending": [],
          "skipped": [],
          "duration": 0,
          "root": false,
          "rootEmpty": false,
          "_timeout": 2000
        }
      ],
      "passes": [],
      "failures": [],
      "pending": [],
      "skipped": [],
      "duration": 0,
      "root": true,
      "rootEmpty": true,
      "_timeout": 2000
    }
  ],
  "meta": {
    "mocha": {
      "version": "7.0.1"
    },
    "mochawesome": {
      "options": {
        "quiet": false,
        "reportFilename": "mochawesome",
        "saveHtml": false,
        "saveJson": true,
        "consoleReporter": "spec",
        "useInlineDiffs": false,
        "code": true
      },
      "version": "6.1.1"
    },
    "marge": {
      "options": {
        "id": "default",
        "reportDir": "cypress/results/mochawesome",
        "overwrite": false,
        "html": false,
        "json": true
      },
      "version": "5.1.0"
    }
  }
}