{
  "stats": {
    "suites": 1,
    "tests": 7,
    "passes": 7,
    "pending": 0,
    "failures": 0,
    "start": "2020-08-18T05:26:20.591Z",
    "end": "2020-08-18T05:26:29.411Z",
    "duration": 8820,
    "testsRegistered": 7,
    "passPercent": 100,
    "pendingPercent": 0,
    "other": 0,
    "hasOther": false,
    "skipped": 0,
    "hasSkipped": false
  },
  "results": [
    {
      "uuid": "c7a43f0e-51ad-4b68-92d7-de195fd1f807",
      "title": "",
      "fullFile": "cypress\\integration\\examples\\network_requests.spec.js",
      "file": "cypress\\integration\\examples\\network_requests.spec.js",
      "beforeHooks": [],
      "afterHooks": [],
      "tests": [],
      "suites": [
        {
          "uuid": "ab19d419-5768-4e9e-95b8-8cda4e73b1ae",
          "title": "Network Requests",
          "fullFile": "",
          "file": "",
          "beforeHooks": [],
          "afterHooks": [],
          "tests": [
            {
              "title": "cy.server() - control behavior of network requests and responses",
              "fullTitle": "Network Requests cy.server() - control behavior of network requests and responses",
              "timedOut": null,
              "duration": 612,
              "state": "passed",
              "speed": "slow",
              "pass": true,
              "fail": false,
              "pending": false,
              "context": null,
              "code": "// https://on.cypress.io/server\ncy.server().should(function (server) {\n    // the default options on server\n    // you can override any of these options\n    expect(server.delay).to.eq(0);\n    expect(server.method).to.eq('GET');\n    expect(server.status).to.eq(200);\n    expect(server.headers).to.be[\"null\"];\n    expect(server.response).to.be[\"null\"];\n    expect(server.onRequest).to.be.undefined;\n    expect(server.onResponse).to.be.undefined;\n    expect(server.onAbort).to.be.undefined;\n    // These options control the server behavior\n    // affecting all requests\n    // pass false to disable existing route stubs\n    expect(server.enable).to.be[\"true\"];\n    // forces requests that don't match your routes to 404\n    expect(server.force404).to.be[\"false\"];\n    // whitelists requests from ever being logged or stubbed\n    expect(server.whitelist).to.be.a('function');\n});\ncy.server({\n    method: 'POST',\n    delay: 1000,\n    status: 422,\n    response: {}\n});\n// any route commands will now inherit the above options\n// from the server. anything we pass specifically\n// to route will override the defaults though.",
              "err": {},
              "uuid": "35bdf75a-8710-4bd1-8174-75aa69ffe6d6",
              "parentUUID": "ab19d419-5768-4e9e-95b8-8cda4e73b1ae",
              "isHook": false,
              "skipped": false
            },
            {
              "title": "cy.request() - make an XHR request",
              "fullTitle": "Network Requests cy.request() - make an XHR request",
              "timedOut": null,
              "duration": 953,
              "state": "passed",
              "speed": "slow",
              "pass": true,
              "fail": false,
              "pending": false,
              "context": null,
              "code": "// https://on.cypress.io/request\ncy.request('https://jsonplaceholder.cypress.io/comments')\n    .should(function (response) {\n    expect(response.status).to.eq(200);\n    // the server sometimes gets an extra comment posted from another machine\n    // which gets returned as 1 extra object\n    expect(response.body).to.have.property('length').and.be.oneOf([500, 501]);\n    expect(response).to.have.property('headers');\n    expect(response).to.have.property('duration');\n});",
              "err": {},
              "uuid": "52b0be27-e396-47c7-a4df-639235ca08fb",
              "parentUUID": "ab19d419-5768-4e9e-95b8-8cda4e73b1ae",
              "isHook": false,
              "skipped": false
            },
            {
              "title": "cy.request() - verify response using BDD syntax",
              "fullTitle": "Network Requests cy.request() - verify response using BDD syntax",
              "timedOut": null,
              "duration": 896,
              "state": "passed",
              "speed": "slow",
              "pass": true,
              "fail": false,
              "pending": false,
              "context": null,
              "code": "cy.request('https://jsonplaceholder.cypress.io/comments')\n    .then(function (response) {\n    // https://on.cypress.io/assertions\n    expect(response).property('status').to.equal(200);\n    expect(response).property('body').to.have.property('length').and.be.oneOf([500, 501]);\n    expect(response).to.include.keys('headers', 'duration');\n});",
              "err": {},
              "uuid": "9edd3085-4593-4355-9a28-ecc1f46aeb94",
              "parentUUID": "ab19d419-5768-4e9e-95b8-8cda4e73b1ae",
              "isHook": false,
              "skipped": false
            },
            {
              "title": "cy.request() with query parameters",
              "fullTitle": "Network Requests cy.request() with query parameters",
              "timedOut": null,
              "duration": 480,
              "state": "passed",
              "speed": "slow",
              "pass": true,
              "fail": false,
              "pending": false,
              "context": null,
              "code": "// will execute request\n// https://jsonplaceholder.cypress.io/comments?postId=1&id=3\ncy.request({\n    url: 'https://jsonplaceholder.cypress.io/comments',\n    qs: {\n        postId: 1,\n        id: 3\n    }\n})\n    .its('body')\n    .should('be.an', 'array')\n    .and('have.length', 1)\n    .its('0') // yields first element of the array\n    .should('contain', {\n    postId: 1,\n    id: 3\n});",
              "err": {},
              "uuid": "6f2bab5c-5d70-411f-99bb-27ac2e494291",
              "parentUUID": "ab19d419-5768-4e9e-95b8-8cda4e73b1ae",
              "isHook": false,
              "skipped": false
            },
            {
              "title": "cy.request() - pass result to the second request",
              "fullTitle": "Network Requests cy.request() - pass result to the second request",
              "timedOut": null,
              "duration": 937,
              "state": "passed",
              "speed": "slow",
              "pass": true,
              "fail": false,
              "pending": false,
              "context": null,
              "code": "// first, let's find out the userId of the first user we have\ncy.request('https://jsonplaceholder.cypress.io/users?_limit=1')\n    .its('body') // yields the response object\n    .its('0') // yields the first element of the returned list\n    // the above two commands its('body').its('0')\n    // can be written as its('body.0')\n    // if you do not care about TypeScript checks\n    .then(function (user) {\n    expect(user).property('id').to.be.a('number');\n    // make a new post on behalf of the user\n    cy.request('POST', 'https://jsonplaceholder.cypress.io/posts', {\n        userId: user.id,\n        title: 'Cypress Test Runner',\n        body: 'Fast, easy and reliable testing for anything that runs in a browser.'\n    });\n})\n    // note that the value here is the returned value of the 2nd request\n    // which is the new post object\n    .then(function (response) {\n    expect(response).property('status').to.equal(201); // new entity created\n    expect(response).property('body').to.contain({\n        title: 'Cypress Test Runner'\n    });\n    // we don't know the exact post id - only that it will be > 100\n    // since JSONPlaceholder has built-in 100 posts\n    expect(response.body).property('id').to.be.a('number')\n        .and.to.be.gt(100);\n    // we don't know the user id here - since it was in above closure\n    // so in this test just confirm that the property is there\n    expect(response.body).property('userId').to.be.a('number');\n});",
              "err": {},
              "uuid": "58d653f9-9ba9-4e2e-aa8c-d0ae58d5f335",
              "parentUUID": "ab19d419-5768-4e9e-95b8-8cda4e73b1ae",
              "isHook": false,
              "skipped": false
            },
            {
              "title": "cy.request() - save response in the shared test context",
              "fullTitle": "Network Requests cy.request() - save response in the shared test context",
              "timedOut": null,
              "duration": 1563,
              "state": "passed",
              "speed": "slow",
              "pass": true,
              "fail": false,
              "pending": false,
              "context": null,
              "code": "// https://on.cypress.io/variables-and-aliases\ncy.request('https://jsonplaceholder.cypress.io/users?_limit=1')\n    .its('body').its('0') // yields the first element of the returned list\n    .as('user') // saves the object in the test context\n    .then(function () {\n    // NOTE 👀\n    //  By the time this callback runs the \"as('user')\" command\n    //  has saved the user object in the test context.\n    //  To access the test context we need to use\n    //  the \"function () { ... }\" callback form,\n    //  otherwise \"this\" points at a wrong or undefined object!\n    cy.request('POST', 'https://jsonplaceholder.cypress.io/posts', {\n        userId: this.user.id,\n        title: 'Cypress Test Runner',\n        body: 'Fast, easy and reliable testing for anything that runs in a browser.'\n    })\n        .its('body').as('post'); // save the new post from the response\n})\n    .then(function () {\n    // When this callback runs, both \"cy.request\" API commands have finished\n    // and the test context has \"user\" and \"post\" objects set.\n    // Let's verify them.\n    expect(this.post, 'post has the right user id').property('userId').to.equal(this.user.id);\n});",
              "err": {},
              "uuid": "c6e924e0-845f-46ce-b930-8b0ab18ea7bc",
              "parentUUID": "ab19d419-5768-4e9e-95b8-8cda4e73b1ae",
              "isHook": false,
              "skipped": false
            },
            {
              "title": "cy.route() - route responses to matching requests",
              "fullTitle": "Network Requests cy.route() - route responses to matching requests",
              "timedOut": null,
              "duration": 1978,
              "state": "passed",
              "speed": "slow",
              "pass": true,
              "fail": false,
              "pending": false,
              "context": null,
              "code": "// https://on.cypress.io/route\nvar message = 'whoa, this comment does not exist';\ncy.server();\n// Listen to GET to comments/1\ncy.route('GET', 'comments/*').as('getComment');\n// we have code that gets a comment when\n// the button is clicked in scripts.js\ncy.get('.network-btn').click();\n// https://on.cypress.io/wait\ncy.wait('@getComment').its('status').should('eq', 200);\n// Listen to POST to comments\ncy.route('POST', '/comments').as('postComment');\n// we have code that posts a comment when\n// the button is clicked in scripts.js\ncy.get('.network-post').click();\ncy.wait('@postComment').should(function (xhr) {\n    expect(xhr.requestBody).to.include('email');\n    expect(xhr.requestHeaders).to.have.property('Content-Type');\n    expect(xhr.responseBody).to.have.property('name', 'Using POST in cy.route()');\n});\n// Stub a response to PUT comments/ ****\ncy.route({\n    method: 'PUT',\n    url: 'comments/*',\n    status: 404,\n    response: { error: message },\n    delay: 500\n}).as('putComment');\n// we have code that puts a comment when\n// the button is clicked in scripts.js\ncy.get('.network-put').click();\ncy.wait('@putComment');\n// our 404 statusCode logic in scripts.js executed\ncy.get('.network-put-comment').should('contain', message);",
              "err": {},
              "uuid": "372df475-c3f9-4939-8038-a2a5e4f81fc2",
              "parentUUID": "ab19d419-5768-4e9e-95b8-8cda4e73b1ae",
              "isHook": false,
              "skipped": false
            }
          ],
          "suites": [],
          "passes": [
            "35bdf75a-8710-4bd1-8174-75aa69ffe6d6",
            "52b0be27-e396-47c7-a4df-639235ca08fb",
            "9edd3085-4593-4355-9a28-ecc1f46aeb94",
            "6f2bab5c-5d70-411f-99bb-27ac2e494291",
            "58d653f9-9ba9-4e2e-aa8c-d0ae58d5f335",
            "c6e924e0-845f-46ce-b930-8b0ab18ea7bc",
            "372df475-c3f9-4939-8038-a2a5e4f81fc2"
          ],
          "failures": [],
          "pending": [],
          "skipped": [],
          "duration": 7419,
          "root": false,
          "rootEmpty": false,
          "_timeout": 2000
        }
      ],
      "passes": [],
      "failures": [],
      "pending": [],
      "skipped": [],
      "duration": 0,
      "root": true,
      "rootEmpty": true,
      "_timeout": 2000
    }
  ],
  "meta": {
    "mocha": {
      "version": "7.0.1"
    },
    "mochawesome": {
      "options": {
        "quiet": false,
        "reportFilename": "mochawesome",
        "saveHtml": false,
        "saveJson": true,
        "consoleReporter": "spec",
        "useInlineDiffs": false,
        "code": true
      },
      "version": "6.1.1"
    },
    "marge": {
      "options": {
        "id": "default",
        "reportDir": "cypress/results/mochawesome",
        "overwrite": false,
        "html": false,
        "json": true
      },
      "version": "5.1.0"
    }
  }
}