{
  "stats": {
    "suites": 1,
    "tests": 3,
    "passes": 3,
    "pending": 0,
    "failures": 0,
    "start": "2020-09-03T16:00:02.563Z",
    "end": "2020-09-03T16:00:04.651Z",
    "duration": 2088,
    "testsRegistered": 3,
    "passPercent": 100,
    "pendingPercent": 0,
    "other": 0,
    "hasOther": false,
    "skipped": 0,
    "hasSkipped": false
  },
  "results": [
    {
      "uuid": "800e4b1a-7c8f-4532-9545-edd4b5e6061a",
      "title": "",
      "fullFile": "cypress/integration/examples/location.spec.js",
      "file": "cypress/integration/examples/location.spec.js",
      "beforeHooks": [],
      "afterHooks": [],
      "tests": [],
      "suites": [
        {
          "uuid": "92c7bd35-a21d-4457-b436-41cfbeefe0e6",
          "title": "Location",
          "fullFile": "",
          "file": "",
          "beforeHooks": [],
          "afterHooks": [],
          "tests": [
            {
              "title": "cy.hash() - get the current URL hash",
              "fullTitle": "Location cy.hash() - get the current URL hash",
              "timedOut": null,
              "duration": 430,
              "state": "passed",
              "speed": "slow",
              "pass": true,
              "fail": false,
              "pending": false,
              "context": null,
              "code": "// https://on.cypress.io/hash\ncy.hash().should('be.empty');",
              "err": {},
              "uuid": "dc2b83ff-5ffb-4f97-a46b-10f9bec5dd36",
              "parentUUID": "92c7bd35-a21d-4457-b436-41cfbeefe0e6",
              "isHook": false,
              "skipped": false
            },
            {
              "title": "cy.location() - get window.location",
              "fullTitle": "Location cy.location() - get window.location",
              "timedOut": null,
              "duration": 170,
              "state": "passed",
              "speed": "slow",
              "pass": true,
              "fail": false,
              "pending": false,
              "context": null,
              "code": "// https://on.cypress.io/location\ncy.location().should(function (location) {\n    expect(location.hash).to.be.empty;\n    expect(location.href).to.eq('https://example.cypress.io/commands/location');\n    expect(location.host).to.eq('example.cypress.io');\n    expect(location.hostname).to.eq('example.cypress.io');\n    expect(location.origin).to.eq('https://example.cypress.io');\n    expect(location.pathname).to.eq('/commands/location');\n    expect(location.port).to.eq('');\n    expect(location.protocol).to.eq('https:');\n    expect(location.search).to.be.empty;\n});",
              "err": {},
              "uuid": "cfcca5df-f257-4007-998a-2ff8ce8c6052",
              "parentUUID": "92c7bd35-a21d-4457-b436-41cfbeefe0e6",
              "isHook": false,
              "skipped": false
            },
            {
              "title": "cy.url() - get the current URL",
              "fullTitle": "Location cy.url() - get the current URL",
              "timedOut": null,
              "duration": 189,
              "state": "passed",
              "speed": "slow",
              "pass": true,
              "fail": false,
              "pending": false,
              "context": null,
              "code": "// https://on.cypress.io/url\ncy.url().should('eq', 'https://example.cypress.io/commands/location');",
              "err": {},
              "uuid": "537bafb6-30a9-43f2-ab20-c1719c10ca99",
              "parentUUID": "92c7bd35-a21d-4457-b436-41cfbeefe0e6",
              "isHook": false,
              "skipped": false
            }
          ],
          "suites": [],
          "passes": [
            "dc2b83ff-5ffb-4f97-a46b-10f9bec5dd36",
            "cfcca5df-f257-4007-998a-2ff8ce8c6052",
            "537bafb6-30a9-43f2-ab20-c1719c10ca99"
          ],
          "failures": [],
          "pending": [],
          "skipped": [],
          "duration": 789,
          "root": false,
          "rootEmpty": false,
          "_timeout": 2000
        }
      ],
      "passes": [],
      "failures": [],
      "pending": [],
      "skipped": [],
      "duration": 0,
      "root": true,
      "rootEmpty": true,
      "_timeout": 2000
    }
  ],
  "meta": {
    "mocha": {
      "version": "7.0.1"
    },
    "mochawesome": {
      "options": {
        "quiet": false,
        "reportFilename": "mochawesome",
        "saveHtml": false,
        "saveJson": true,
        "consoleReporter": "spec",
        "useInlineDiffs": false,
        "code": true
      },
      "version": "6.1.1"
    },
    "marge": {
      "options": {
        "id": "default",
        "reportDir": "cypress/results/mochawesome",
        "overwrite": false,
        "html": false,
        "json": true
      },
      "version": "5.1.0"
    }
  }
}