{
  "stats": {
    "suites": 1,
    "tests": 3,
    "passes": 3,
    "pending": 0,
    "failures": 0,
    "start": "2020-09-03T16:01:11.330Z",
    "end": "2020-09-03T16:01:17.416Z",
    "duration": 6086,
    "testsRegistered": 3,
    "passPercent": 100,
    "pendingPercent": 0,
    "other": 0,
    "hasOther": false,
    "skipped": 0,
    "hasSkipped": false
  },
  "results": [
    {
      "uuid": "96b9332f-29a1-4400-9ca1-879d0ab83ba6",
      "title": "",
      "fullFile": "cypress/integration/train/test.spec.js",
      "file": "cypress/integration/train/test.spec.js",
      "beforeHooks": [],
      "afterHooks": [],
      "tests": [],
      "suites": [
        {
          "uuid": "7910d23e-52af-406e-b0b2-68851f749b3f",
          "title": "Example suite",
          "fullFile": "",
          "file": "",
          "beforeHooks": [],
          "afterHooks": [],
          "tests": [
            {
              "title": "first test",
              "fullTitle": "Example suite first test",
              "timedOut": null,
              "duration": 2852,
              "state": "passed",
              "speed": "slow",
              "pass": true,
              "fail": false,
              "pending": false,
              "context": null,
              "code": "cy.get('[data-cy=\"signInButton\"]');\ncy.contains('Sign in');\ncy.contains('[status=\"warning\"]', 'Sign in');",
              "err": {},
              "uuid": "76879892-2659-4e03-9f51-71eadec17344",
              "parentUUID": "7910d23e-52af-406e-b0b2-68851f749b3f",
              "isHook": false,
              "skipped": false
            },
            {
              "title": "second test",
              "fullTitle": "Example suite second test",
              "timedOut": null,
              "duration": 1558,
              "state": "passed",
              "speed": "slow",
              "pass": true,
              "fail": false,
              "pending": false,
              "context": null,
              "code": "cy.get('#inputEmail3')\n    .parents('form')\n    .find('button')\n    .should('contain', 'Sign in')\n    .parents('form')\n    .find('nb-checkbox')\n    .click();",
              "err": {},
              "uuid": "95d7bc76-a6f5-420f-9f01-f124a96578e0",
              "parentUUID": "7910d23e-52af-406e-b0b2-68851f749b3f",
              "isHook": false,
              "skipped": false
            },
            {
              "title": "third test",
              "fullTitle": "Example suite third test",
              "timedOut": null,
              "duration": 1606,
              "state": "passed",
              "speed": "slow",
              "pass": true,
              "fail": false,
              "pending": false,
              "context": null,
              "code": "cy.contains('nb-card', 'Horizontal form')\n    .find('#inputEmail3')\n    .type('some email');",
              "err": {},
              "uuid": "71305900-4aa9-47b9-a16d-8cda8bbf99a5",
              "parentUUID": "7910d23e-52af-406e-b0b2-68851f749b3f",
              "isHook": false,
              "skipped": false
            }
          ],
          "suites": [],
          "passes": [
            "76879892-2659-4e03-9f51-71eadec17344",
            "95d7bc76-a6f5-420f-9f01-f124a96578e0",
            "71305900-4aa9-47b9-a16d-8cda8bbf99a5"
          ],
          "failures": [],
          "pending": [],
          "skipped": [],
          "duration": 6016,
          "root": false,
          "rootEmpty": false,
          "_timeout": 2000
        }
      ],
      "passes": [],
      "failures": [],
      "pending": [],
      "skipped": [],
      "duration": 0,
      "root": true,
      "rootEmpty": true,
      "_timeout": 2000
    }
  ],
  "meta": {
    "mocha": {
      "version": "7.0.1"
    },
    "mochawesome": {
      "options": {
        "quiet": false,
        "reportFilename": "mochawesome",
        "saveHtml": false,
        "saveJson": true,
        "consoleReporter": "spec",
        "useInlineDiffs": false,
        "code": true
      },
      "version": "6.1.1"
    },
    "marge": {
      "options": {
        "id": "default",
        "reportDir": "cypress/results/mochawesome",
        "overwrite": false,
        "html": false,
        "json": true
      },
      "version": "5.1.0"
    }
  }
}