{
  "stats": {
    "suites": 1,
    "tests": 3,
    "passes": 3,
    "pending": 0,
    "failures": 0,
    "start": "2020-08-18T05:26:15.601Z",
    "end": "2020-08-18T05:26:19.374Z",
    "duration": 3773,
    "testsRegistered": 3,
    "passPercent": 100,
    "pendingPercent": 0,
    "other": 0,
    "hasOther": false,
    "skipped": 0,
    "hasSkipped": false
  },
  "results": [
    {
      "uuid": "b9f4a388-9602-4bf7-8a13-df8e9e87d7cd",
      "title": "",
      "fullFile": "cypress\\integration\\examples\\navigation.spec.js",
      "file": "cypress\\integration\\examples\\navigation.spec.js",
      "beforeHooks": [],
      "afterHooks": [],
      "tests": [],
      "suites": [
        {
          "uuid": "814ec8fd-ec6a-4c9d-9ef8-5c49a35c96b7",
          "title": "Navigation",
          "fullFile": "",
          "file": "",
          "beforeHooks": [],
          "afterHooks": [],
          "tests": [
            {
              "title": "cy.go() - go back or forward in the browser's history",
              "fullTitle": "Navigation cy.go() - go back or forward in the browser's history",
              "timedOut": null,
              "duration": 1501,
              "state": "passed",
              "speed": "slow",
              "pass": true,
              "fail": false,
              "pending": false,
              "context": null,
              "code": "// https://on.cypress.io/go\ncy.location('pathname').should('include', 'navigation');\ncy.go('back');\ncy.location('pathname').should('not.include', 'navigation');\ncy.go('forward');\ncy.location('pathname').should('include', 'navigation');\n// clicking back\ncy.go(-1);\ncy.location('pathname').should('not.include', 'navigation');\n// clicking forward\ncy.go(1);\ncy.location('pathname').should('include', 'navigation');",
              "err": {},
              "uuid": "59c4ccc5-bd1b-4f28-8066-7223640444fc",
              "parentUUID": "814ec8fd-ec6a-4c9d-9ef8-5c49a35c96b7",
              "isHook": false,
              "skipped": false
            },
            {
              "title": "cy.reload() - reload the page",
              "fullTitle": "Navigation cy.reload() - reload the page",
              "timedOut": null,
              "duration": 685,
              "state": "passed",
              "speed": "slow",
              "pass": true,
              "fail": false,
              "pending": false,
              "context": null,
              "code": "// https://on.cypress.io/reload\ncy.reload();\n// reload the page without using the cache\ncy.reload(true);",
              "err": {},
              "uuid": "cf108752-0556-4b21-8533-c73eb673bdf4",
              "parentUUID": "814ec8fd-ec6a-4c9d-9ef8-5c49a35c96b7",
              "isHook": false,
              "skipped": false
            },
            {
              "title": "cy.visit() - visit a remote url",
              "fullTitle": "Navigation cy.visit() - visit a remote url",
              "timedOut": null,
              "duration": 565,
              "state": "passed",
              "speed": "slow",
              "pass": true,
              "fail": false,
              "pending": false,
              "context": null,
              "code": "// https://on.cypress.io/visit\n// Visit any sub-domain of your current domain\n// Pass options to the visit\ncy.visit('https://example.cypress.io/commands/navigation', {\n    timeout: 50000,\n    onBeforeLoad: function (contentWindow) {\n        // contentWindow is the remote page's window object\n        expect(typeof contentWindow === 'object').to.be[\"true\"];\n    },\n    onLoad: function (contentWindow) {\n        // contentWindow is the remote page's window object\n        expect(typeof contentWindow === 'object').to.be[\"true\"];\n    }\n});",
              "err": {},
              "uuid": "1a85bac2-686a-466d-8d9b-be5dbc85392f",
              "parentUUID": "814ec8fd-ec6a-4c9d-9ef8-5c49a35c96b7",
              "isHook": false,
              "skipped": false
            }
          ],
          "suites": [],
          "passes": [
            "59c4ccc5-bd1b-4f28-8066-7223640444fc",
            "cf108752-0556-4b21-8533-c73eb673bdf4",
            "1a85bac2-686a-466d-8d9b-be5dbc85392f"
          ],
          "failures": [],
          "pending": [],
          "skipped": [],
          "duration": 2751,
          "root": false,
          "rootEmpty": false,
          "_timeout": 2000
        }
      ],
      "passes": [],
      "failures": [],
      "pending": [],
      "skipped": [],
      "duration": 0,
      "root": true,
      "rootEmpty": true,
      "_timeout": 2000
    }
  ],
  "meta": {
    "mocha": {
      "version": "7.0.1"
    },
    "mochawesome": {
      "options": {
        "quiet": false,
        "reportFilename": "mochawesome",
        "saveHtml": false,
        "saveJson": true,
        "consoleReporter": "spec",
        "useInlineDiffs": false,
        "code": true
      },
      "version": "6.1.1"
    },
    "marge": {
      "options": {
        "id": "default",
        "reportDir": "cypress/results/mochawesome",
        "overwrite": false,
        "html": false,
        "json": true
      },
      "version": "5.1.0"
    }
  }
}