{
  "stats": {
    "suites": 1,
    "tests": 3,
    "passes": 3,
    "pending": 0,
    "failures": 0,
    "start": "2020-08-18T05:27:11.324Z",
    "end": "2020-08-18T05:27:13.701Z",
    "duration": 2377,
    "testsRegistered": 3,
    "passPercent": 100,
    "pendingPercent": 0,
    "other": 0,
    "hasOther": false,
    "skipped": 0,
    "hasSkipped": false
  },
  "results": [
    {
      "uuid": "7f8b0c0e-5a45-4a17-804a-e02c485b8922",
      "title": "",
      "fullFile": "cypress\\integration\\examples\\window.spec.js",
      "file": "cypress\\integration\\examples\\window.spec.js",
      "beforeHooks": [],
      "afterHooks": [],
      "tests": [],
      "suites": [
        {
          "uuid": "e77ae05d-6d7f-4f47-8250-f26310e5f63e",
          "title": "Window",
          "fullFile": "",
          "file": "",
          "beforeHooks": [],
          "afterHooks": [],
          "tests": [
            {
              "title": "cy.window() - get the global window object",
              "fullTitle": "Window cy.window() - get the global window object",
              "timedOut": null,
              "duration": 643,
              "state": "passed",
              "speed": "slow",
              "pass": true,
              "fail": false,
              "pending": false,
              "context": null,
              "code": "// https://on.cypress.io/window\ncy.window().should('have.property', 'top');",
              "err": {},
              "uuid": "33e81896-91ff-4830-b9c8-ea89b1e88ee4",
              "parentUUID": "e77ae05d-6d7f-4f47-8250-f26310e5f63e",
              "isHook": false,
              "skipped": false
            },
            {
              "title": "cy.document() - get the document object",
              "fullTitle": "Window cy.document() - get the document object",
              "timedOut": null,
              "duration": 179,
              "state": "passed",
              "speed": "slow",
              "pass": true,
              "fail": false,
              "pending": false,
              "context": null,
              "code": "// https://on.cypress.io/document\ncy.document().should('have.property', 'charset').and('eq', 'UTF-8');",
              "err": {},
              "uuid": "da6f10c0-70fa-4cf5-97c8-102e40830d66",
              "parentUUID": "e77ae05d-6d7f-4f47-8250-f26310e5f63e",
              "isHook": false,
              "skipped": false
            },
            {
              "title": "cy.title() - get the title",
              "fullTitle": "Window cy.title() - get the title",
              "timedOut": null,
              "duration": 169,
              "state": "passed",
              "speed": "slow",
              "pass": true,
              "fail": false,
              "pending": false,
              "context": null,
              "code": "// https://on.cypress.io/title\ncy.title().should('include', 'Kitchen Sink');",
              "err": {},
              "uuid": "ae41a125-bb6a-430e-9c2a-efd75f0fe460",
              "parentUUID": "e77ae05d-6d7f-4f47-8250-f26310e5f63e",
              "isHook": false,
              "skipped": false
            }
          ],
          "suites": [],
          "passes": [
            "33e81896-91ff-4830-b9c8-ea89b1e88ee4",
            "da6f10c0-70fa-4cf5-97c8-102e40830d66",
            "ae41a125-bb6a-430e-9c2a-efd75f0fe460"
          ],
          "failures": [],
          "pending": [],
          "skipped": [],
          "duration": 991,
          "root": false,
          "rootEmpty": false,
          "_timeout": 2000
        }
      ],
      "passes": [],
      "failures": [],
      "pending": [],
      "skipped": [],
      "duration": 0,
      "root": true,
      "rootEmpty": true,
      "_timeout": 2000
    }
  ],
  "meta": {
    "mocha": {
      "version": "7.0.1"
    },
    "mochawesome": {
      "options": {
        "quiet": false,
        "reportFilename": "mochawesome",
        "saveHtml": false,
        "saveJson": true,
        "consoleReporter": "spec",
        "useInlineDiffs": false,
        "code": true
      },
      "version": "6.1.1"
    },
    "marge": {
      "options": {
        "id": "default",
        "reportDir": "cypress/results/mochawesome",
        "overwrite": false,
        "html": false,
        "json": true
      },
      "version": "5.1.0"
    }
  }
}