{
  "stats": {
    "suites": 1,
    "tests": 3,
    "passes": 3,
    "pending": 0,
    "failures": 0,
    "start": "2020-08-18T05:26:05.420Z",
    "end": "2020-08-18T05:26:07.520Z",
    "duration": 2100,
    "testsRegistered": 3,
    "passPercent": 100,
    "pendingPercent": 0,
    "other": 0,
    "hasOther": false,
    "skipped": 0,
    "hasSkipped": false
  },
  "results": [
    {
      "uuid": "864ba6e2-036c-4202-b794-b831fe2cf157",
      "title": "",
      "fullFile": "cypress\\integration\\examples\\location.spec.js",
      "file": "cypress\\integration\\examples\\location.spec.js",
      "beforeHooks": [],
      "afterHooks": [],
      "tests": [],
      "suites": [
        {
          "uuid": "477cd209-eea3-4cd3-88c0-3f7c61d51e64",
          "title": "Location",
          "fullFile": "",
          "file": "",
          "beforeHooks": [],
          "afterHooks": [],
          "tests": [
            {
              "title": "cy.hash() - get the current URL hash",
              "fullTitle": "Location cy.hash() - get the current URL hash",
              "timedOut": null,
              "duration": 583,
              "state": "passed",
              "speed": "slow",
              "pass": true,
              "fail": false,
              "pending": false,
              "context": null,
              "code": "// https://on.cypress.io/hash\ncy.hash().should('be.empty');",
              "err": {},
              "uuid": "24d269b3-534a-403f-b67f-76dbaff83b1d",
              "parentUUID": "477cd209-eea3-4cd3-88c0-3f7c61d51e64",
              "isHook": false,
              "skipped": false
            },
            {
              "title": "cy.location() - get window.location",
              "fullTitle": "Location cy.location() - get window.location",
              "timedOut": null,
              "duration": 185,
              "state": "passed",
              "speed": "slow",
              "pass": true,
              "fail": false,
              "pending": false,
              "context": null,
              "code": "// https://on.cypress.io/location\ncy.location().should(function (location) {\n    expect(location.hash).to.be.empty;\n    expect(location.href).to.eq('https://example.cypress.io/commands/location');\n    expect(location.host).to.eq('example.cypress.io');\n    expect(location.hostname).to.eq('example.cypress.io');\n    expect(location.origin).to.eq('https://example.cypress.io');\n    expect(location.pathname).to.eq('/commands/location');\n    expect(location.port).to.eq('');\n    expect(location.protocol).to.eq('https:');\n    expect(location.search).to.be.empty;\n});",
              "err": {},
              "uuid": "b9c30d27-4034-44ef-9f37-2956b0876422",
              "parentUUID": "477cd209-eea3-4cd3-88c0-3f7c61d51e64",
              "isHook": false,
              "skipped": false
            },
            {
              "title": "cy.url() - get the current URL",
              "fullTitle": "Location cy.url() - get the current URL",
              "timedOut": null,
              "duration": 182,
              "state": "passed",
              "speed": "slow",
              "pass": true,
              "fail": false,
              "pending": false,
              "context": null,
              "code": "// https://on.cypress.io/url\ncy.url().should('eq', 'https://example.cypress.io/commands/location');",
              "err": {},
              "uuid": "791608c0-550a-4563-bcdb-ac139db49baf",
              "parentUUID": "477cd209-eea3-4cd3-88c0-3f7c61d51e64",
              "isHook": false,
              "skipped": false
            }
          ],
          "suites": [],
          "passes": [
            "24d269b3-534a-403f-b67f-76dbaff83b1d",
            "b9c30d27-4034-44ef-9f37-2956b0876422",
            "791608c0-550a-4563-bcdb-ac139db49baf"
          ],
          "failures": [],
          "pending": [],
          "skipped": [],
          "duration": 950,
          "root": false,
          "rootEmpty": false,
          "_timeout": 2000
        }
      ],
      "passes": [],
      "failures": [],
      "pending": [],
      "skipped": [],
      "duration": 0,
      "root": true,
      "rootEmpty": true,
      "_timeout": 2000
    }
  ],
  "meta": {
    "mocha": {
      "version": "7.0.1"
    },
    "mochawesome": {
      "options": {
        "quiet": false,
        "reportFilename": "mochawesome",
        "saveHtml": false,
        "saveJson": true,
        "consoleReporter": "spec",
        "useInlineDiffs": false,
        "code": true
      },
      "version": "6.1.1"
    },
    "marge": {
      "options": {
        "id": "default",
        "reportDir": "cypress/results/mochawesome",
        "overwrite": false,
        "html": false,
        "json": true
      },
      "version": "5.1.0"
    }
  }
}