{
  "stats": {
    "suites": 1,
    "tests": 18,
    "passes": 18,
    "pending": 0,
    "failures": 0,
    "start": "2020-09-03T16:00:40.671Z",
    "end": "2020-09-03T16:00:45.823Z",
    "duration": 5152,
    "testsRegistered": 18,
    "passPercent": 100,
    "pendingPercent": 0,
    "other": 0,
    "hasOther": false,
    "skipped": 0,
    "hasSkipped": false
  },
  "results": [
    {
      "uuid": "95aaaddc-ed7a-4e87-a970-48407bdc862a",
      "title": "",
      "fullFile": "cypress/integration/examples/traversal.spec.js",
      "file": "cypress/integration/examples/traversal.spec.js",
      "beforeHooks": [],
      "afterHooks": [],
      "tests": [],
      "suites": [
        {
          "uuid": "e2d11837-ddc5-4de3-9b53-a51e79e4df6a",
          "title": "Traversal",
          "fullFile": "",
          "file": "",
          "beforeHooks": [],
          "afterHooks": [],
          "tests": [
            {
              "title": ".children() - get child DOM elements",
              "fullTitle": "Traversal .children() - get child DOM elements",
              "timedOut": null,
              "duration": 607,
              "state": "passed",
              "speed": "slow",
              "pass": true,
              "fail": false,
              "pending": false,
              "context": null,
              "code": "// https://on.cypress.io/children\ncy.get('.traversal-breadcrumb')\n    .children('.active')\n    .should('contain', 'Data');",
              "err": {},
              "uuid": "00033764-bfa0-49e5-a68f-76f159d215a4",
              "parentUUID": "e2d11837-ddc5-4de3-9b53-a51e79e4df6a",
              "isHook": false,
              "skipped": false
            },
            {
              "title": ".closest() - get closest ancestor DOM element",
              "fullTitle": "Traversal .closest() - get closest ancestor DOM element",
              "timedOut": null,
              "duration": 170,
              "state": "passed",
              "speed": "slow",
              "pass": true,
              "fail": false,
              "pending": false,
              "context": null,
              "code": "// https://on.cypress.io/closest\ncy.get('.traversal-badge')\n    .closest('ul')\n    .should('have.class', 'list-group');",
              "err": {},
              "uuid": "45b89e4f-c3e3-40af-a7fb-20296fa950c7",
              "parentUUID": "e2d11837-ddc5-4de3-9b53-a51e79e4df6a",
              "isHook": false,
              "skipped": false
            },
            {
              "title": ".eq() - get a DOM element at a specific index",
              "fullTitle": "Traversal .eq() - get a DOM element at a specific index",
              "timedOut": null,
              "duration": 160,
              "state": "passed",
              "speed": "slow",
              "pass": true,
              "fail": false,
              "pending": false,
              "context": null,
              "code": "// https://on.cypress.io/eq\ncy.get('.traversal-list>li')\n    .eq(1).should('contain', 'siamese');",
              "err": {},
              "uuid": "3e3443b6-df14-44cc-89b0-e57d941c0706",
              "parentUUID": "e2d11837-ddc5-4de3-9b53-a51e79e4df6a",
              "isHook": false,
              "skipped": false
            },
            {
              "title": ".filter() - get DOM elements that match the selector",
              "fullTitle": "Traversal .filter() - get DOM elements that match the selector",
              "timedOut": null,
              "duration": 169,
              "state": "passed",
              "speed": "slow",
              "pass": true,
              "fail": false,
              "pending": false,
              "context": null,
              "code": "// https://on.cypress.io/filter\ncy.get('.traversal-nav>li')\n    .filter('.active').should('contain', 'About');",
              "err": {},
              "uuid": "c60d71c4-8557-495d-b072-960e8f7b3ed6",
              "parentUUID": "e2d11837-ddc5-4de3-9b53-a51e79e4df6a",
              "isHook": false,
              "skipped": false
            },
            {
              "title": ".find() - get descendant DOM elements of the selector",
              "fullTitle": "Traversal .find() - get descendant DOM elements of the selector",
              "timedOut": null,
              "duration": 188,
              "state": "passed",
              "speed": "slow",
              "pass": true,
              "fail": false,
              "pending": false,
              "context": null,
              "code": "// https://on.cypress.io/find\ncy.get('.traversal-pagination')\n    .find('li').find('a')\n    .should('have.length', 7);",
              "err": {},
              "uuid": "fbdec79e-1107-48be-8449-03d1cc6fc0ce",
              "parentUUID": "e2d11837-ddc5-4de3-9b53-a51e79e4df6a",
              "isHook": false,
              "skipped": false
            },
            {
              "title": ".first() - get first DOM element",
              "fullTitle": "Traversal .first() - get first DOM element",
              "timedOut": null,
              "duration": 177,
              "state": "passed",
              "speed": "slow",
              "pass": true,
              "fail": false,
              "pending": false,
              "context": null,
              "code": "// https://on.cypress.io/first\ncy.get('.traversal-table td')\n    .first().should('contain', '1');",
              "err": {},
              "uuid": "700d0937-eb4a-471f-8121-f81a36f26f46",
              "parentUUID": "e2d11837-ddc5-4de3-9b53-a51e79e4df6a",
              "isHook": false,
              "skipped": false
            },
            {
              "title": ".last() - get last DOM element",
              "fullTitle": "Traversal .last() - get last DOM element",
              "timedOut": null,
              "duration": 179,
              "state": "passed",
              "speed": "slow",
              "pass": true,
              "fail": false,
              "pending": false,
              "context": null,
              "code": "// https://on.cypress.io/last\ncy.get('.traversal-buttons .btn')\n    .last().should('contain', 'Submit');",
              "err": {},
              "uuid": "30f91419-c83d-4c9d-9458-bb1b1b809f05",
              "parentUUID": "e2d11837-ddc5-4de3-9b53-a51e79e4df6a",
              "isHook": false,
              "skipped": false
            },
            {
              "title": ".next() - get next sibling DOM element",
              "fullTitle": "Traversal .next() - get next sibling DOM element",
              "timedOut": null,
              "duration": 162,
              "state": "passed",
              "speed": "slow",
              "pass": true,
              "fail": false,
              "pending": false,
              "context": null,
              "code": "// https://on.cypress.io/next\ncy.get('.traversal-ul')\n    .contains('apples').next().should('contain', 'oranges');",
              "err": {},
              "uuid": "a959cc1d-4d8e-47c4-b948-3994b018b582",
              "parentUUID": "e2d11837-ddc5-4de3-9b53-a51e79e4df6a",
              "isHook": false,
              "skipped": false
            },
            {
              "title": ".nextAll() - get all next sibling DOM elements",
              "fullTitle": "Traversal .nextAll() - get all next sibling DOM elements",
              "timedOut": null,
              "duration": 178,
              "state": "passed",
              "speed": "slow",
              "pass": true,
              "fail": false,
              "pending": false,
              "context": null,
              "code": "// https://on.cypress.io/nextall\ncy.get('.traversal-next-all')\n    .contains('oranges')\n    .nextAll().should('have.length', 3);",
              "err": {},
              "uuid": "eb837e80-7499-42e8-89fa-713d4df25edc",
              "parentUUID": "e2d11837-ddc5-4de3-9b53-a51e79e4df6a",
              "isHook": false,
              "skipped": false
            },
            {
              "title": ".nextUntil() - get next sibling DOM elements until next el",
              "fullTitle": "Traversal .nextUntil() - get next sibling DOM elements until next el",
              "timedOut": null,
              "duration": 156,
              "state": "passed",
              "speed": "slow",
              "pass": true,
              "fail": false,
              "pending": false,
              "context": null,
              "code": "// https://on.cypress.io/nextuntil\ncy.get('#veggies')\n    .nextUntil('#nuts').should('have.length', 3);",
              "err": {},
              "uuid": "ad305a3e-ffd2-4389-a3a2-066414bfb5f6",
              "parentUUID": "e2d11837-ddc5-4de3-9b53-a51e79e4df6a",
              "isHook": false,
              "skipped": false
            },
            {
              "title": ".not() - remove DOM elements from set of DOM elements",
              "fullTitle": "Traversal .not() - remove DOM elements from set of DOM elements",
              "timedOut": null,
              "duration": 179,
              "state": "passed",
              "speed": "slow",
              "pass": true,
              "fail": false,
              "pending": false,
              "context": null,
              "code": "// https://on.cypress.io/not\ncy.get('.traversal-disabled .btn')\n    .not('[disabled]').should('not.contain', 'Disabled');",
              "err": {},
              "uuid": "ab5b41ec-cc02-44e8-8537-f4898d4cf961",
              "parentUUID": "e2d11837-ddc5-4de3-9b53-a51e79e4df6a",
              "isHook": false,
              "skipped": false
            },
            {
              "title": ".parent() - get parent DOM element from DOM elements",
              "fullTitle": "Traversal .parent() - get parent DOM element from DOM elements",
              "timedOut": null,
              "duration": 164,
              "state": "passed",
              "speed": "slow",
              "pass": true,
              "fail": false,
              "pending": false,
              "context": null,
              "code": "// https://on.cypress.io/parent\ncy.get('.traversal-mark')\n    .parent().should('contain', 'Morbi leo risus');",
              "err": {},
              "uuid": "d620b028-b396-4da9-8530-b3f53eaadcb8",
              "parentUUID": "e2d11837-ddc5-4de3-9b53-a51e79e4df6a",
              "isHook": false,
              "skipped": false
            },
            {
              "title": ".parents() - get parent DOM elements from DOM elements",
              "fullTitle": "Traversal .parents() - get parent DOM elements from DOM elements",
              "timedOut": null,
              "duration": 162,
              "state": "passed",
              "speed": "slow",
              "pass": true,
              "fail": false,
              "pending": false,
              "context": null,
              "code": "// https://on.cypress.io/parents\ncy.get('.traversal-cite')\n    .parents().should('match', 'blockquote');",
              "err": {},
              "uuid": "a8510510-21ee-486a-8685-90dccfd3af41",
              "parentUUID": "e2d11837-ddc5-4de3-9b53-a51e79e4df6a",
              "isHook": false,
              "skipped": false
            },
            {
              "title": ".parentsUntil() - get parent DOM elements from DOM elements until el",
              "fullTitle": "Traversal .parentsUntil() - get parent DOM elements from DOM elements until el",
              "timedOut": null,
              "duration": 188,
              "state": "passed",
              "speed": "slow",
              "pass": true,
              "fail": false,
              "pending": false,
              "context": null,
              "code": "// https://on.cypress.io/parentsuntil\ncy.get('.clothes-nav')\n    .find('.active')\n    .parentsUntil('.clothes-nav')\n    .should('have.length', 2);",
              "err": {},
              "uuid": "e99bb4c6-e368-48c7-b38b-9a51474200a8",
              "parentUUID": "e2d11837-ddc5-4de3-9b53-a51e79e4df6a",
              "isHook": false,
              "skipped": false
            },
            {
              "title": ".prev() - get previous sibling DOM element",
              "fullTitle": "Traversal .prev() - get previous sibling DOM element",
              "timedOut": null,
              "duration": 174,
              "state": "passed",
              "speed": "slow",
              "pass": true,
              "fail": false,
              "pending": false,
              "context": null,
              "code": "// https://on.cypress.io/prev\ncy.get('.birds').find('.active')\n    .prev().should('contain', 'Lorikeets');",
              "err": {},
              "uuid": "e8d41305-50cc-4d22-a381-b0c6d048d6f4",
              "parentUUID": "e2d11837-ddc5-4de3-9b53-a51e79e4df6a",
              "isHook": false,
              "skipped": false
            },
            {
              "title": ".prevAll() - get all previous sibling DOM elements",
              "fullTitle": "Traversal .prevAll() - get all previous sibling DOM elements",
              "timedOut": null,
              "duration": 162,
              "state": "passed",
              "speed": "slow",
              "pass": true,
              "fail": false,
              "pending": false,
              "context": null,
              "code": "// https://on.cypress.io/prevAll\ncy.get('.fruits-list').find('.third')\n    .prevAll().should('have.length', 2);",
              "err": {},
              "uuid": "6c77f8ba-bf91-47fa-b912-911f097b49fe",
              "parentUUID": "e2d11837-ddc5-4de3-9b53-a51e79e4df6a",
              "isHook": false,
              "skipped": false
            },
            {
              "title": ".prevUntil() - get all previous sibling DOM elements until el",
              "fullTitle": "Traversal .prevUntil() - get all previous sibling DOM elements until el",
              "timedOut": null,
              "duration": 183,
              "state": "passed",
              "speed": "slow",
              "pass": true,
              "fail": false,
              "pending": false,
              "context": null,
              "code": "// https://on.cypress.io/prevUntil\ncy.get('.foods-list').find('#nuts')\n    .prevUntil('#veggies').should('have.length', 3);",
              "err": {},
              "uuid": "5c630978-a2b3-463e-8fee-9e42617ba008",
              "parentUUID": "e2d11837-ddc5-4de3-9b53-a51e79e4df6a",
              "isHook": false,
              "skipped": false
            },
            {
              "title": ".siblings() - get all sibling DOM elements",
              "fullTitle": "Traversal .siblings() - get all sibling DOM elements",
              "timedOut": null,
              "duration": 159,
              "state": "passed",
              "speed": "slow",
              "pass": true,
              "fail": false,
              "pending": false,
              "context": null,
              "code": "// https://on.cypress.io/siblings\ncy.get('.traversal-pills .active')\n    .siblings().should('have.length', 2);",
              "err": {},
              "uuid": "4ed2b65f-7d21-44fa-a094-ed07c5c242d6",
              "parentUUID": "e2d11837-ddc5-4de3-9b53-a51e79e4df6a",
              "isHook": false,
              "skipped": false
            }
          ],
          "suites": [],
          "passes": [
            "00033764-bfa0-49e5-a68f-76f159d215a4",
            "45b89e4f-c3e3-40af-a7fb-20296fa950c7",
            "3e3443b6-df14-44cc-89b0-e57d941c0706",
            "c60d71c4-8557-495d-b072-960e8f7b3ed6",
            "fbdec79e-1107-48be-8449-03d1cc6fc0ce",
            "700d0937-eb4a-471f-8121-f81a36f26f46",
            "30f91419-c83d-4c9d-9458-bb1b1b809f05",
            "a959cc1d-4d8e-47c4-b948-3994b018b582",
            "eb837e80-7499-42e8-89fa-713d4df25edc",
            "ad305a3e-ffd2-4389-a3a2-066414bfb5f6",
            "ab5b41ec-cc02-44e8-8537-f4898d4cf961",
            "d620b028-b396-4da9-8530-b3f53eaadcb8",
            "a8510510-21ee-486a-8685-90dccfd3af41",
            "e99bb4c6-e368-48c7-b38b-9a51474200a8",
            "e8d41305-50cc-4d22-a381-b0c6d048d6f4",
            "6c77f8ba-bf91-47fa-b912-911f097b49fe",
            "5c630978-a2b3-463e-8fee-9e42617ba008",
            "4ed2b65f-7d21-44fa-a094-ed07c5c242d6"
          ],
          "failures": [],
          "pending": [],
          "skipped": [],
          "duration": 3517,
          "root": false,
          "rootEmpty": false,
          "_timeout": 2000
        }
      ],
      "passes": [],
      "failures": [],
      "pending": [],
      "skipped": [],
      "duration": 0,
      "root": true,
      "rootEmpty": true,
      "_timeout": 2000
    }
  ],
  "meta": {
    "mocha": {
      "version": "7.0.1"
    },
    "mochawesome": {
      "options": {
        "quiet": false,
        "reportFilename": "mochawesome",
        "saveHtml": false,
        "saveJson": true,
        "consoleReporter": "spec",
        "useInlineDiffs": false,
        "code": true
      },
      "version": "6.1.1"
    },
    "marge": {
      "options": {
        "id": "default",
        "reportDir": "cypress/results/mochawesome",
        "overwrite": false,
        "html": false,
        "json": true
      },
      "version": "5.1.0"
    }
  }
}