{
  "stats": {
    "suites": 1,
    "tests": 5,
    "passes": 5,
    "pending": 0,
    "failures": 0,
    "start": "2020-09-03T16:00:29.392Z",
    "end": "2020-09-03T16:00:32.653Z",
    "duration": 3261,
    "testsRegistered": 5,
    "passPercent": 100,
    "pendingPercent": 0,
    "other": 0,
    "hasOther": false,
    "skipped": 0,
    "hasSkipped": false
  },
  "results": [
    {
      "uuid": "52fc61f4-2e02-43dc-be9b-c8041730f2fd",
      "title": "",
      "fullFile": "cypress/integration/examples/querying.spec.js",
      "file": "cypress/integration/examples/querying.spec.js",
      "beforeHooks": [],
      "afterHooks": [],
      "tests": [],
      "suites": [
        {
          "uuid": "0ab033aa-dcf6-4683-8bf0-356f58df5edc",
          "title": "Querying",
          "fullFile": "",
          "file": "",
          "beforeHooks": [],
          "afterHooks": [],
          "tests": [
            {
              "title": "cy.get() - query DOM elements",
              "fullTitle": "Querying cy.get() - query DOM elements",
              "timedOut": null,
              "duration": 565,
              "state": "passed",
              "speed": "slow",
              "pass": true,
              "fail": false,
              "pending": false,
              "context": null,
              "code": "// https://on.cypress.io/get\ncy.get('#query-btn').should('contain', 'Button');\ncy.get('.query-btn').should('contain', 'Button');\ncy.get('#querying .well>button:first').should('contain', 'Button');\n//              ↲\n// Use CSS selectors just like jQuery\ncy.get('[data-test-id=\"test-example\"]').should('have.class', 'example');\n// 'cy.get()' yields jQuery object, you can get its attribute\n// by invoking `.attr()` method\ncy.get('[data-test-id=\"test-example\"]')\n    .invoke('attr', 'data-test-id')\n    .should('equal', 'test-example');\n// or you can get element's CSS property\ncy.get('[data-test-id=\"test-example\"]')\n    .invoke('css', 'position')\n    .should('equal', 'static');\n// or use assertions directly during 'cy.get()'\n// https://on.cypress.io/assertions\ncy.get('[data-test-id=\"test-example\"]')\n    .should('have.attr', 'data-test-id', 'test-example')\n    .and('have.css', 'position', 'static');",
              "err": {},
              "uuid": "54e43a1a-e2e7-4255-83fe-2135e13f357b",
              "parentUUID": "0ab033aa-dcf6-4683-8bf0-356f58df5edc",
              "isHook": false,
              "skipped": false
            },
            {
              "title": "cy.contains() - query DOM elements with matching content",
              "fullTitle": "Querying cy.contains() - query DOM elements with matching content",
              "timedOut": null,
              "duration": 220,
              "state": "passed",
              "speed": "slow",
              "pass": true,
              "fail": false,
              "pending": false,
              "context": null,
              "code": "// https://on.cypress.io/contains\ncy.get('.query-list')\n    .contains('bananas')\n    .should('have.class', 'third');\n// we can pass a regexp to `.contains()`\ncy.get('.query-list')\n    .contains(/^b\\w+/)\n    .should('have.class', 'third');\ncy.get('.query-list')\n    .contains('apples')\n    .should('have.class', 'first');\n// passing a selector to contains will\n// yield the selector containing the text\ncy.get('#querying')\n    .contains('ul', 'oranges')\n    .should('have.class', 'query-list');\ncy.get('.query-button')\n    .contains('Save Form')\n    .should('have.class', 'btn');",
              "err": {},
              "uuid": "dd935ce5-4d49-4395-b1db-4ed6383c0f78",
              "parentUUID": "0ab033aa-dcf6-4683-8bf0-356f58df5edc",
              "isHook": false,
              "skipped": false
            },
            {
              "title": ".within() - query DOM elements within a specific element",
              "fullTitle": "Querying .within() - query DOM elements within a specific element",
              "timedOut": null,
              "duration": 198,
              "state": "passed",
              "speed": "slow",
              "pass": true,
              "fail": false,
              "pending": false,
              "context": null,
              "code": "// https://on.cypress.io/within\ncy.get('.query-form').within(function () {\n    cy.get('input:first').should('have.attr', 'placeholder', 'Email');\n    cy.get('input:last').should('have.attr', 'placeholder', 'Password');\n});",
              "err": {},
              "uuid": "88789e17-b92b-47ac-904b-dcd4ec5511d4",
              "parentUUID": "0ab033aa-dcf6-4683-8bf0-356f58df5edc",
              "isHook": false,
              "skipped": false
            },
            {
              "title": "cy.root() - query the root DOM element",
              "fullTitle": "Querying cy.root() - query the root DOM element",
              "timedOut": null,
              "duration": 152,
              "state": "passed",
              "speed": "slow",
              "pass": true,
              "fail": false,
              "pending": false,
              "context": null,
              "code": "// https://on.cypress.io/root\n// By default, root is the document\ncy.root().should('match', 'html');\ncy.get('.query-ul').within(function () {\n    // In this within, the root is now the ul DOM element\n    cy.root().should('have.class', 'query-ul');\n});",
              "err": {},
              "uuid": "f6349cbe-2866-4f2a-b9a4-d03ceb42e74a",
              "parentUUID": "0ab033aa-dcf6-4683-8bf0-356f58df5edc",
              "isHook": false,
              "skipped": false
            },
            {
              "title": "best practices - selecting elements",
              "fullTitle": "Querying best practices - selecting elements",
              "timedOut": null,
              "duration": 764,
              "state": "passed",
              "speed": "slow",
              "pass": true,
              "fail": false,
              "pending": false,
              "context": null,
              "code": "// https://on.cypress.io/best-practices#Selecting-Elements\ncy.get('[data-cy=best-practices-selecting-elements]').within(function () {\n    // Worst - too generic, no context\n    cy.get('button').click();\n    // Bad. Coupled to styling. Highly subject to change.\n    cy.get('.btn.btn-large').click();\n    // Average. Coupled to the `name` attribute which has HTML semantics.\n    cy.get('[name=submission]').click();\n    // Better. But still coupled to styling or JS event listeners.\n    cy.get('#main').click();\n    // Slightly better. Uses an ID but also ensures the element\n    // has an ARIA role attribute\n    cy.get('#main[role=button]').click();\n    // Much better. But still coupled to text content that may change.\n    cy.contains('Submit').click();\n    // Best. Insulated from all changes.\n    cy.get('[data-cy=submit]').click();\n});",
              "err": {},
              "uuid": "e782875c-7677-42ab-96df-1a22346caa04",
              "parentUUID": "0ab033aa-dcf6-4683-8bf0-356f58df5edc",
              "isHook": false,
              "skipped": false
            }
          ],
          "suites": [],
          "passes": [
            "54e43a1a-e2e7-4255-83fe-2135e13f357b",
            "dd935ce5-4d49-4395-b1db-4ed6383c0f78",
            "88789e17-b92b-47ac-904b-dcd4ec5511d4",
            "f6349cbe-2866-4f2a-b9a4-d03ceb42e74a",
            "e782875c-7677-42ab-96df-1a22346caa04"
          ],
          "failures": [],
          "pending": [],
          "skipped": [],
          "duration": 1899,
          "root": false,
          "rootEmpty": false,
          "_timeout": 2000
        }
      ],
      "passes": [],
      "failures": [],
      "pending": [],
      "skipped": [],
      "duration": 0,
      "root": true,
      "rootEmpty": true,
      "_timeout": 2000
    }
  ],
  "meta": {
    "mocha": {
      "version": "7.0.1"
    },
    "mochawesome": {
      "options": {
        "quiet": false,
        "reportFilename": "mochawesome",
        "saveHtml": false,
        "saveJson": true,
        "consoleReporter": "spec",
        "useInlineDiffs": false,
        "code": true
      },
      "version": "6.1.1"
    },
    "marge": {
      "options": {
        "id": "default",
        "reportDir": "cypress/results/mochawesome",
        "overwrite": false,
        "html": false,
        "json": true
      },
      "version": "5.1.0"
    }
  }
}