{
  "stats": {
    "suites": 1,
    "tests": 14,
    "passes": 14,
    "pending": 0,
    "failures": 0,
    "start": "2020-09-03T15:59:09.925Z",
    "end": "2020-09-03T15:59:26.915Z",
    "duration": 16990,
    "testsRegistered": 14,
    "passPercent": 100,
    "pendingPercent": 0,
    "other": 0,
    "hasOther": false,
    "skipped": 0,
    "hasSkipped": false
  },
  "results": [
    {
      "uuid": "bf6b8a0b-7120-4189-91b9-aa8f84315240",
      "title": "",
      "fullFile": "cypress/integration/examples/actions.spec.js",
      "file": "cypress/integration/examples/actions.spec.js",
      "beforeHooks": [],
      "afterHooks": [],
      "tests": [],
      "suites": [
        {
          "uuid": "6805b3b6-4775-4533-8ea9-1d5d43650813",
          "title": "Actions",
          "fullFile": "",
          "file": "",
          "beforeHooks": [],
          "afterHooks": [],
          "tests": [
            {
              "title": ".type() - type into a DOM element",
              "fullTitle": "Actions .type() - type into a DOM element",
              "timedOut": null,
              "duration": 4637,
              "state": "passed",
              "speed": "slow",
              "pass": true,
              "fail": false,
              "pending": false,
              "context": null,
              "code": "// https://on.cypress.io/type\ncy.get('.action-email')\n    .type('fake@email.com').should('have.value', 'fake@email.com')\n    // .type() with special character sequences\n    .type('{leftarrow}{rightarrow}{uparrow}{downarrow}')\n    .type('{del}{selectall}{backspace}')\n    // .type() with key modifiers\n    .type('{alt}{option}') //these are equivalent\n    .type('{ctrl}{control}') //these are equivalent\n    .type('{meta}{command}{cmd}') //these are equivalent\n    .type('{shift}')\n    // Delay each keypress by 0.1 sec\n    .type('slow.typing@email.com', { delay: 100 })\n    .should('have.value', 'slow.typing@email.com');\ncy.get('.action-disabled')\n    // Ignore error checking prior to type\n    // like whether the input is visible or disabled\n    .type('disabled error checking', { force: true })\n    .should('have.value', 'disabled error checking');",
              "err": {},
              "uuid": "a297fbed-1d04-4aaa-8f7d-d480c4b84d7b",
              "parentUUID": "6805b3b6-4775-4533-8ea9-1d5d43650813",
              "isHook": false,
              "skipped": false
            },
            {
              "title": ".focus() - focus on a DOM element",
              "fullTitle": "Actions .focus() - focus on a DOM element",
              "timedOut": null,
              "duration": 269,
              "state": "passed",
              "speed": "slow",
              "pass": true,
              "fail": false,
              "pending": false,
              "context": null,
              "code": "// https://on.cypress.io/focus\ncy.get('.action-focus').focus()\n    .should('have.class', 'focus')\n    .prev().should('have.attr', 'style', 'color: orange;');",
              "err": {},
              "uuid": "2da5680d-ffe8-4e4a-aa75-a2225a4469e5",
              "parentUUID": "6805b3b6-4775-4533-8ea9-1d5d43650813",
              "isHook": false,
              "skipped": false
            },
            {
              "title": ".blur() - blur off a DOM element",
              "fullTitle": "Actions .blur() - blur off a DOM element",
              "timedOut": null,
              "duration": 510,
              "state": "passed",
              "speed": "slow",
              "pass": true,
              "fail": false,
              "pending": false,
              "context": null,
              "code": "// https://on.cypress.io/blur\ncy.get('.action-blur').type('About to blur').blur()\n    .should('have.class', 'error')\n    .prev().should('have.attr', 'style', 'color: red;');",
              "err": {},
              "uuid": "05771112-6fce-4ee6-bd4a-99d46fbcecc8",
              "parentUUID": "6805b3b6-4775-4533-8ea9-1d5d43650813",
              "isHook": false,
              "skipped": false
            },
            {
              "title": ".clear() - clears an input or textarea element",
              "fullTitle": "Actions .clear() - clears an input or textarea element",
              "timedOut": null,
              "duration": 633,
              "state": "passed",
              "speed": "slow",
              "pass": true,
              "fail": false,
              "pending": false,
              "context": null,
              "code": "// https://on.cypress.io/clear\ncy.get('.action-clear').type('Clear this text')\n    .should('have.value', 'Clear this text')\n    .clear()\n    .should('have.value', '');",
              "err": {},
              "uuid": "fb1c014a-9d32-48aa-8223-73cd412e91e8",
              "parentUUID": "6805b3b6-4775-4533-8ea9-1d5d43650813",
              "isHook": false,
              "skipped": false
            },
            {
              "title": ".submit() - submit a form",
              "fullTitle": "Actions .submit() - submit a form",
              "timedOut": null,
              "duration": 501,
              "state": "passed",
              "speed": "slow",
              "pass": true,
              "fail": false,
              "pending": false,
              "context": null,
              "code": "// https://on.cypress.io/submit\ncy.get('.action-form')\n    .find('[type=\"text\"]').type('HALFOFF');\ncy.get('.action-form').submit()\n    .next().should('contain', 'Your form has been submitted!');",
              "err": {},
              "uuid": "011c28d1-a6f2-4950-a462-a4a66f4b5809",
              "parentUUID": "6805b3b6-4775-4533-8ea9-1d5d43650813",
              "isHook": false,
              "skipped": false
            },
            {
              "title": ".click() - click on a DOM element",
              "fullTitle": "Actions .click() - click on a DOM element",
              "timedOut": null,
              "duration": 2315,
              "state": "passed",
              "speed": "slow",
              "pass": true,
              "fail": false,
              "pending": false,
              "context": null,
              "code": "// https://on.cypress.io/click\ncy.get('.action-btn').click();\n// You can click on 9 specific positions of an element:\n//  -----------------------------------\n// | topLeft        top       topRight |\n// |                                   |\n// |                                   |\n// |                                   |\n// | left          center        right |\n// |                                   |\n// |                                   |\n// |                                   |\n// | bottomLeft   bottom   bottomRight |\n//  -----------------------------------\n// clicking in the center of the element is the default\ncy.get('#action-canvas').click();\ncy.get('#action-canvas').click('topLeft');\ncy.get('#action-canvas').click('top');\ncy.get('#action-canvas').click('topRight');\ncy.get('#action-canvas').click('left');\ncy.get('#action-canvas').click('right');\ncy.get('#action-canvas').click('bottomLeft');\ncy.get('#action-canvas').click('bottom');\ncy.get('#action-canvas').click('bottomRight');\n// .click() accepts an x and y coordinate\n// that controls where the click occurs :)\ncy.get('#action-canvas')\n    .click(80, 75) // click 80px on x coord and 75px on y coord\n    .click(170, 75)\n    .click(80, 165)\n    .click(100, 185)\n    .click(125, 190)\n    .click(150, 185)\n    .click(170, 165);\n// click multiple elements by passing multiple: true\ncy.get('.action-labels>.label').click({ multiple: true });\n// Ignore error checking prior to clicking\ncy.get('.action-opacity>.btn').click({ force: true });",
              "err": {},
              "uuid": "b73dd6d6-d54b-4201-99b1-40bceaa890fe",
              "parentUUID": "6805b3b6-4775-4533-8ea9-1d5d43650813",
              "isHook": false,
              "skipped": false
            },
            {
              "title": ".dblclick() - double click on a DOM element",
              "fullTitle": "Actions .dblclick() - double click on a DOM element",
              "timedOut": null,
              "duration": 464,
              "state": "passed",
              "speed": "slow",
              "pass": true,
              "fail": false,
              "pending": false,
              "context": null,
              "code": "// https://on.cypress.io/dblclick\n// Our app has a listener on 'dblclick' event in our 'scripts.js'\n// that hides the div and shows an input on double click\ncy.get('.action-div').dblclick().should('not.be.visible');\ncy.get('.action-input-hidden').should('be.visible');",
              "err": {},
              "uuid": "de2ebc2e-10b4-492d-8962-3f330afa8d63",
              "parentUUID": "6805b3b6-4775-4533-8ea9-1d5d43650813",
              "isHook": false,
              "skipped": false
            },
            {
              "title": ".rightclick() - right click on a DOM element",
              "fullTitle": "Actions .rightclick() - right click on a DOM element",
              "timedOut": null,
              "duration": 298,
              "state": "passed",
              "speed": "slow",
              "pass": true,
              "fail": false,
              "pending": false,
              "context": null,
              "code": "// https://on.cypress.io/rightclick\n// Our app has a listener on 'contextmenu' event in our 'scripts.js'\n// that hides the div and shows an input on right click\ncy.get('.rightclick-action-div').rightclick().should('not.be.visible');\ncy.get('.rightclick-action-input-hidden').should('be.visible');",
              "err": {},
              "uuid": "0ca486c8-c74f-4769-b88b-fb53c64a68ae",
              "parentUUID": "6805b3b6-4775-4533-8ea9-1d5d43650813",
              "isHook": false,
              "skipped": false
            },
            {
              "title": ".check() - check a checkbox or radio element",
              "fullTitle": "Actions .check() - check a checkbox or radio element",
              "timedOut": null,
              "duration": 1068,
              "state": "passed",
              "speed": "slow",
              "pass": true,
              "fail": false,
              "pending": false,
              "context": null,
              "code": "// https://on.cypress.io/check\n// By default, .check() will check all\n// matching checkbox or radio elements in succession, one after another\ncy.get('.action-checkboxes [type=\"checkbox\"]').not('[disabled]')\n    .check().should('be.checked');\ncy.get('.action-radios [type=\"radio\"]').not('[disabled]')\n    .check().should('be.checked');\n// .check() accepts a value argument\ncy.get('.action-radios [type=\"radio\"]')\n    .check('radio1').should('be.checked');\n// .check() accepts an array of values\ncy.get('.action-multiple-checkboxes [type=\"checkbox\"]')\n    .check(['checkbox1', 'checkbox2']).should('be.checked');\n// Ignore error checking prior to checking\ncy.get('.action-checkboxes [disabled]')\n    .check({ force: true }).should('be.checked');\ncy.get('.action-radios [type=\"radio\"]')\n    .check('radio3', { force: true }).should('be.checked');",
              "err": {},
              "uuid": "966e6387-c63f-45eb-9b95-cb5a9b89895f",
              "parentUUID": "6805b3b6-4775-4533-8ea9-1d5d43650813",
              "isHook": false,
              "skipped": false
            },
            {
              "title": ".uncheck() - uncheck a checkbox element",
              "fullTitle": "Actions .uncheck() - uncheck a checkbox element",
              "timedOut": null,
              "duration": 1026,
              "state": "passed",
              "speed": "slow",
              "pass": true,
              "fail": false,
              "pending": false,
              "context": null,
              "code": "// https://on.cypress.io/uncheck\n// By default, .uncheck() will uncheck all matching\n// checkbox elements in succession, one after another\ncy.get('.action-check [type=\"checkbox\"]')\n    .not('[disabled]')\n    .uncheck().should('not.be.checked');\n// .uncheck() accepts a value argument\ncy.get('.action-check [type=\"checkbox\"]')\n    .check('checkbox1')\n    .uncheck('checkbox1').should('not.be.checked');\n// .uncheck() accepts an array of values\ncy.get('.action-check [type=\"checkbox\"]')\n    .check(['checkbox1', 'checkbox3'])\n    .uncheck(['checkbox1', 'checkbox3']).should('not.be.checked');\n// Ignore error checking prior to unchecking\ncy.get('.action-check [disabled]')\n    .uncheck({ force: true }).should('not.be.checked');",
              "err": {},
              "uuid": "16fd1f39-300a-4bfb-a21e-344ad88fdfa6",
              "parentUUID": "6805b3b6-4775-4533-8ea9-1d5d43650813",
              "isHook": false,
              "skipped": false
            },
            {
              "title": ".select() - select an option in a <select> element",
              "fullTitle": "Actions .select() - select an option in a <select> element",
              "timedOut": null,
              "duration": 1045,
              "state": "passed",
              "speed": "slow",
              "pass": true,
              "fail": false,
              "pending": false,
              "context": null,
              "code": "// https://on.cypress.io/select\n// at first, no option should be selected\ncy.get('.action-select')\n    .should('have.value', '--Select a fruit--');\n// Select option(s) with matching text content\ncy.get('.action-select').select('apples');\n// confirm the apples were selected\n// note that each value starts with \"fr-\" in our HTML\ncy.get('.action-select').should('have.value', 'fr-apples');\ncy.get('.action-select-multiple')\n    .select(['apples', 'oranges', 'bananas'])\n    // when getting multiple values, invoke \"val\" method first\n    .invoke('val')\n    .should('deep.equal', ['fr-apples', 'fr-oranges', 'fr-bananas']);\n// Select option(s) with matching value\ncy.get('.action-select').select('fr-bananas')\n    // can attach an assertion right away to the element\n    .should('have.value', 'fr-bananas');\ncy.get('.action-select-multiple')\n    .select(['fr-apples', 'fr-oranges', 'fr-bananas'])\n    .invoke('val')\n    .should('deep.equal', ['fr-apples', 'fr-oranges', 'fr-bananas']);\n// assert the selected values include oranges\ncy.get('.action-select-multiple')\n    .invoke('val').should('include', 'fr-oranges');",
              "err": {},
              "uuid": "160de9d7-004c-4545-be13-d8e2abb5dcda",
              "parentUUID": "6805b3b6-4775-4533-8ea9-1d5d43650813",
              "isHook": false,
              "skipped": false
            },
            {
              "title": ".scrollIntoView() - scroll an element into view",
              "fullTitle": "Actions .scrollIntoView() - scroll an element into view",
              "timedOut": null,
              "duration": 266,
              "state": "passed",
              "speed": "slow",
              "pass": true,
              "fail": false,
              "pending": false,
              "context": null,
              "code": "// https://on.cypress.io/scrollintoview\n// normally all of these buttons are hidden,\n// because they're not within\n// the viewable area of their parent\n// (we need to scroll to see them)\ncy.get('#scroll-horizontal button')\n    .should('not.be.visible');\n// scroll the button into view, as if the user had scrolled\ncy.get('#scroll-horizontal button').scrollIntoView()\n    .should('be.visible');\ncy.get('#scroll-vertical button')\n    .should('not.be.visible');\n// Cypress handles the scroll direction needed\ncy.get('#scroll-vertical button').scrollIntoView()\n    .should('be.visible');\ncy.get('#scroll-both button')\n    .should('not.be.visible');\n// Cypress knows to scroll to the right and down\ncy.get('#scroll-both button').scrollIntoView()\n    .should('be.visible');",
              "err": {},
              "uuid": "c0a783ba-5d75-4ce6-b31f-fe9666dea7b5",
              "parentUUID": "6805b3b6-4775-4533-8ea9-1d5d43650813",
              "isHook": false,
              "skipped": false
            },
            {
              "title": ".trigger() - trigger an event on a DOM element",
              "fullTitle": "Actions .trigger() - trigger an event on a DOM element",
              "timedOut": null,
              "duration": 227,
              "state": "passed",
              "speed": "slow",
              "pass": true,
              "fail": false,
              "pending": false,
              "context": null,
              "code": "// https://on.cypress.io/trigger\n// To interact with a range input (slider)\n// we need to set its value & trigger the\n// event to signal it changed\n// Here, we invoke jQuery's val() method to set\n// the value and trigger the 'change' event\ncy.get('.trigger-input-range')\n    .invoke('val', 25)\n    .trigger('change')\n    .get('input[type=range]').siblings('p')\n    .should('have.text', '25');",
              "err": {},
              "uuid": "685998e7-76c1-467c-8f64-c65a27d18806",
              "parentUUID": "6805b3b6-4775-4533-8ea9-1d5d43650813",
              "isHook": false,
              "skipped": false
            },
            {
              "title": "cy.scrollTo() - scroll the window or element to a position",
              "fullTitle": "Actions cy.scrollTo() - scroll the window or element to a position",
              "timedOut": null,
              "duration": 2240,
              "state": "passed",
              "speed": "slow",
              "pass": true,
              "fail": false,
              "pending": false,
              "context": null,
              "code": "// https://on.cypress.io/scrollTo\n// You can scroll to 9 specific positions of an element:\n//  -----------------------------------\n// | topLeft        top       topRight |\n// |                                   |\n// |                                   |\n// |                                   |\n// | left          center        right |\n// |                                   |\n// |                                   |\n// |                                   |\n// | bottomLeft   bottom   bottomRight |\n//  -----------------------------------\n// if you chain .scrollTo() off of cy, we will\n// scroll the entire window\ncy.scrollTo('bottom');\ncy.get('#scrollable-horizontal').scrollTo('right');\n// or you can scroll to a specific coordinate:\n// (x axis, y axis) in pixels\ncy.get('#scrollable-vertical').scrollTo(250, 250);\n// or you can scroll to a specific percentage\n// of the (width, height) of the element\ncy.get('#scrollable-both').scrollTo('75%', '25%');\n// control the easing of the scroll (default is 'swing')\ncy.get('#scrollable-vertical').scrollTo('center', { easing: 'linear' });\n// control the duration of the scroll (in ms)\ncy.get('#scrollable-both').scrollTo('center', { duration: 2000 });",
              "err": {},
              "uuid": "c1a4c1d8-ca6d-4ea3-b497-2b3668e49dcd",
              "parentUUID": "6805b3b6-4775-4533-8ea9-1d5d43650813",
              "isHook": false,
              "skipped": false
            }
          ],
          "suites": [],
          "passes": [
            "a297fbed-1d04-4aaa-8f7d-d480c4b84d7b",
            "2da5680d-ffe8-4e4a-aa75-a2225a4469e5",
            "05771112-6fce-4ee6-bd4a-99d46fbcecc8",
            "fb1c014a-9d32-48aa-8223-73cd412e91e8",
            "011c28d1-a6f2-4950-a462-a4a66f4b5809",
            "b73dd6d6-d54b-4201-99b1-40bceaa890fe",
            "de2ebc2e-10b4-492d-8962-3f330afa8d63",
            "0ca486c8-c74f-4769-b88b-fb53c64a68ae",
            "966e6387-c63f-45eb-9b95-cb5a9b89895f",
            "16fd1f39-300a-4bfb-a21e-344ad88fdfa6",
            "160de9d7-004c-4545-be13-d8e2abb5dcda",
            "c0a783ba-5d75-4ce6-b31f-fe9666dea7b5",
            "685998e7-76c1-467c-8f64-c65a27d18806",
            "c1a4c1d8-ca6d-4ea3-b497-2b3668e49dcd"
          ],
          "failures": [],
          "pending": [],
          "skipped": [],
          "duration": 15499,
          "root": false,
          "rootEmpty": false,
          "_timeout": 2000
        }
      ],
      "passes": [],
      "failures": [],
      "pending": [],
      "skipped": [],
      "duration": 0,
      "root": true,
      "rootEmpty": true,
      "_timeout": 2000
    }
  ],
  "meta": {
    "mocha": {
      "version": "7.0.1"
    },
    "mochawesome": {
      "options": {
        "quiet": false,
        "reportFilename": "mochawesome",
        "saveHtml": false,
        "saveJson": true,
        "consoleReporter": "spec",
        "useInlineDiffs": false,
        "code": true
      },
      "version": "6.1.1"
    },
    "marge": {
      "options": {
        "id": "default",
        "reportDir": "cypress/results/mochawesome",
        "overwrite": false,
        "html": false,
        "json": true
      },
      "version": "5.1.0"
    }
  }
}