{
  "stats": {
    "suites": 1,
    "tests": 18,
    "passes": 18,
    "pending": 0,
    "failures": 0,
    "start": "2020-08-18T05:26:43.349Z",
    "end": "2020-08-18T05:26:49.071Z",
    "duration": 5722,
    "testsRegistered": 18,
    "passPercent": 100,
    "pendingPercent": 0,
    "other": 0,
    "hasOther": false,
    "skipped": 0,
    "hasSkipped": false
  },
  "results": [
    {
      "uuid": "91285971-0d08-453f-9f20-0bfc09cadcae",
      "title": "",
      "fullFile": "cypress\\integration\\examples\\traversal.spec.js",
      "file": "cypress\\integration\\examples\\traversal.spec.js",
      "beforeHooks": [],
      "afterHooks": [],
      "tests": [],
      "suites": [
        {
          "uuid": "437bca51-7ed4-4850-bbd8-9cf5b31798dd",
          "title": "Traversal",
          "fullFile": "",
          "file": "",
          "beforeHooks": [],
          "afterHooks": [],
          "tests": [
            {
              "title": ".children() - get child DOM elements",
              "fullTitle": "Traversal .children() - get child DOM elements",
              "timedOut": null,
              "duration": 695,
              "state": "passed",
              "speed": "slow",
              "pass": true,
              "fail": false,
              "pending": false,
              "context": null,
              "code": "// https://on.cypress.io/children\ncy.get('.traversal-breadcrumb')\n    .children('.active')\n    .should('contain', 'Data');",
              "err": {},
              "uuid": "1e7027ae-ce27-4a76-87e6-64f8c3e96b86",
              "parentUUID": "437bca51-7ed4-4850-bbd8-9cf5b31798dd",
              "isHook": false,
              "skipped": false
            },
            {
              "title": ".closest() - get closest ancestor DOM element",
              "fullTitle": "Traversal .closest() - get closest ancestor DOM element",
              "timedOut": null,
              "duration": 205,
              "state": "passed",
              "speed": "slow",
              "pass": true,
              "fail": false,
              "pending": false,
              "context": null,
              "code": "// https://on.cypress.io/closest\ncy.get('.traversal-badge')\n    .closest('ul')\n    .should('have.class', 'list-group');",
              "err": {},
              "uuid": "7731d04b-f85e-4d19-be87-29d8e28ac21b",
              "parentUUID": "437bca51-7ed4-4850-bbd8-9cf5b31798dd",
              "isHook": false,
              "skipped": false
            },
            {
              "title": ".eq() - get a DOM element at a specific index",
              "fullTitle": "Traversal .eq() - get a DOM element at a specific index",
              "timedOut": null,
              "duration": 200,
              "state": "passed",
              "speed": "slow",
              "pass": true,
              "fail": false,
              "pending": false,
              "context": null,
              "code": "// https://on.cypress.io/eq\ncy.get('.traversal-list>li')\n    .eq(1).should('contain', 'siamese');",
              "err": {},
              "uuid": "d50acc75-e75f-42b5-a996-5fdbb494cefa",
              "parentUUID": "437bca51-7ed4-4850-bbd8-9cf5b31798dd",
              "isHook": false,
              "skipped": false
            },
            {
              "title": ".filter() - get DOM elements that match the selector",
              "fullTitle": "Traversal .filter() - get DOM elements that match the selector",
              "timedOut": null,
              "duration": 189,
              "state": "passed",
              "speed": "slow",
              "pass": true,
              "fail": false,
              "pending": false,
              "context": null,
              "code": "// https://on.cypress.io/filter\ncy.get('.traversal-nav>li')\n    .filter('.active').should('contain', 'About');",
              "err": {},
              "uuid": "d9d8074a-3842-4ee4-adea-ad4ce93f96a2",
              "parentUUID": "437bca51-7ed4-4850-bbd8-9cf5b31798dd",
              "isHook": false,
              "skipped": false
            },
            {
              "title": ".find() - get descendant DOM elements of the selector",
              "fullTitle": "Traversal .find() - get descendant DOM elements of the selector",
              "timedOut": null,
              "duration": 231,
              "state": "passed",
              "speed": "slow",
              "pass": true,
              "fail": false,
              "pending": false,
              "context": null,
              "code": "// https://on.cypress.io/find\ncy.get('.traversal-pagination')\n    .find('li').find('a')\n    .should('have.length', 7);",
              "err": {},
              "uuid": "7d006474-8bb6-43e9-ad5d-f923bfeae43e",
              "parentUUID": "437bca51-7ed4-4850-bbd8-9cf5b31798dd",
              "isHook": false,
              "skipped": false
            },
            {
              "title": ".first() - get first DOM element",
              "fullTitle": "Traversal .first() - get first DOM element",
              "timedOut": null,
              "duration": 197,
              "state": "passed",
              "speed": "slow",
              "pass": true,
              "fail": false,
              "pending": false,
              "context": null,
              "code": "// https://on.cypress.io/first\ncy.get('.traversal-table td')\n    .first().should('contain', '1');",
              "err": {},
              "uuid": "91efc1a9-0958-4e7d-8db5-a43c6b2651df",
              "parentUUID": "437bca51-7ed4-4850-bbd8-9cf5b31798dd",
              "isHook": false,
              "skipped": false
            },
            {
              "title": ".last() - get last DOM element",
              "fullTitle": "Traversal .last() - get last DOM element",
              "timedOut": null,
              "duration": 266,
              "state": "passed",
              "speed": "slow",
              "pass": true,
              "fail": false,
              "pending": false,
              "context": null,
              "code": "// https://on.cypress.io/last\ncy.get('.traversal-buttons .btn')\n    .last().should('contain', 'Submit');",
              "err": {},
              "uuid": "f233e0ea-4c87-461d-91a1-77d024d5bb30",
              "parentUUID": "437bca51-7ed4-4850-bbd8-9cf5b31798dd",
              "isHook": false,
              "skipped": false
            },
            {
              "title": ".next() - get next sibling DOM element",
              "fullTitle": "Traversal .next() - get next sibling DOM element",
              "timedOut": null,
              "duration": 210,
              "state": "passed",
              "speed": "slow",
              "pass": true,
              "fail": false,
              "pending": false,
              "context": null,
              "code": "// https://on.cypress.io/next\ncy.get('.traversal-ul')\n    .contains('apples').next().should('contain', 'oranges');",
              "err": {},
              "uuid": "f6716aab-fcc0-43d4-aa4f-48b833eb1b3b",
              "parentUUID": "437bca51-7ed4-4850-bbd8-9cf5b31798dd",
              "isHook": false,
              "skipped": false
            },
            {
              "title": ".nextAll() - get all next sibling DOM elements",
              "fullTitle": "Traversal .nextAll() - get all next sibling DOM elements",
              "timedOut": null,
              "duration": 202,
              "state": "passed",
              "speed": "slow",
              "pass": true,
              "fail": false,
              "pending": false,
              "context": null,
              "code": "// https://on.cypress.io/nextall\ncy.get('.traversal-next-all')\n    .contains('oranges')\n    .nextAll().should('have.length', 3);",
              "err": {},
              "uuid": "61bf7e22-0695-4030-b4d9-2d3393505040",
              "parentUUID": "437bca51-7ed4-4850-bbd8-9cf5b31798dd",
              "isHook": false,
              "skipped": false
            },
            {
              "title": ".nextUntil() - get next sibling DOM elements until next el",
              "fullTitle": "Traversal .nextUntil() - get next sibling DOM elements until next el",
              "timedOut": null,
              "duration": 195,
              "state": "passed",
              "speed": "slow",
              "pass": true,
              "fail": false,
              "pending": false,
              "context": null,
              "code": "// https://on.cypress.io/nextuntil\ncy.get('#veggies')\n    .nextUntil('#nuts').should('have.length', 3);",
              "err": {},
              "uuid": "588ed86b-19e3-4a5c-b0dc-372da4ae098e",
              "parentUUID": "437bca51-7ed4-4850-bbd8-9cf5b31798dd",
              "isHook": false,
              "skipped": false
            },
            {
              "title": ".not() - remove DOM elements from set of DOM elements",
              "fullTitle": "Traversal .not() - remove DOM elements from set of DOM elements",
              "timedOut": null,
              "duration": 195,
              "state": "passed",
              "speed": "slow",
              "pass": true,
              "fail": false,
              "pending": false,
              "context": null,
              "code": "// https://on.cypress.io/not\ncy.get('.traversal-disabled .btn')\n    .not('[disabled]').should('not.contain', 'Disabled');",
              "err": {},
              "uuid": "b76e10b3-5397-4b33-8bec-a2e9afbbf2d5",
              "parentUUID": "437bca51-7ed4-4850-bbd8-9cf5b31798dd",
              "isHook": false,
              "skipped": false
            },
            {
              "title": ".parent() - get parent DOM element from DOM elements",
              "fullTitle": "Traversal .parent() - get parent DOM element from DOM elements",
              "timedOut": null,
              "duration": 207,
              "state": "passed",
              "speed": "slow",
              "pass": true,
              "fail": false,
              "pending": false,
              "context": null,
              "code": "// https://on.cypress.io/parent\ncy.get('.traversal-mark')\n    .parent().should('contain', 'Morbi leo risus');",
              "err": {},
              "uuid": "200f51ef-f202-4f14-8702-e872ad6007c7",
              "parentUUID": "437bca51-7ed4-4850-bbd8-9cf5b31798dd",
              "isHook": false,
              "skipped": false
            },
            {
              "title": ".parents() - get parent DOM elements from DOM elements",
              "fullTitle": "Traversal .parents() - get parent DOM elements from DOM elements",
              "timedOut": null,
              "duration": 171,
              "state": "passed",
              "speed": "slow",
              "pass": true,
              "fail": false,
              "pending": false,
              "context": null,
              "code": "// https://on.cypress.io/parents\ncy.get('.traversal-cite')\n    .parents().should('match', 'blockquote');",
              "err": {},
              "uuid": "6e1e2efc-fe1f-46a2-9471-535de6946be3",
              "parentUUID": "437bca51-7ed4-4850-bbd8-9cf5b31798dd",
              "isHook": false,
              "skipped": false
            },
            {
              "title": ".parentsUntil() - get parent DOM elements from DOM elements until el",
              "fullTitle": "Traversal .parentsUntil() - get parent DOM elements from DOM elements until el",
              "timedOut": null,
              "duration": 198,
              "state": "passed",
              "speed": "slow",
              "pass": true,
              "fail": false,
              "pending": false,
              "context": null,
              "code": "// https://on.cypress.io/parentsuntil\ncy.get('.clothes-nav')\n    .find('.active')\n    .parentsUntil('.clothes-nav')\n    .should('have.length', 2);",
              "err": {},
              "uuid": "a00e52b1-6256-4a7a-896a-ab4f6ca73d37",
              "parentUUID": "437bca51-7ed4-4850-bbd8-9cf5b31798dd",
              "isHook": false,
              "skipped": false
            },
            {
              "title": ".prev() - get previous sibling DOM element",
              "fullTitle": "Traversal .prev() - get previous sibling DOM element",
              "timedOut": null,
              "duration": 210,
              "state": "passed",
              "speed": "slow",
              "pass": true,
              "fail": false,
              "pending": false,
              "context": null,
              "code": "// https://on.cypress.io/prev\ncy.get('.birds').find('.active')\n    .prev().should('contain', 'Lorikeets');",
              "err": {},
              "uuid": "6f761acc-cfd0-498b-a503-b4b7362361a1",
              "parentUUID": "437bca51-7ed4-4850-bbd8-9cf5b31798dd",
              "isHook": false,
              "skipped": false
            },
            {
              "title": ".prevAll() - get all previous sibling DOM elements",
              "fullTitle": "Traversal .prevAll() - get all previous sibling DOM elements",
              "timedOut": null,
              "duration": 180,
              "state": "passed",
              "speed": "slow",
              "pass": true,
              "fail": false,
              "pending": false,
              "context": null,
              "code": "// https://on.cypress.io/prevAll\ncy.get('.fruits-list').find('.third')\n    .prevAll().should('have.length', 2);",
              "err": {},
              "uuid": "e65eb6d5-ad94-40ec-b3db-8c29c14949f9",
              "parentUUID": "437bca51-7ed4-4850-bbd8-9cf5b31798dd",
              "isHook": false,
              "skipped": false
            },
            {
              "title": ".prevUntil() - get all previous sibling DOM elements until el",
              "fullTitle": "Traversal .prevUntil() - get all previous sibling DOM elements until el",
              "timedOut": null,
              "duration": 184,
              "state": "passed",
              "speed": "slow",
              "pass": true,
              "fail": false,
              "pending": false,
              "context": null,
              "code": "// https://on.cypress.io/prevUntil\ncy.get('.foods-list').find('#nuts')\n    .prevUntil('#veggies').should('have.length', 3);",
              "err": {},
              "uuid": "c3840091-3c32-4c7d-b8ee-7467dfec83f9",
              "parentUUID": "437bca51-7ed4-4850-bbd8-9cf5b31798dd",
              "isHook": false,
              "skipped": false
            },
            {
              "title": ".siblings() - get all sibling DOM elements",
              "fullTitle": "Traversal .siblings() - get all sibling DOM elements",
              "timedOut": null,
              "duration": 196,
              "state": "passed",
              "speed": "slow",
              "pass": true,
              "fail": false,
              "pending": false,
              "context": null,
              "code": "// https://on.cypress.io/siblings\ncy.get('.traversal-pills .active')\n    .siblings().should('have.length', 2);",
              "err": {},
              "uuid": "11f32aef-a19a-4d19-bd39-3cddcd25d94e",
              "parentUUID": "437bca51-7ed4-4850-bbd8-9cf5b31798dd",
              "isHook": false,
              "skipped": false
            }
          ],
          "suites": [],
          "passes": [
            "1e7027ae-ce27-4a76-87e6-64f8c3e96b86",
            "7731d04b-f85e-4d19-be87-29d8e28ac21b",
            "d50acc75-e75f-42b5-a996-5fdbb494cefa",
            "d9d8074a-3842-4ee4-adea-ad4ce93f96a2",
            "7d006474-8bb6-43e9-ad5d-f923bfeae43e",
            "91efc1a9-0958-4e7d-8db5-a43c6b2651df",
            "f233e0ea-4c87-461d-91a1-77d024d5bb30",
            "f6716aab-fcc0-43d4-aa4f-48b833eb1b3b",
            "61bf7e22-0695-4030-b4d9-2d3393505040",
            "588ed86b-19e3-4a5c-b0dc-372da4ae098e",
            "b76e10b3-5397-4b33-8bec-a2e9afbbf2d5",
            "200f51ef-f202-4f14-8702-e872ad6007c7",
            "6e1e2efc-fe1f-46a2-9471-535de6946be3",
            "a00e52b1-6256-4a7a-896a-ab4f6ca73d37",
            "6f761acc-cfd0-498b-a503-b4b7362361a1",
            "e65eb6d5-ad94-40ec-b3db-8c29c14949f9",
            "c3840091-3c32-4c7d-b8ee-7467dfec83f9",
            "11f32aef-a19a-4d19-bd39-3cddcd25d94e"
          ],
          "failures": [],
          "pending": [],
          "skipped": [],
          "duration": 4131,
          "root": false,
          "rootEmpty": false,
          "_timeout": 2000
        }
      ],
      "passes": [],
      "failures": [],
      "pending": [],
      "skipped": [],
      "duration": 0,
      "root": true,
      "rootEmpty": true,
      "_timeout": 2000
    }
  ],
  "meta": {
    "mocha": {
      "version": "7.0.1"
    },
    "mochawesome": {
      "options": {
        "quiet": false,
        "reportFilename": "mochawesome",
        "saveHtml": false,
        "saveJson": true,
        "consoleReporter": "spec",
        "useInlineDiffs": false,
        "code": true
      },
      "version": "6.1.1"
    },
    "marge": {
      "options": {
        "id": "default",
        "reportDir": "cypress/results/mochawesome",
        "overwrite": false,
        "html": false,
        "json": true
      },
      "version": "5.1.0"
    }
  }
}