{
  "stats": {
    "suites": 2,
    "tests": 8,
    "passes": 8,
    "pending": 0,
    "failures": 0,
    "start": "2020-09-03T15:59:38.817Z",
    "end": "2020-09-03T15:59:42.058Z",
    "duration": 3241,
    "testsRegistered": 8,
    "passPercent": 100,
    "pendingPercent": 0,
    "other": 0,
    "hasOther": false,
    "skipped": 0,
    "hasSkipped": false
  },
  "results": [
    {
      "uuid": "537bb76b-f6fa-4ced-bc18-ea41575c5081",
      "title": "",
      "fullFile": "cypress/integration/examples/connectors.spec.js",
      "file": "cypress/integration/examples/connectors.spec.js",
      "beforeHooks": [],
      "afterHooks": [],
      "tests": [],
      "suites": [
        {
          "uuid": "cebab16c-6d70-4621-a112-37b491fa1ed5",
          "title": "Connectors",
          "fullFile": "",
          "file": "",
          "beforeHooks": [],
          "afterHooks": [],
          "tests": [
            {
              "title": ".each() - iterate over an array of elements",
              "fullTitle": "Connectors .each() - iterate over an array of elements",
              "timedOut": null,
              "duration": 515,
              "state": "passed",
              "speed": "slow",
              "pass": true,
              "fail": false,
              "pending": false,
              "context": null,
              "code": "// https://on.cypress.io/each\ncy.get('.connectors-each-ul>li')\n    .each(function ($el, index, $list) {\n    console.log($el, index, $list);\n});",
              "err": {},
              "uuid": "69bd0080-61d1-42e0-93e6-863393ce673b",
              "parentUUID": "cebab16c-6d70-4621-a112-37b491fa1ed5",
              "isHook": false,
              "skipped": false
            },
            {
              "title": ".its() - get properties on the current subject",
              "fullTitle": "Connectors .its() - get properties on the current subject",
              "timedOut": null,
              "duration": 191,
              "state": "passed",
              "speed": "slow",
              "pass": true,
              "fail": false,
              "pending": false,
              "context": null,
              "code": "// https://on.cypress.io/its\ncy.get('.connectors-its-ul>li')\n    // calls the 'length' property yielding that value\n    .its('length')\n    .should('be.gt', 2);",
              "err": {},
              "uuid": "47b55c07-44e4-464e-b7d6-ef179de46057",
              "parentUUID": "cebab16c-6d70-4621-a112-37b491fa1ed5",
              "isHook": false,
              "skipped": false
            },
            {
              "title": ".invoke() - invoke a function on the current subject",
              "fullTitle": "Connectors .invoke() - invoke a function on the current subject",
              "timedOut": null,
              "duration": 163,
              "state": "passed",
              "speed": "slow",
              "pass": true,
              "fail": false,
              "pending": false,
              "context": null,
              "code": "// our div is hidden in our script.js\n// $('.connectors-div').hide()\n// https://on.cypress.io/invoke\ncy.get('.connectors-div').should('be.hidden')\n    // call the jquery method 'show' on the 'div.container'\n    .invoke('show')\n    .should('be.visible');",
              "err": {},
              "uuid": "5e683a0f-881c-449a-a748-b11d06719376",
              "parentUUID": "cebab16c-6d70-4621-a112-37b491fa1ed5",
              "isHook": false,
              "skipped": false
            },
            {
              "title": ".spread() - spread an array as individual args to callback function",
              "fullTitle": "Connectors .spread() - spread an array as individual args to callback function",
              "timedOut": null,
              "duration": 177,
              "state": "passed",
              "speed": "slow",
              "pass": true,
              "fail": false,
              "pending": false,
              "context": null,
              "code": "// https://on.cypress.io/spread\nvar arr = ['foo', 'bar', 'baz'];\ncy.wrap(arr).spread(function (foo, bar, baz) {\n    expect(foo).to.eq('foo');\n    expect(bar).to.eq('bar');\n    expect(baz).to.eq('baz');\n});",
              "err": {},
              "uuid": "589dd489-8206-4bb0-a499-e273bb50d239",
              "parentUUID": "cebab16c-6d70-4621-a112-37b491fa1ed5",
              "isHook": false,
              "skipped": false
            }
          ],
          "suites": [
            {
              "uuid": "c0b24671-7d2f-475d-b148-0dfeab45dd58",
              "title": ".then()",
              "fullFile": "",
              "file": "",
              "beforeHooks": [],
              "afterHooks": [],
              "tests": [
                {
                  "title": "invokes a callback function with the current subject",
                  "fullTitle": "Connectors .then() invokes a callback function with the current subject",
                  "timedOut": null,
                  "duration": 181,
                  "state": "passed",
                  "speed": "slow",
                  "pass": true,
                  "fail": false,
                  "pending": false,
                  "context": null,
                  "code": "// https://on.cypress.io/then\ncy.get('.connectors-list > li')\n    .then(function ($lis) {\n    expect($lis, '3 items').to.have.length(3);\n    expect($lis.eq(0), 'first item').to.contain('Walk the dog');\n    expect($lis.eq(1), 'second item').to.contain('Feed the cat');\n    expect($lis.eq(2), 'third item').to.contain('Write JavaScript');\n});",
                  "err": {},
                  "uuid": "b8bf6f30-2139-4960-94c1-0f5ab5344f52",
                  "parentUUID": "c0b24671-7d2f-475d-b148-0dfeab45dd58",
                  "isHook": false,
                  "skipped": false
                },
                {
                  "title": "yields the returned value to the next command",
                  "fullTitle": "Connectors .then() yields the returned value to the next command",
                  "timedOut": null,
                  "duration": 180,
                  "state": "passed",
                  "speed": "slow",
                  "pass": true,
                  "fail": false,
                  "pending": false,
                  "context": null,
                  "code": "cy.wrap(1)\n    .then(function (num) {\n    expect(num).to.equal(1);\n    return 2;\n})\n    .then(function (num) {\n    expect(num).to.equal(2);\n});",
                  "err": {},
                  "uuid": "f434df60-133f-4cd9-a1b2-3642bd381585",
                  "parentUUID": "c0b24671-7d2f-475d-b148-0dfeab45dd58",
                  "isHook": false,
                  "skipped": false
                },
                {
                  "title": "yields the original subject without return",
                  "fullTitle": "Connectors .then() yields the original subject without return",
                  "timedOut": null,
                  "duration": 190,
                  "state": "passed",
                  "speed": "slow",
                  "pass": true,
                  "fail": false,
                  "pending": false,
                  "context": null,
                  "code": "cy.wrap(1)\n    .then(function (num) {\n    expect(num).to.equal(1);\n    // note that nothing is returned from this callback\n})\n    .then(function (num) {\n    // this callback receives the original unchanged value 1\n    expect(num).to.equal(1);\n});",
                  "err": {},
                  "uuid": "3fa74847-f4d8-4d10-80c4-65185f158d06",
                  "parentUUID": "c0b24671-7d2f-475d-b148-0dfeab45dd58",
                  "isHook": false,
                  "skipped": false
                },
                {
                  "title": "yields the value yielded by the last Cypress command inside",
                  "fullTitle": "Connectors .then() yields the value yielded by the last Cypress command inside",
                  "timedOut": null,
                  "duration": 185,
                  "state": "passed",
                  "speed": "slow",
                  "pass": true,
                  "fail": false,
                  "pending": false,
                  "context": null,
                  "code": "cy.wrap(1)\n    .then(function (num) {\n    expect(num).to.equal(1);\n    // note how we run a Cypress command\n    // the result yielded by this Cypress command\n    // will be passed to the second \".then\"\n    cy.wrap(2);\n})\n    .then(function (num) {\n    // this callback receives the value yielded by \"cy.wrap(2)\"\n    expect(num).to.equal(2);\n});",
                  "err": {},
                  "uuid": "7641a21d-c1a0-4e51-8786-71046506ad92",
                  "parentUUID": "c0b24671-7d2f-475d-b148-0dfeab45dd58",
                  "isHook": false,
                  "skipped": false
                }
              ],
              "suites": [],
              "passes": [
                "b8bf6f30-2139-4960-94c1-0f5ab5344f52",
                "f434df60-133f-4cd9-a1b2-3642bd381585",
                "3fa74847-f4d8-4d10-80c4-65185f158d06",
                "7641a21d-c1a0-4e51-8786-71046506ad92"
              ],
              "failures": [],
              "pending": [],
              "skipped": [],
              "duration": 736,
              "root": false,
              "rootEmpty": false,
              "_timeout": 2000
            }
          ],
          "passes": [
            "69bd0080-61d1-42e0-93e6-863393ce673b",
            "47b55c07-44e4-464e-b7d6-ef179de46057",
            "5e683a0f-881c-449a-a748-b11d06719376",
            "589dd489-8206-4bb0-a499-e273bb50d239"
          ],
          "failures": [],
          "pending": [],
          "skipped": [],
          "duration": 1046,
          "root": false,
          "rootEmpty": false,
          "_timeout": 2000
        }
      ],
      "passes": [],
      "failures": [],
      "pending": [],
      "skipped": [],
      "duration": 0,
      "root": true,
      "rootEmpty": true,
      "_timeout": 2000
    }
  ],
  "meta": {
    "mocha": {
      "version": "7.0.1"
    },
    "mochawesome": {
      "options": {
        "quiet": false,
        "reportFilename": "mochawesome",
        "saveHtml": false,
        "saveJson": true,
        "consoleReporter": "spec",
        "useInlineDiffs": false,
        "code": true
      },
      "version": "6.1.1"
    },
    "marge": {
      "options": {
        "id": "default",
        "reportDir": "cypress/results/mochawesome",
        "overwrite": false,
        "html": false,
        "json": true
      },
      "version": "5.1.0"
    }
  }
}