{
  "stats": {
    "suites": 2,
    "tests": 6,
    "passes": 6,
    "pending": 0,
    "failures": 0,
    "start": "2020-08-18T05:26:08.741Z",
    "end": "2020-08-18T05:26:13.919Z",
    "duration": 5178,
    "testsRegistered": 6,
    "passPercent": 100,
    "pendingPercent": 0,
    "other": 0,
    "hasOther": false,
    "skipped": 0,
    "hasSkipped": false
  },
  "results": [
    {
      "uuid": "54dba96f-f584-4240-8577-73ddc7a156d8",
      "title": "",
      "fullFile": "cypress\\integration\\examples\\misc.spec.js",
      "file": "cypress\\integration\\examples\\misc.spec.js",
      "beforeHooks": [],
      "afterHooks": [],
      "tests": [],
      "suites": [
        {
          "uuid": "30d104f1-63f9-4056-b485-bdd46ba0dd6a",
          "title": "Misc",
          "fullFile": "",
          "file": "",
          "beforeHooks": [],
          "afterHooks": [],
          "tests": [
            {
              "title": ".end() - end the command chain",
              "fullTitle": "Misc .end() - end the command chain",
              "timedOut": null,
              "duration": 702,
              "state": "passed",
              "speed": "slow",
              "pass": true,
              "fail": false,
              "pending": false,
              "context": null,
              "code": "// https://on.cypress.io/end\n// cy.end is useful when you want to end a chain of commands\n// and force Cypress to re-query from the root element\ncy.get('.misc-table').within(function () {\n    // ends the current chain and yields null\n    cy.contains('Cheryl').click().end();\n    // queries the entire table again\n    cy.contains('Charles').click();\n});",
              "err": {},
              "uuid": "8ebaaf6b-c568-4133-9fa1-f4786a52a553",
              "parentUUID": "30d104f1-63f9-4056-b485-bdd46ba0dd6a",
              "isHook": false,
              "skipped": false
            },
            {
              "title": "cy.exec() - execute a system command",
              "fullTitle": "Misc cy.exec() - execute a system command",
              "timedOut": null,
              "duration": 363,
              "state": "passed",
              "speed": "slow",
              "pass": true,
              "fail": false,
              "pending": false,
              "context": null,
              "code": "// execute a system command.\n// so you can take actions necessary for\n// your test outside the scope of Cypress.\n// https://on.cypress.io/exec\n// we can use Cypress.platform string to\n// select appropriate command\n// https://on.cypress/io/platform\ncy.log(\"Platform \" + Cypress.platform + \" architecture \" + Cypress.arch);\n// on CircleCI Windows build machines we have a failure to run bash shell\n// https://github.com/cypress-io/cypress/issues/5169\n// so skip some of the tests by passing flag \"--env circle=true\"\nvar isCircleOnWindows = Cypress.platform === 'win32' && Cypress.env('circle');\nif (isCircleOnWindows) {\n    cy.log('Skipping test on CircleCI');\n    return;\n}\n// cy.exec problem on Shippable CI\n// https://github.com/cypress-io/cypress/issues/6718\nvar isShippable = Cypress.platform === 'linux' && Cypress.env('shippable');\nif (isShippable) {\n    cy.log('Skipping test on ShippableCI');\n    return;\n}\ncy.exec('echo Jane Lane')\n    .its('stdout').should('contain', 'Jane Lane');\nif (Cypress.platform === 'win32') {\n    cy.exec('print cypress.json')\n        .its('stderr').should('be.empty');\n}\nelse {\n    cy.exec('cat cypress.json')\n        .its('stderr').should('be.empty');\n    cy.exec('pwd')\n        .its('code').should('eq', 0);\n}",
              "err": {},
              "uuid": "dc3d15f0-6686-4f09-ac09-313d9c53c8e4",
              "parentUUID": "30d104f1-63f9-4056-b485-bdd46ba0dd6a",
              "isHook": false,
              "skipped": false
            },
            {
              "title": "cy.focused() - get the DOM element that has focus",
              "fullTitle": "Misc cy.focused() - get the DOM element that has focus",
              "timedOut": null,
              "duration": 383,
              "state": "passed",
              "speed": "slow",
              "pass": true,
              "fail": false,
              "pending": false,
              "context": null,
              "code": "// https://on.cypress.io/focused\ncy.get('.misc-form').find('#name').click();\ncy.focused().should('have.id', 'name');\ncy.get('.misc-form').find('#description').click();\ncy.focused().should('have.id', 'description');",
              "err": {},
              "uuid": "33dbf74e-c66a-4a11-9484-0078c7582339",
              "parentUUID": "30d104f1-63f9-4056-b485-bdd46ba0dd6a",
              "isHook": false,
              "skipped": false
            },
            {
              "title": "cy.wrap() - wrap an object",
              "fullTitle": "Misc cy.wrap() - wrap an object",
              "timedOut": null,
              "duration": 182,
              "state": "passed",
              "speed": "slow",
              "pass": true,
              "fail": false,
              "pending": false,
              "context": null,
              "code": "// https://on.cypress.io/wrap\ncy.wrap({ foo: 'bar' })\n    .should('have.property', 'foo')\n    .and('include', 'bar');",
              "err": {},
              "uuid": "3c0df6ef-8a60-4ee9-ad6f-6c02f18aa58b",
              "parentUUID": "30d104f1-63f9-4056-b485-bdd46ba0dd6a",
              "isHook": false,
              "skipped": false
            }
          ],
          "suites": [
            {
              "uuid": "5f8cb037-89d8-4508-8652-45832013cbf5",
              "title": "Cypress.Screenshot",
              "fullFile": "",
              "file": "",
              "beforeHooks": [],
              "afterHooks": [],
              "tests": [
                {
                  "title": "cy.screenshot() - take a screenshot",
                  "fullTitle": "Misc Cypress.Screenshot cy.screenshot() - take a screenshot",
                  "timedOut": null,
                  "duration": 1946,
                  "state": "passed",
                  "speed": "slow",
                  "pass": true,
                  "fail": false,
                  "pending": false,
                  "context": null,
                  "code": "// https://on.cypress.io/screenshot\ncy.screenshot('my-image');",
                  "err": {},
                  "uuid": "7e7a9a16-0673-4cc1-b5f0-5a68b2837d30",
                  "parentUUID": "5f8cb037-89d8-4508-8652-45832013cbf5",
                  "isHook": false,
                  "skipped": false
                },
                {
                  "title": "Cypress.Screenshot.defaults() - change default config of screenshots",
                  "fullTitle": "Misc Cypress.Screenshot Cypress.Screenshot.defaults() - change default config of screenshots",
                  "timedOut": null,
                  "duration": 182,
                  "state": "passed",
                  "speed": "slow",
                  "pass": true,
                  "fail": false,
                  "pending": false,
                  "context": null,
                  "code": "Cypress.Screenshot.defaults({\n    blackout: ['.foo'],\n    capture: 'viewport',\n    clip: { x: 0, y: 0, width: 200, height: 200 },\n    scale: false,\n    disableTimersAndAnimations: true,\n    screenshotOnRunFailure: true,\n    onBeforeScreenshot: function () { },\n    onAfterScreenshot: function () { }\n});",
                  "err": {},
                  "uuid": "d5f3e059-9b26-4fec-a987-b1db2ac71298",
                  "parentUUID": "5f8cb037-89d8-4508-8652-45832013cbf5",
                  "isHook": false,
                  "skipped": false
                }
              ],
              "suites": [],
              "passes": [
                "7e7a9a16-0673-4cc1-b5f0-5a68b2837d30",
                "d5f3e059-9b26-4fec-a987-b1db2ac71298"
              ],
              "failures": [],
              "pending": [],
              "skipped": [],
              "duration": 2128,
              "root": false,
              "rootEmpty": false,
              "_timeout": 2000
            }
          ],
          "passes": [
            "8ebaaf6b-c568-4133-9fa1-f4786a52a553",
            "dc3d15f0-6686-4f09-ac09-313d9c53c8e4",
            "33dbf74e-c66a-4a11-9484-0078c7582339",
            "3c0df6ef-8a60-4ee9-ad6f-6c02f18aa58b"
          ],
          "failures": [],
          "pending": [],
          "skipped": [],
          "duration": 1630,
          "root": false,
          "rootEmpty": false,
          "_timeout": 2000
        }
      ],
      "passes": [],
      "failures": [],
      "pending": [],
      "skipped": [],
      "duration": 0,
      "root": true,
      "rootEmpty": true,
      "_timeout": 2000
    }
  ],
  "meta": {
    "mocha": {
      "version": "7.0.1"
    },
    "mochawesome": {
      "options": {
        "quiet": false,
        "reportFilename": "mochawesome",
        "saveHtml": false,
        "saveJson": true,
        "consoleReporter": "spec",
        "useInlineDiffs": false,
        "code": true
      },
      "version": "6.1.1"
    },
    "marge": {
      "options": {
        "id": "default",
        "reportDir": "cypress/results/mochawesome",
        "overwrite": false,
        "html": false,
        "json": true
      },
      "version": "5.1.0"
    }
  }
}