<?xml version="1.0" encoding="UTF-8"?>
<testsuites name="Mocha Tests" time="3.7580" tests="6" failures="0">
  <testsuite name="Root Suite" timestamp="2020-08-18T05:26:08" tests="0" file="cypress\integration\examples\misc.spec.js" time="0.0000" failures="0">
  </testsuite>
  <testsuite name="Misc" timestamp="2020-08-18T05:26:08" tests="4" time="1.6300" failures="0">
    <testcase name="Misc .end() - end the command chain" time="0.7020" classname=".end() - end the command chain">
    </testcase>
    <testcase name="Misc cy.exec() - execute a system command" time="0.3630" classname="cy.exec() - execute a system command">
    </testcase>
    <testcase name="Misc cy.focused() - get the DOM element that has focus" time="0.3830" classname="cy.focused() - get the DOM element that has focus">
    </testcase>
    <testcase name="Misc cy.wrap() - wrap an object" time="0.1820" classname="cy.wrap() - wrap an object">
    </testcase>
  </testsuite>
  <testsuite name="Cypress.Screenshot" timestamp="2020-08-18T05:26:11" tests="2" time="2.1280" failures="0">
    <testcase name="Misc Cypress.Screenshot cy.screenshot() - take a screenshot" time="1.9460" classname="cy.screenshot() - take a screenshot">
    </testcase>
    <testcase name="Misc Cypress.Screenshot Cypress.Screenshot.defaults() - change default config of screenshots" time="0.1820" classname="Cypress.Screenshot.defaults() - change default config of screenshots">
    </testcase>
  </testsuite>
</testsuites>