<?xml version="1.0" encoding="UTF-8"?>
<testsuites name="Mocha Tests" time="0.8720" tests="1" failures="0">
  <testsuite name="Root Suite" timestamp="2020-09-03T15:59:59" tests="0" file="cypress/integration/examples/local_storage.spec.js" time="0.0000" failures="0">
  </testsuite>
  <testsuite name="Local Storage" timestamp="2020-09-03T15:59:59" tests="1" time="0.8720" failures="0">
    <testcase name="Local Storage cy.clearLocalStorage() - clear all data in local storage" time="0.8720" classname="cy.clearLocalStorage() - clear all data in local storage">
    </testcase>
  </testsuite>
</testsuites>