<?xml version="1.0" encoding="UTF-8"?>
<testsuites name="Mocha Tests" time="6.1790" tests="2" failures="0">
  <testsuite name="Root Suite" timestamp="2020-09-03T16:00:59" tests="0" file="cypress/integration/examples/waiting.spec.js" time="0.0000" failures="0">
  </testsuite>
  <testsuite name="Waiting" timestamp="2020-09-03T16:00:59" tests="2" time="6.1790" failures="0">
    <testcase name="Waiting cy.wait() - wait for a specific amount of time" time="5.2500" classname="cy.wait() - wait for a specific amount of time">
    </testcase>
    <testcase name="Waiting cy.wait() - wait for a specific route" time="0.9290" classname="cy.wait() - wait for a specific route">
    </testcase>
  </testsuite>
</testsuites>