<?xml version="1.0" encoding="UTF-8"?>
<testsuites name="Mocha Tests" time="1.9550" tests="4" failures="0">
  <testsuite name="Root Suite" timestamp="2020-09-03T15:59:54" tests="0" file="cypress/integration/examples/files.spec.js" time="0.0000" failures="0">
  </testsuite>
  <testsuite name="Files" timestamp="2020-09-03T15:59:54" tests="4" time="1.9550" failures="0">
    <testcase name="Files cy.fixture() - load a fixture" time="0.8510" classname="cy.fixture() - load a fixture">
    </testcase>
    <testcase name="Files cy.fixture() or require - load a fixture" time="0.1550" classname="cy.fixture() or require - load a fixture">
    </testcase>
    <testcase name="Files cy.readFile() - read file contents" time="0.1650" classname="cy.readFile() - read file contents">
    </testcase>
    <testcase name="Files cy.writeFile() - write to a file" time="0.7840" classname="cy.writeFile() - write to a file">
    </testcase>
  </testsuite>
</testsuites>