<?xml version="1.0" encoding="UTF-8"?>
<testsuites name="Mocha Tests" time="7.7750" tests="3" failures="0">
  <testsuite name="Root Suite" timestamp="2020-08-17T16:04:11" tests="0" file="cypress\integration\train\test.spec.js" time="0.0000" failures="0">
  </testsuite>
  <testsuite name="Example suite" timestamp="2020-08-17T16:04:11" tests="3" time="7.7750" failures="0">
    <testcase name="Example suite first test" time="3.6910" classname="first test">
    </testcase>
    <testcase name="Example suite second test" time="1.9880" classname="second test">
    </testcase>
    <testcase name="Example suite third test" time="2.0960" classname="third test">
    </testcase>
  </testsuite>
</testsuites>