<?xml version="1.0" encoding="UTF-8"?>
<testsuites name="Mocha Tests" time="7.3230" tests="3" failures="0">
  <testsuite name="Root Suite" timestamp="2020-08-18T05:27:14" tests="0" file="cypress\integration\train\test.spec.js" time="0.0000" failures="0">
  </testsuite>
  <testsuite name="Example suite" timestamp="2020-08-18T05:27:14" tests="3" time="7.3230" failures="0">
    <testcase name="Example suite first test" time="3.3980" classname="first test">
    </testcase>
    <testcase name="Example suite second test" time="2.0850" classname="second test">
    </testcase>
    <testcase name="Example suite third test" time="1.8400" classname="third test">
    </testcase>
  </testsuite>
</testsuites>