<?xml version="1.0" encoding="UTF-8"?>
<testsuites name="Mocha Tests" time="2.0250" tests="2" failures="0">
  <testsuite name="Root Suite" timestamp="2020-08-18T05:25:28" tests="0" file="cypress\integration\examples\aliasing.spec.js" time="0.0000" failures="0">
  </testsuite>
  <testsuite name="Aliasing" timestamp="2020-08-18T05:25:28" tests="2" time="2.0250" failures="0">
    <testcase name="Aliasing .as() - alias a DOM element for later use" time="0.8030" classname=".as() - alias a DOM element for later use">
    </testcase>
    <testcase name="Aliasing .as() - alias a route for later use" time="1.2220" classname=".as() - alias a route for later use">
    </testcase>
  </testsuite>
</testsuites>