<?xml version="1.0" encoding="UTF-8"?>
<testsuites name="Mocha Tests" time="1.6080" tests="2" failures="0">
  <testsuite name="Root Suite" timestamp="2020-09-03T15:59:28" tests="0" file="cypress/integration/examples/aliasing.spec.js" time="0.0000" failures="0">
  </testsuite>
  <testsuite name="Aliasing" timestamp="2020-09-03T15:59:28" tests="2" time="1.6080" failures="0">
    <testcase name="Aliasing .as() - alias a DOM element for later use" time="0.6440" classname=".as() - alias a DOM element for later use">
    </testcase>
    <testcase name="Aliasing .as() - alias a route for later use" time="0.9640" classname=".as() - alias a route for later use">
    </testcase>
  </testsuite>
</testsuites>