<?xml version="1.0" encoding="UTF-8"?>
<testsuites name="Mocha Tests" time="9.7550" tests="7" failures="0">
  <testsuite name="Root Suite" timestamp="2020-09-03T16:00:16" tests="0" file="cypress/integration/examples/network_requests.spec.js" time="0.0000" failures="0">
  </testsuite>
  <testsuite name="Network Requests" timestamp="2020-09-03T16:00:16" tests="7" time="9.7550" failures="0">
    <testcase name="Network Requests cy.server() - control behavior of network requests and responses" time="0.8920" classname="cy.server() - control behavior of network requests and responses">
    </testcase>
    <testcase name="Network Requests cy.request() - make an XHR request" time="1.2990" classname="cy.request() - make an XHR request">
    </testcase>
    <testcase name="Network Requests cy.request() - verify response using BDD syntax" time="2.3020" classname="cy.request() - verify response using BDD syntax">
    </testcase>
    <testcase name="Network Requests cy.request() with query parameters" time="0.8070" classname="cy.request() with query parameters">
    </testcase>
    <testcase name="Network Requests cy.request() - pass result to the second request" time="1.4140" classname="cy.request() - pass result to the second request">
    </testcase>
    <testcase name="Network Requests cy.request() - save response in the shared test context" time="1.0820" classname="cy.request() - save response in the shared test context">
    </testcase>
    <testcase name="Network Requests cy.route() - route responses to matching requests" time="1.9590" classname="cy.route() - route responses to matching requests">
    </testcase>
  </testsuite>
</testsuites>