<?xml version="1.0" encoding="UTF-8"?>
<testsuites name="Mocha Tests" time="4.1310" tests="18" failures="0">
  <testsuite name="Root Suite" timestamp="2020-08-18T05:26:43" tests="0" file="cypress\integration\examples\traversal.spec.js" time="0.0000" failures="0">
  </testsuite>
  <testsuite name="Traversal" timestamp="2020-08-18T05:26:43" tests="18" time="4.1310" failures="0">
    <testcase name="Traversal .children() - get child DOM elements" time="0.6950" classname=".children() - get child DOM elements">
    </testcase>
    <testcase name="Traversal .closest() - get closest ancestor DOM element" time="0.2050" classname=".closest() - get closest ancestor DOM element">
    </testcase>
    <testcase name="Traversal .eq() - get a DOM element at a specific index" time="0.2000" classname=".eq() - get a DOM element at a specific index">
    </testcase>
    <testcase name="Traversal .filter() - get DOM elements that match the selector" time="0.1890" classname=".filter() - get DOM elements that match the selector">
    </testcase>
    <testcase name="Traversal .find() - get descendant DOM elements of the selector" time="0.2310" classname=".find() - get descendant DOM elements of the selector">
    </testcase>
    <testcase name="Traversal .first() - get first DOM element" time="0.1970" classname=".first() - get first DOM element">
    </testcase>
    <testcase name="Traversal .last() - get last DOM element" time="0.2660" classname=".last() - get last DOM element">
    </testcase>
    <testcase name="Traversal .next() - get next sibling DOM element" time="0.2100" classname=".next() - get next sibling DOM element">
    </testcase>
    <testcase name="Traversal .nextAll() - get all next sibling DOM elements" time="0.2020" classname=".nextAll() - get all next sibling DOM elements">
    </testcase>
    <testcase name="Traversal .nextUntil() - get next sibling DOM elements until next el" time="0.1950" classname=".nextUntil() - get next sibling DOM elements until next el">
    </testcase>
    <testcase name="Traversal .not() - remove DOM elements from set of DOM elements" time="0.1950" classname=".not() - remove DOM elements from set of DOM elements">
    </testcase>
    <testcase name="Traversal .parent() - get parent DOM element from DOM elements" time="0.2070" classname=".parent() - get parent DOM element from DOM elements">
    </testcase>
    <testcase name="Traversal .parents() - get parent DOM elements from DOM elements" time="0.1710" classname=".parents() - get parent DOM elements from DOM elements">
    </testcase>
    <testcase name="Traversal .parentsUntil() - get parent DOM elements from DOM elements until el" time="0.1980" classname=".parentsUntil() - get parent DOM elements from DOM elements until el">
    </testcase>
    <testcase name="Traversal .prev() - get previous sibling DOM element" time="0.2100" classname=".prev() - get previous sibling DOM element">
    </testcase>
    <testcase name="Traversal .prevAll() - get all previous sibling DOM elements" time="0.1800" classname=".prevAll() - get all previous sibling DOM elements">
    </testcase>
    <testcase name="Traversal .prevUntil() - get all previous sibling DOM elements until el" time="0.1840" classname=".prevUntil() - get all previous sibling DOM elements until el">
    </testcase>
    <testcase name="Traversal .siblings() - get all sibling DOM elements" time="0.1960" classname=".siblings() - get all sibling DOM elements">
    </testcase>
  </testsuite>
</testsuites>