<?xml version="1.0" encoding="UTF-8"?>
<testsuites name="Mocha Tests" time="3.3650" tests="13" failures="1">
  <testsuite name="Root Suite" timestamp="2020-08-18T05:25:48" tests="0" file="cypress\integration\examples\cypress_api.spec.js" time="0.0000" failures="0">
  </testsuite>
  <testsuite name="Cypress.Commands" timestamp="2020-08-18T05:25:48" tests="1" time="0.5390" failures="0">
    <testcase name="Cypress.Commands .add() - create a custom command" time="0.5390" classname=".add() - create a custom command">
    </testcase>
  </testsuite>
  <testsuite name="Cypress.Cookies" timestamp="2020-08-18T05:25:50" tests="3" time="0.6300" failures="0">
    <testcase name="Cypress.Cookies .debug() - enable or disable debugging" time="0.2380" classname=".debug() - enable or disable debugging">
    </testcase>
    <testcase name="Cypress.Cookies .preserveOnce() - preserve cookies by key" time="0.2260" classname=".preserveOnce() - preserve cookies by key">
    </testcase>
    <testcase name="Cypress.Cookies .defaults() - set defaults for all cookies" time="0.1660" classname=".defaults() - set defaults for all cookies">
    </testcase>
  </testsuite>
  <testsuite name="Cypress.Server" timestamp="2020-08-18T05:25:50" tests="1" time="0.1780" failures="0">
    <testcase name="Cypress.Server .defaults() - change default config of server" time="0.1780" classname=".defaults() - change default config of server">
    </testcase>
  </testsuite>
  <testsuite name="Cypress.arch" timestamp="2020-08-18T05:25:51" tests="1" time="0.2440" failures="0">
    <testcase name="Cypress.arch Get CPU architecture name of underlying OS" time="0.2440" classname="Get CPU architecture name of underlying OS">
    </testcase>
  </testsuite>
  <testsuite name="Cypress.config()" timestamp="2020-08-18T05:25:51" tests="1" time="0.6220" failures="1">
    <testcase name="Cypress.config() Get and set configuration options" time="0.6220" classname="Get and set configuration options">
      <failure message="expected { Object (baseUrl, ignoreTestFiles, ...) } to have property &apos;baseUrl&apos; of null, but got &apos;http://localhost:4200&apos;" type="AssertionError"><![CDATA[AssertionError: expected { Object (baseUrl, ignoreTestFiles, ...) } to have property 'baseUrl' of null, but got 'http://localhost:4200'
    at Context.eval (https://example.cypress.io/__cypress/tests?p=cypress\integration\examples\cypress_api.spec.js:92:34)]]></failure>
    </testcase>
  </testsuite>
  <testsuite name="Cypress.dom" timestamp="2020-08-18T05:25:53" tests="1" time="0.2000" failures="0">
    <testcase name="Cypress.dom .isHidden() - determine if a DOM element is hidden" time="0.2000" classname=".isHidden() - determine if a DOM element is hidden">
    </testcase>
  </testsuite>
  <testsuite name="Cypress.env()" timestamp="2020-08-18T05:25:54" tests="1" time="0.1880" failures="0">
    <testcase name="Cypress.env() Get environment variables" time="0.1880" classname="Get environment variables">
    </testcase>
  </testsuite>
  <testsuite name="Cypress.log" timestamp="2020-08-18T05:25:54" tests="1" time="0.1660" failures="0">
    <testcase name="Cypress.log Control what is printed to the Command Log" time="0.1660" classname="Control what is printed to the Command Log">
    </testcase>
  </testsuite>
  <testsuite name="Cypress.platform" timestamp="2020-08-18T05:25:54" tests="1" time="0.2080" failures="0">
    <testcase name="Cypress.platform Get underlying OS name" time="0.2080" classname="Get underlying OS name">
    </testcase>
  </testsuite>
  <testsuite name="Cypress.version" timestamp="2020-08-18T05:25:54" tests="1" time="0.1820" failures="0">
    <testcase name="Cypress.version Get current version of Cypress being run" time="0.1820" classname="Get current version of Cypress being run">
    </testcase>
  </testsuite>
  <testsuite name="Cypress.spec" timestamp="2020-08-18T05:25:54" tests="1" time="0.2080" failures="0">
    <testcase name="Cypress.spec Get current spec information" time="0.2080" classname="Get current spec information">
    </testcase>
  </testsuite>
</testsuites>