<?xml version="1.0" encoding="UTF-8"?>
<testsuites name="Mocha Tests" time="7.4190" tests="7" failures="0">
  <testsuite name="Root Suite" timestamp="2020-08-18T05:26:20" tests="0" file="cypress\integration\examples\network_requests.spec.js" time="0.0000" failures="0">
  </testsuite>
  <testsuite name="Network Requests" timestamp="2020-08-18T05:26:20" tests="7" time="7.4190" failures="0">
    <testcase name="Network Requests cy.server() - control behavior of network requests and responses" time="0.6120" classname="cy.server() - control behavior of network requests and responses">
    </testcase>
    <testcase name="Network Requests cy.request() - make an XHR request" time="0.9530" classname="cy.request() - make an XHR request">
    </testcase>
    <testcase name="Network Requests cy.request() - verify response using BDD syntax" time="0.8960" classname="cy.request() - verify response using BDD syntax">
    </testcase>
    <testcase name="Network Requests cy.request() with query parameters" time="0.4800" classname="cy.request() with query parameters">
    </testcase>
    <testcase name="Network Requests cy.request() - pass result to the second request" time="0.9370" classname="cy.request() - pass result to the second request">
    </testcase>
    <testcase name="Network Requests cy.request() - save response in the shared test context" time="1.5630" classname="cy.request() - save response in the shared test context">
    </testcase>
    <testcase name="Network Requests cy.route() - route responses to matching requests" time="1.9780" classname="cy.route() - route responses to matching requests">
    </testcase>
  </testsuite>
</testsuites>