<?xml version="1.0" encoding="UTF-8"?>
<testsuites name="Mocha Tests" time="3.2550" tests="6" failures="0">
  <testsuite name="Root Suite" timestamp="2020-08-18T05:26:50" tests="0" file="cypress\integration\examples\utilities.spec.js" time="0.0000" failures="0">
  </testsuite>
  <testsuite name="Utilities" timestamp="2020-08-18T05:26:50" tests="6" time="3.2550" failures="0">
    <testcase name="Utilities Cypress._ - call a lodash method" time="0.9110" classname="Cypress._ - call a lodash method">
    </testcase>
    <testcase name="Utilities Cypress.$ - call a jQuery method" time="0.3010" classname="Cypress.$ - call a jQuery method">
    </testcase>
    <testcase name="Utilities Cypress.Blob - blob utilities and base64 string conversion" time="0.5120" classname="Cypress.Blob - blob utilities and base64 string conversion">
    </testcase>
    <testcase name="Utilities Cypress.minimatch - test out glob patterns against strings" time="0.1640" classname="Cypress.minimatch - test out glob patterns against strings">
    </testcase>
    <testcase name="Utilities Cypress.moment() - format or parse dates using a moment method" time="0.2050" classname="Cypress.moment() - format or parse dates using a moment method">
    </testcase>
    <testcase name="Utilities Cypress.Promise - instantiate a bluebird promise" time="1.1620" classname="Cypress.Promise - instantiate a bluebird promise">
    </testcase>
  </testsuite>
</testsuites>