<?xml version="1.0" encoding="UTF-8"?>
<testsuites name="Mocha Tests" time="0.7890" tests="3" failures="0">
  <testsuite name="Root Suite" timestamp="2020-09-03T16:00:02" tests="0" file="cypress/integration/examples/location.spec.js" time="0.0000" failures="0">
  </testsuite>
  <testsuite name="Location" timestamp="2020-09-03T16:00:02" tests="3" time="0.7890" failures="0">
    <testcase name="Location cy.hash() - get the current URL hash" time="0.4300" classname="cy.hash() - get the current URL hash">
    </testcase>
    <testcase name="Location cy.location() - get window.location" time="0.1700" classname="cy.location() - get window.location">
    </testcase>
    <testcase name="Location cy.url() - get the current URL" time="0.1890" classname="cy.url() - get the current URL">
    </testcase>
  </testsuite>
</testsuites>