<?xml version="1.0" encoding="UTF-8"?>
<testsuites name="Mocha Tests" time="6.0160" tests="3" failures="0">
  <testsuite name="Root Suite" timestamp="2020-09-03T16:01:11" tests="0" file="cypress/integration/train/test.spec.js" time="0.0000" failures="0">
  </testsuite>
  <testsuite name="Example suite" timestamp="2020-09-03T16:01:11" tests="3" time="6.0160" failures="0">
    <testcase name="Example suite first test" time="2.8520" classname="first test">
    </testcase>
    <testcase name="Example suite second test" time="1.5580" classname="second test">
    </testcase>
    <testcase name="Example suite third test" time="1.6060" classname="third test">
    </testcase>
  </testsuite>
</testsuites>