<?xml version="1.0" encoding="UTF-8"?>
<testsuites name="Mocha Tests" time="2.0100" tests="4" failures="0">
  <testsuite name="Root Suite" timestamp="2020-08-18T05:25:57" tests="0" file="cypress\integration\examples\files.spec.js" time="0.0000" failures="0">
  </testsuite>
  <testsuite name="Files" timestamp="2020-08-18T05:25:57" tests="4" time="2.0100" failures="0">
    <testcase name="Files cy.fixture() - load a fixture" time="1.0020" classname="cy.fixture() - load a fixture">
    </testcase>
    <testcase name="Files cy.fixture() or require - load a fixture" time="0.1850" classname="cy.fixture() or require - load a fixture">
    </testcase>
    <testcase name="Files cy.readFile() - read file contents" time="0.1930" classname="cy.readFile() - read file contents">
    </testcase>
    <testcase name="Files cy.writeFile() - write to a file" time="0.6300" classname="cy.writeFile() - write to a file">
    </testcase>
  </testsuite>
</testsuites>